--------------- Build Started: 04/16/2024 09:55:29 Project: SamplingCircuit, Configuration: ARM GCC 5.4-2016-q2-update Debug ---------------
cydsfit.exe -.appdatapath "C:\Users\tardi\AppData\Local\Cypress Semiconductor\PSoC Creator\4.4" -.fdsnotice -.fdswarpdepfile=warp_dependencies.txt -.fdselabdepfile=elab_dependencies.txt -.fdsbldfile=generated_files.txt -.fdsreffile=referenced_files.txt -p C:\Users\tardi\Desktop\ES10-Drowning\PSoCSampler\SamplingCircuit.cydsn\SamplingCircuit.cyprj -d CY8C5888LTI-LP097 -s C:\Users\tardi\Desktop\ES10-Drowning\PSoCSampler\SamplingCircuit.cydsn\Generated_Source\PSoC5 -- -yv2 -q10 -ygs -o2 -v3 -.fftcfgtype=LE
Elaborating Design...
HDL Generation...
Synthesis...
Tech Mapping...
ADD: pft.M0040: information: The following 4 pin(s) will be assigned a location by the fitter: \USBUART:Dm(0)\, \USBUART:Dp(0)\, SCLK(0), SDAT(0)
Analog Placement...
Log: apr.M0058: The analog placement iterative improvement is 61% done. (App=cydsfit)
Analog Routing...
Analog Code Generation...
Digital Placement...
Digital Routing...
Bitstream Generation...
Bitstream Verification...
Static timing analysis...
API Generation...
Dependency Generation...
Cleanup...
--------------- Build Succeeded: 04/16/2024 09:55:46 ---------------
