Loading plugins phase: Elapsed time ==> 0s.112ms
<CYPRESSTAG name="CyDsfit arguments...">
cydsfit arguments: -.fdsnotice -.fdswarpdepfile=warp_dependencies.txt -.fdselabdepfile=elab_dependencies.txt -.fdsbldfile=generated_files.txt -.fdsreffile=referenced_files.txt -p C:\Users\tardi\Desktop\ES10-Drowning\PSoCSampler\SamplingCircuit.cydsn\SamplingCircuit.cyprj -d CY8C5888LTI-LP097 -s C:\Users\tardi\Desktop\ES10-Drowning\PSoCSampler\SamplingCircuit.cydsn\Generated_Source\PSoC5 -- -yv2 -q10 -ygs -o2 -v3 -.fftcfgtype=LE
</CYPRESSTAG>
<CYPRESSTAG name="Design elaboration results...">
</CYPRESSTAG>
Elaboration phase: Elapsed time ==> 1s.418ms
<CYPRESSTAG name="HDL generation results...">
</CYPRESSTAG>
HDL generation phase: Elapsed time ==> 0s.031ms
<CYPRESSTAG name="Synthesis results...">

     | | | | | | |
   _________________
  -|               |-
  -|               |-
  -|               |-
  -|    CYPRESS    |-
  -|               |-
  -|               |-   Warp Verilog Synthesis Compiler: Version 6.3 IR 41
  -|               |-   Copyright (C) 1991-2001 Cypress Semiconductor
   |_______________|
     | | | | | | |

======================================================================
Compiling:  SamplingCircuit.v
Program  :   C:\Program Files (x86)\Cypress\PSoC Creator\4.4\PSoC Creator\warp\bin\warp.exe
Options  :    -yv2 -q10 -ygs -o2 -v3 -.fftcfgtype=LE -ya -.fftprj=C:\Users\tardi\Desktop\ES10-Drowning\PSoCSampler\SamplingCircuit.cydsn\SamplingCircuit.cyprj -dcpsoc3 SamplingCircuit.v -verilog
======================================================================

======================================================================
Compiling:  SamplingCircuit.v
Program  :   C:\Program Files (x86)\Cypress\PSoC Creator\4.4\PSoC Creator\warp\bin\warp.exe
Options  :    -yv2 -q10 -ygs -o2 -v3 -.fftcfgtype=LE -ya -.fftprj=C:\Users\tardi\Desktop\ES10-Drowning\PSoCSampler\SamplingCircuit.cydsn\SamplingCircuit.cyprj -dcpsoc3 SamplingCircuit.v -verilog
======================================================================

======================================================================
Compiling:  SamplingCircuit.v
Program  :   vlogfe
Options  :    -yv2 -q10 -ygs -o2 -v3 -.fftcfgtype=LE -ya -.fftprj=C:\Users\tardi\Desktop\ES10-Drowning\PSoCSampler\SamplingCircuit.cydsn\SamplingCircuit.cyprj -dcpsoc3 -verilog SamplingCircuit.v
======================================================================

vlogfe V6.3 IR 41:  Verilog parser
Fri Apr 05 08:34:57 2024


======================================================================
Compiling:  SamplingCircuit.v
Program  :   vpp
Options  :    -yv2 -q10 SamplingCircuit.v
======================================================================

vpp V6.3 IR 41:  Verilog Pre-Processor
Fri Apr 05 08:34:57 2024

Flattening file 'C:\Program Files (x86)\Cypress\PSoC Creator\4.4\PSoC Creator\psoc\content\CyComponentLibrary\CyComponentLibrary.cylib\bI2S_v2_70\bI2S_v2_70.v'
Flattening file 'C:\Program Files (x86)\Cypress\PSoC Creator\4.4\PSoC Creator\warp\lib\common\cypress.v'
Flattening file 'C:\Program Files (x86)\Cypress\PSoC Creator\4.4\PSoC Creator\warp\lib\common\cy_psoc3_inc.v'
Flattening file 'C:\Program Files (x86)\Cypress\PSoC Creator\4.4\PSoC Creator\psoc\content\CyPrimitives\cyprimitives.cylib\ZeroTerminal\ZeroTerminal.v'
Flattening file 'C:\Program Files (x86)\Cypress\PSoC Creator\4.4\PSoC Creator\psoc\content\CyPrimitives\cyprimitives.cylib\cy_analog_virtualmux_v1_0\cy_analog_virtualmux_v1_0.v'
Flattening file 'C:\Program Files (x86)\Cypress\PSoC Creator\4.4\PSoC Creator\psoc\content\CyPrimitives\cyprimitives.cylib\cy_vref_v1_70\cy_vref_v1_70.v'
Flattening file 'C:\Program Files (x86)\Cypress\PSoC Creator\4.4\PSoC Creator\psoc\content\CyPrimitives\cyprimitives.cylib\cy_virtualmux_v1_0\cy_virtualmux_v1_0.v'

vpp:  No errors.

Library 'work' => directory 'lcpsoc3'
General_symbol_table
General_symbol_table
Linking 'C:\Program Files (x86)\Cypress\PSoC Creator\4.4\PSoC Creator\warp\lib\common\std.vhd'.
Linking 'C:\Program Files (x86)\Cypress\PSoC Creator\4.4\PSoC Creator\warp\lib\common\cypress.vhd'.
Linking 'C:\Program Files (x86)\Cypress\PSoC Creator\4.4\PSoC Creator\warp\lib\common\work\cypress.vif'.
Linking 'C:\Program Files (x86)\Cypress\PSoC Creator\4.4\PSoC Creator\warp\lib\ieee\work\stdlogic.vif'.
Linking 'C:\Program Files (x86)\Cypress\PSoC Creator\4.4\PSoC Creator\warp\lib\common\stdlogic\lpmpkg.vif'.
Linking 'C:\Program Files (x86)\Cypress\PSoC Creator\4.4\PSoC Creator\warp\lib\common\stdlogic\rtlpkg.vif'.
Linking 'C:\Program Files (x86)\Cypress\PSoC Creator\4.4\PSoC Creator\warp\lib\common\stdlogic\mod_cnst.vif'.
Linking 'C:\Program Files (x86)\Cypress\PSoC Creator\4.4\PSoC Creator\warp\lib\common\stdlogic\mod_mthv.vif'.
Linking 'C:\Program Files (x86)\Cypress\PSoC Creator\4.4\PSoC Creator\warp\lib\common\stdlogic\mod_genv.vif'.
Using control file 'SamplingCircuit.ctl'.
C:\Program Files (x86)\Cypress\PSoC Creator\4.4\PSoC Creator\psoc\content\CyComponentLibrary\CyComponentLibrary.cylib\bI2S_v2_70\bI2S_v2_70.v (line 387, col 104):  Note: Substituting module 'cmp_vv_vv' for '>'.
C:\Program Files (x86)\Cypress\PSoC Creator\4.4\PSoC Creator\psoc\content\CyComponentLibrary\CyComponentLibrary.cylib\bI2S_v2_70\bI2S_v2_70.v (line 389, col 118):  Note: Substituting module 'cmp_vv_vv' for '>'.
C:\Program Files (x86)\Cypress\PSoC Creator\4.4\PSoC Creator\psoc\content\CyComponentLibrary\CyComponentLibrary.cylib\bI2S_v2_70\bI2S_v2_70.v (line 391, col 105):  Note: Substituting module 'cmp_vv_vv' for '>'.
C:\Program Files (x86)\Cypress\PSoC Creator\4.4\PSoC Creator\psoc\content\CyComponentLibrary\CyComponentLibrary.cylib\bI2S_v2_70\bI2S_v2_70.v (line 412, col 63):  Note: Substituting module 'cmp_vv_vv' for '<='.
C:\Program Files (x86)\Cypress\PSoC Creator\4.4\PSoC Creator\psoc\content\CyComponentLibrary\CyComponentLibrary.cylib\bI2S_v2_70\bI2S_v2_70.v (line 412, col 90):  Note: Substituting module 'cmp_vv_vv' for '>='.
C:\Program Files (x86)\Cypress\PSoC Creator\4.4\PSoC Creator\psoc\content\CyComponentLibrary\CyComponentLibrary.cylib\bI2S_v2_70\bI2S_v2_70.v (line 413, col 63):  Note: Substituting module 'cmp_vv_vv' for '<='.
C:\Program Files (x86)\Cypress\PSoC Creator\4.4\PSoC Creator\psoc\content\CyComponentLibrary\CyComponentLibrary.cylib\bI2S_v2_70\bI2S_v2_70.v (line 413, col 90):  Note: Substituting module 'cmp_vv_vv' for '>='.
C:\Program Files (x86)\Cypress\PSoC Creator\4.4\PSoC Creator\psoc\content\CyComponentLibrary\CyComponentLibrary.cylib\bI2S_v2_70\bI2S_v2_70.v (line 414, col 39):  Note: Substituting module 'cmp_vv_vv' for '<='.
C:\Program Files (x86)\Cypress\PSoC Creator\4.4\PSoC Creator\psoc\content\CyComponentLibrary\CyComponentLibrary.cylib\bI2S_v2_70\bI2S_v2_70.v (line 414, col 66):  Note: Substituting module 'cmp_vv_vv' for '>='.
C:\Program Files (x86)\Cypress\PSoC Creator\4.4\PSoC Creator\psoc\content\CyComponentLibrary\CyComponentLibrary.cylib\bI2S_v2_70\bI2S_v2_70.v (line 415, col 63):  Note: Substituting module 'cmp_vv_vv' for '<='.
C:\Program Files (x86)\Cypress\PSoC Creator\4.4\PSoC Creator\psoc\content\CyComponentLibrary\CyComponentLibrary.cylib\bI2S_v2_70\bI2S_v2_70.v (line 415, col 90):  Note: Substituting module 'cmp_vv_vv' for '>='.
Linking 'C:\Program Files (x86)\Cypress\PSoC Creator\4.4\PSoC Creator\warp\lib\common\stdlogic\cy_psoc3pkg.vif'.
Linking 'C:\Program Files (x86)\Cypress\PSoC Creator\4.4\PSoC Creator\warp\lib\common\stdlogic\cy_psoc3.vif'.

vlogfe:  No errors.


======================================================================
Compiling:  SamplingCircuit.v
Program  :   tovif
Options  :    -yv2 -q10 -ygs -o2 -v3 -.fftcfgtype=LE -ya -.fftprj=C:\Users\tardi\Desktop\ES10-Drowning\PSoCSampler\SamplingCircuit.cydsn\SamplingCircuit.cyprj -dcpsoc3 -verilog SamplingCircuit.v
======================================================================

tovif V6.3 IR 41:  High-level synthesis
Fri Apr 05 08:34:57 2024

Linking 'C:\Program Files (x86)\Cypress\PSoC Creator\4.4\PSoC Creator\warp\lib\common\std.vhd'.
Linking 'C:\Program Files (x86)\Cypress\PSoC Creator\4.4\PSoC Creator\warp\lib\common\cypress.vhd'.
Linking 'C:\Program Files (x86)\Cypress\PSoC Creator\4.4\PSoC Creator\warp\lib\common\work\cypress.vif'.
Linking 'C:\Program Files (x86)\Cypress\PSoC Creator\4.4\PSoC Creator\warp\lib\ieee\work\stdlogic.vif'.
Linking 'C:\Program Files (x86)\Cypress\PSoC Creator\4.4\PSoC Creator\warp\lib\common\stdlogic\lpmpkg.vif'.
Linking 'C:\Program Files (x86)\Cypress\PSoC Creator\4.4\PSoC Creator\warp\lib\common\stdlogic\rtlpkg.vif'.
Linking 'C:\Program Files (x86)\Cypress\PSoC Creator\4.4\PSoC Creator\warp\lib\common\stdlogic\mod_cnst.vif'.
Linking 'C:\Program Files (x86)\Cypress\PSoC Creator\4.4\PSoC Creator\warp\lib\common\stdlogic\mod_mthv.vif'.
Linking 'C:\Program Files (x86)\Cypress\PSoC Creator\4.4\PSoC Creator\warp\lib\common\stdlogic\mod_genv.vif'.
Linking 'C:\Users\tardi\Desktop\ES10-Drowning\PSoCSampler\SamplingCircuit.cydsn\codegentemp\SamplingCircuit.ctl'.
Linking 'C:\Program Files (x86)\Cypress\PSoC Creator\4.4\PSoC Creator\psoc\content\CyComponentLibrary\CyComponentLibrary.cylib\bI2S_v2_70\bI2S_v2_70.v'.
Linking 'C:\Program Files (x86)\Cypress\PSoC Creator\4.4\PSoC Creator\warp\lib\common\cypress.v'.
Linking 'C:\Program Files (x86)\Cypress\PSoC Creator\4.4\PSoC Creator\warp\lib\common\cy_psoc3_inc.v'.
Linking 'C:\Users\tardi\Desktop\ES10-Drowning\PSoCSampler\SamplingCircuit.cydsn\codegentemp\SamplingCircuit.v'.
Linking 'C:\Program Files (x86)\Cypress\PSoC Creator\4.4\PSoC Creator\psoc\content\CyPrimitives\cyprimitives.cylib\ZeroTerminal\ZeroTerminal.v'.
Linking 'C:\Program Files (x86)\Cypress\PSoC Creator\4.4\PSoC Creator\psoc\content\CyPrimitives\cyprimitives.cylib\cy_analog_virtualmux_v1_0\cy_analog_virtualmux_v1_0.v'.
Linking 'C:\Program Files (x86)\Cypress\PSoC Creator\4.4\PSoC Creator\psoc\content\CyPrimitives\cyprimitives.cylib\cy_vref_v1_70\cy_vref_v1_70.v'.
Linking 'C:\Program Files (x86)\Cypress\PSoC Creator\4.4\PSoC Creator\psoc\content\CyPrimitives\cyprimitives.cylib\cy_virtualmux_v1_0\cy_virtualmux_v1_0.v'.
Linking 'C:\Program Files (x86)\Cypress\PSoC Creator\4.4\PSoC Creator\warp\lib\common\stdlogic\cy_psoc3pkg.vif'.
Linking 'C:\Program Files (x86)\Cypress\PSoC Creator\4.4\PSoC Creator\warp\lib\common\stdlogic\cy_psoc3.vif'.

tovif:  No errors.


======================================================================
Compiling:  SamplingCircuit.v
Program  :   topld
Options  :    -yv2 -q10 -ygs -o2 -v3 -.fftcfgtype=LE -ya -.fftprj=C:\Users\tardi\Desktop\ES10-Drowning\PSoCSampler\SamplingCircuit.cydsn\SamplingCircuit.cyprj -dcpsoc3 -verilog SamplingCircuit.v
======================================================================

topld V6.3 IR 41:  Synthesis and optimization
Fri Apr 05 08:34:57 2024

Linking 'C:\Program Files (x86)\Cypress\PSoC Creator\4.4\PSoC Creator\warp\lib\common\std.vhd'.
Linking 'C:\Program Files (x86)\Cypress\PSoC Creator\4.4\PSoC Creator\warp\lib\common\cypress.vhd'.
Linking 'C:\Program Files (x86)\Cypress\PSoC Creator\4.4\PSoC Creator\warp\lib\common\work\cypress.vif'.
Linking 'C:\Program Files (x86)\Cypress\PSoC Creator\4.4\PSoC Creator\warp\lib\ieee\work\stdlogic.vif'.
Linking 'C:\Program Files (x86)\Cypress\PSoC Creator\4.4\PSoC Creator\warp\lib\common\stdlogic\lpmpkg.vif'.
Linking 'C:\Program Files (x86)\Cypress\PSoC Creator\4.4\PSoC Creator\warp\lib\common\stdlogic\rtlpkg.vif'.
Linking 'C:\Program Files (x86)\Cypress\PSoC Creator\4.4\PSoC Creator\warp\lib\common\stdlogic\mod_cnst.vif'.
Linking 'C:\Program Files (x86)\Cypress\PSoC Creator\4.4\PSoC Creator\warp\lib\common\stdlogic\mod_mthv.vif'.
Linking 'C:\Program Files (x86)\Cypress\PSoC Creator\4.4\PSoC Creator\warp\lib\common\stdlogic\mod_genv.vif'.
Linking 'C:\Users\tardi\Desktop\ES10-Drowning\PSoCSampler\SamplingCircuit.cydsn\codegentemp\SamplingCircuit.ctl'.
Linking 'C:\Program Files (x86)\Cypress\PSoC Creator\4.4\PSoC Creator\psoc\content\CyComponentLibrary\CyComponentLibrary.cylib\bI2S_v2_70\bI2S_v2_70.v'.
Linking 'C:\Program Files (x86)\Cypress\PSoC Creator\4.4\PSoC Creator\warp\lib\common\cypress.v'.
Linking 'C:\Program Files (x86)\Cypress\PSoC Creator\4.4\PSoC Creator\warp\lib\common\cy_psoc3_inc.v'.
Linking 'C:\Users\tardi\Desktop\ES10-Drowning\PSoCSampler\SamplingCircuit.cydsn\codegentemp\SamplingCircuit.v'.
Linking 'C:\Program Files (x86)\Cypress\PSoC Creator\4.4\PSoC Creator\psoc\content\CyPrimitives\cyprimitives.cylib\ZeroTerminal\ZeroTerminal.v'.
Linking 'C:\Program Files (x86)\Cypress\PSoC Creator\4.4\PSoC Creator\psoc\content\CyPrimitives\cyprimitives.cylib\cy_analog_virtualmux_v1_0\cy_analog_virtualmux_v1_0.v'.
Linking 'C:\Program Files (x86)\Cypress\PSoC Creator\4.4\PSoC Creator\psoc\content\CyPrimitives\cyprimitives.cylib\cy_vref_v1_70\cy_vref_v1_70.v'.
Linking 'C:\Program Files (x86)\Cypress\PSoC Creator\4.4\PSoC Creator\psoc\content\CyPrimitives\cyprimitives.cylib\cy_virtualmux_v1_0\cy_virtualmux_v1_0.v'.
Linking 'C:\Program Files (x86)\Cypress\PSoC Creator\4.4\PSoC Creator\warp\lib\common\stdlogic\cy_psoc3pkg.vif'.
Linking 'C:\Program Files (x86)\Cypress\PSoC Creator\4.4\PSoC Creator\warp\lib\common\stdlogic\cy_psoc3.vif'.
Linking 'C:\Program Files (x86)\Cypress\PSoC Creator\4.4\PSoC Creator\warp\lib\lcpsoc3\stdlogic\cpsoc3.vif'.

----------------------------------------------------------
Detecting unused logic.
----------------------------------------------------------
    User names
	\I2S:bI2S:dyn_data_width_1\
	\I2S:bI2S:dyn_data_width_0\
	\I2S:bI2S:tx_lch_active\
	\I2S:bI2S:tx_rch_active\
	\I2S:bI2S:tx_stereo_data\
	\I2S:bI2S:rx_stereo_data\
	\I2S:bI2S:tx_lch_load_3\
	\I2S:bI2S:tx_lch_load_2\
	\I2S:bI2S:tx_lch_load_1\
	\I2S:bI2S:tx_lch_load_0\
	\I2S:bI2S:tx_rch_load_3\
	\I2S:bI2S:tx_rch_load_2\
	\I2S:bI2S:tx_rch_load_1\
	\I2S:bI2S:tx_rch_load_0\
	\I2S:bI2S:data_trunc\
	Net_17
	\I2S:rx_drq1_0\
	\I2S:clip_4\
	\I2S:clip_3\
	\I2S:clip_2\
	\I2S:clip_1\
	Net_13_0
	\I2S:rx_dma0_4\
	\I2S:rx_dma0_3\
	\I2S:rx_dma0_2\
	\I2S:rx_dma0_1\
	\I2S:rx_dma1_4\
	\I2S:rx_dma1_3\
	\I2S:rx_dma1_2\
	\I2S:rx_dma1_1\
	Net_16_0
	\I2S:rx_line_4\
	\I2S:rx_line_3\
	\I2S:rx_line_2\
	\I2S:rx_line_1\
	\I2S:sdo_4\
	\I2S:sdo_3\
	\I2S:sdo_2\
	\I2S:sdo_1\
	Net_18_0
	\I2S:tx_dma0_4\
	\I2S:tx_dma0_3\
	\I2S:tx_dma0_2\
	\I2S:tx_dma0_1\
	Net_19_0
	\I2S:tx_dma1_4\
	\I2S:tx_dma1_3\
	\I2S:tx_dma1_2\
	\I2S:tx_dma1_1\
	Net_20_0
	\USBUART:dma_complete_0\
	\USBUART:Net_1922\
	\USBUART:dma_complete_1\
	\USBUART:Net_1921\
	\USBUART:dma_complete_2\
	\USBUART:Net_1920\
	\USBUART:dma_complete_3\
	\USBUART:Net_1919\
	\USBUART:dma_complete_4\
	\USBUART:Net_1918\
	\USBUART:dma_complete_5\
	\USBUART:Net_1917\
	\USBUART:dma_complete_6\
	\USBUART:Net_1916\
	\USBUART:dma_complete_7\
	\USBUART:Net_1915\


Deleted 66 User equations/components.
Deleted 0 Synthesized equations/components.

------------------------------------------------------
Alias Detection
------------------------------------------------------
Aliasing \I2S:bI2S:rx_lch_active\ to one
Aliasing \I2S:bI2S:rx_rch_active\ to zero
Aliasing \I2S:bI2S:data_width_8\ to one
Aliasing \I2S:bI2S:data_width_16\ to one
Aliasing \I2S:bI2S:data_width_24\ to one
Aliasing \I2S:bI2S:data_width_32\ to one
Aliasing \I2S:bI2S:Rx:STS[0]:status_2\ to zero
Aliasing \I2S:bI2S:Rx:STS[0]:status_5\ to zero
Aliasing \I2S:bI2S:Rx:STS[0]:status_4\ to zero
Aliasing \I2S:bI2S:Rx:STS[0]:status_3\ to zero
Aliasing \I2S:rx_drq0_0\ to \I2S:bI2S:Rx:STS[0]:status_1\
Aliasing tmpOE__I2S_SDI_net_0 to one
Aliasing \I2S_3v3:Net_37\ to zero
Aliasing \I2S_3v3:Net_40\ to zero
Aliasing \I2S_3v3:Net_38\ to zero
Aliasing \I2S_3v3:Net_39\ to zero
Aliasing tmpOE__Pin_3v3_net_0 to one
Aliasing tmpOE__I2S_CLK_net_1 to one
Aliasing tmpOE__I2S_CLK_net_0 to one
Aliasing \USBUART:tmpOE__Dm_net_0\ to one
Aliasing \USBUART:tmpOE__Dp_net_0\ to one
Aliasing \I2S:bI2S:rx_f1_load\\D\ to zero
Removing Lhs of wire \I2S:bI2S:ctrl_2\[14] = \I2S:bI2S:ctrl_reg_out_2\[11]
Removing Lhs of wire \I2S:bI2S:enable\[17] = \I2S:bI2S:ctrl_reg_out_2\[11]
Removing Rhs of wire Net_73[28] = \I2S:bI2S:count_0\[26]
Removing Rhs of wire Net_74[29] = \I2S:bI2S:channel\[27]
Removing Lhs of wire \I2S:bI2S:rx_lch_active\[33] = one[2]
Removing Lhs of wire \I2S:bI2S:rx_rch_active\[34] = zero[5]
Removing Lhs of wire \I2S:bI2S:data_width_8\[36] = one[2]
Removing Lhs of wire \I2S:bI2S:data_width_16\[37] = one[2]
Removing Lhs of wire \I2S:bI2S:data_width_24\[38] = one[2]
Removing Lhs of wire \I2S:bI2S:data_width_32\[39] = one[2]
Removing Lhs of wire \I2S:bI2S:rx_lch_load_3\[48] = one[2]
Removing Lhs of wire \I2S:bI2S:rx_lch_load_2\[49] = one[2]
Removing Lhs of wire \I2S:bI2S:rx_lch_load_1\[50] = one[2]
Removing Lhs of wire \I2S:bI2S:rx_lch_load_0\[51] = one[2]
Removing Lhs of wire \I2S:bI2S:ctrl_1\[57] = \I2S:bI2S:ctrl_reg_out_1\[12]
Removing Lhs of wire \I2S:bI2S:Rx:STS[0]:status_0\[66] = \I2S:bI2S:rx_overflow_0\[64]
Removing Lhs of wire \I2S:bI2S:Rx:STS[0]:status_1\[67] = \I2S:bI2S:rx_f0_n_empty_0\[68]
Removing Lhs of wire \I2S:bI2S:Rx:STS[0]:status_2\[69] = zero[5]
Removing Lhs of wire \I2S:bI2S:Rx:STS[0]:status_5\[70] = zero[5]
Removing Lhs of wire \I2S:bI2S:Rx:STS[0]:status_4\[71] = zero[5]
Removing Lhs of wire \I2S:bI2S:Rx:STS[0]:status_3\[72] = zero[5]
Removing Rhs of wire \I2S:rx_drq0_0\[78] = \I2S:bI2S:rx_f0_n_empty_0\[68]
Removing Lhs of wire \I2S:rx_line_0\[82] = Net_7[145]
Removing Rhs of wire Net_26_0[131] = \I2S:rx_drq0_0\[78]
Removing Lhs of wire tmpOE__I2S_SDI_net_0[177] = one[2]
Removing Lhs of wire \I2S_3v3:Net_37\[187] = zero[5]
Removing Lhs of wire \I2S_3v3:Net_40\[188] = zero[5]
Removing Lhs of wire \I2S_3v3:Net_38\[189] = zero[5]
Removing Lhs of wire \I2S_3v3:Net_39\[190] = zero[5]
Removing Lhs of wire tmpOE__Pin_3v3_net_0[199] = one[2]
Removing Lhs of wire tmpOE__I2S_CLK_net_1[206] = one[2]
Removing Lhs of wire tmpOE__I2S_CLK_net_0[207] = one[2]
Removing Lhs of wire \USBUART:tmpOE__Dm_net_0\[216] = one[2]
Removing Lhs of wire \USBUART:tmpOE__Dp_net_0\[223] = one[2]
Removing Lhs of wire \I2S:bI2S:rx_f1_load\\D\[280] = zero[5]
Removing Lhs of wire \I2S:bI2S:rx_int_reg\\D\[283] = \I2S:bI2S:rx_int_out_0\[74]

------------------------------------------------------
Aliased 0 equations, 36 wires.
------------------------------------------------------

----------------------------------------------------------
Circuit simplification
----------------------------------------------------------

Substituting virtuals - pass 1:

Note:  Expanding virtual equation for 'one' (cost = 0):
one <=  ('1') ;

Note:  Expanding virtual equation for 'zero' (cost = 0):
zero <=  ('0') ;

Note:  Expanding virtual equation for '\I2S:bI2S:rx_rch_load_3\' (cost = 0):
\I2S:bI2S:rx_rch_load_3\ <=  ('0') ;

Note:  Expanding virtual equation for '\I2S:bI2S:rx_rch_load_2\' (cost = 0):
\I2S:bI2S:rx_rch_load_2\ <=  ('0') ;

Note:  Expanding virtual equation for '\I2S:bI2S:rx_rch_load_1\' (cost = 0):
\I2S:bI2S:rx_rch_load_1\ <=  ('0') ;

Note:  Expanding virtual equation for '\I2S:bI2S:rx_rch_load_0\' (cost = 0):
\I2S:bI2S:rx_rch_load_0\ <=  ('0') ;

Note:  Expanding virtual equation for '\I2S:bI2S:rx_overflow_0\' (cost = 1):
\I2S:bI2S:rx_overflow_0\ <= ((\I2S:bI2S:rx_f0_load\ and \I2S:bI2S:rx_f0_full_0\));


Substituting virtuals - pass 2:


----------------------------------------------------------
Circuit simplification results:

	Expanded 7 signals.
	Turned 0 signals into soft nodes.
	Maximum default expansion cost was set at 3.
----------------------------------------------------------

------------------------------------------------------
Alias Detection
------------------------------------------------------

------------------------------------------------------
Aliased 0 equations, 0 wires.
------------------------------------------------------

Last attempt to remove unused logic - pass 1:


Last attempt to remove unused logic - pass 2:


topld:  No errors.

CYPRESS_DIR    : C:\Program Files (x86)\Cypress\PSoC Creator\4.4\PSoC Creator\warp
Warp Program   : C:\Program Files (x86)\Cypress\PSoC Creator\4.4\PSoC Creator\warp\bin\warp.exe
Warp Arguments : -yv2 -q10 -ygs -o2 -v3 -.fftcfgtype=LE -ya -.fftprj=C:\Users\tardi\Desktop\ES10-Drowning\PSoCSampler\SamplingCircuit.cydsn\SamplingCircuit.cyprj -dcpsoc3 SamplingCircuit.v -verilog
</CYPRESSTAG>
Warp synthesis phase: Elapsed time ==> 0s.349ms
<CYPRESSTAG name="Fitter results...">
<CYPRESSTAG name="Fitter startup details...">
cyp3fit: V4.4.0.80, Family: PSoC3, Started at: Friday, 05 April 2024 08:34:57
Options: -yv2 -q10 -ygs -o2 -v3 -.fftcfgtype=LE -ya -.fftprj=C:\Users\tardi\Desktop\ES10-Drowning\PSoCSampler\SamplingCircuit.cydsn\SamplingCircuit.cyprj -d CY8C5888LTI-LP097 SamplingCircuit.v -verilog
</CYPRESSTAG>
<CYPRESSTAG name="Design parsing">
Design parsing phase: Elapsed time ==> 0s.020ms
</CYPRESSTAG>
<CYPRESSTAG name="Tech Mapping">
<CYPRESSTAG name="Initial Mapping" icon="FILE_RPT_TECHM">
    Converted constant MacroCell: \I2S:bI2S:rx_f1_load\ from registered to combinatorial
<CYPRESSTAG name="Global Clock Selection" icon="FILE_RPT_TECHM">
    Digital Clock 0: Automatic-assigning  clock 'Clock_1'. Fanout=1, Signal=Net_14
</CYPRESSTAG>

Removing unused cells resulting from optimization
Done removing unused cells.
<CYPRESSTAG name="UDB Clock/Enable Remapping Results">
    UDB Clk/Enable \I2S:bI2S:ClkSync\: with output requested to be synchronous
        ClockIn: Clock_1 was determined to be a global clock that is synchronous to BUS_CLK
        EnableIn: Constant 1 was determined to be synchronous to ClockIn
        ClockOut: Clock_1, EnableOut: Constant 1
</CYPRESSTAG>
ADD: pft.M0040: information: The following 2 pin(s) will be assigned a location by the fitter: \USBUART:Dm(0)\, \USBUART:Dp(0)\


Removing unused cells resulting from optimization
Done removing unused cells.
<CYPRESSTAG name="Duplicate Macrocell detection">
</CYPRESSTAG>
</CYPRESSTAG>
<CYPRESSTAG name="Duplicate Macrocell detection">
</CYPRESSTAG>
<CYPRESSTAG name="Design Equations" icon="FILE_RPT_EQUATION">

------------------------------------------------------------
Design Equations
------------------------------------------------------------
    <CYPRESSTAG name="Pin listing">

    ------------------------------------------------------------
    Pin listing
    ------------------------------------------------------------

    Pin : Name = I2S_SDI(0)
        Attributes:
            In Group/Port: True
            In Sync Option: NOSYNC
            Out Sync Option: AUTO
            Interrupt generated: False
            Interrupt mode: NONE
            Drive mode: HI_Z_DIGITAL
            VTrip: CMOS
            Slew: FAST
            Input Sync needed: False
            Output Sync needed: False
            SC shield enabled: False
            POR State: ANY
            LCD Mode: COMMON
            Register Mode: RegComb
            CaSense Mode: NEITHER
            Treat as pin: True
            Is OE Registered: False
            Uses Analog: False
            Can contain Digital: True
            Is SIO: False
            SIO Output Buf: NONREGULATED
            SIO Input Buf: SINGLE_ENDED
            SIO HiFreq: LOW
            SIO Hyst: DISABLED
            SIO Vtrip: MULTIPLIER_0_5
            SIO Multiplier Index: 0
            SIO RefSel: VCC_IO
            Required Capabilities: DIGITAL, ROUTABLE
            Initial Value: 0
            IO Voltage: 0
        PORT MAP (
            pa_out => I2S_SDI(0)__PA ,
            fb => Net_7 ,
            pad => I2S_SDI(0)_PAD );
        Properties:
        {
        }

    Pin : Name = Pin_3v3(0)
        Attributes:
            In Group/Port: True
            In Sync Option: AUTO
            Out Sync Option: AUTO
            Interrupt generated: False
            Interrupt mode: NONE
            Drive mode: HI_Z_ANALOG
            VTrip: EITHER
            Slew: FAST
            Input Sync needed: False
            Output Sync needed: False
            SC shield enabled: False
            POR State: ANY
            LCD Mode: COMMON
            Register Mode: RegComb
            CaSense Mode: NEITHER
            Treat as pin: True
            Is OE Registered: False
            Uses Analog: True
            Can contain Digital: False
            Is SIO: False
            SIO Output Buf: NONREGULATED
            SIO Input Buf: SINGLE_ENDED
            SIO HiFreq: LOW
            SIO Hyst: DISABLED
            SIO Vtrip: MULTIPLIER_0_5
            SIO Multiplier Index: 0
            SIO RefSel: VCC_IO
            Required Capabilities: ANALOG
            Initial Value: 0
            IO Voltage: 0
        PORT MAP (
            pa_out => Pin_3v3(0)__PA ,
            analog_term => Net_76 ,
            pad => Pin_3v3(0)_PAD );
        Properties:
        {
        }

    Pin : Name = I2S_CLK(0)
        Attributes:
            Alias: SCK
            In Group/Port: True
            In Sync Option: AUTO
            Out Sync Option: NOSYNC
            Interrupt generated: False
            Interrupt mode: NONE
            Drive mode: CMOS_OUT
            VTrip: EITHER
            Slew: FAST
            Input Sync needed: False
            Output Sync needed: False
            SC shield enabled: False
            POR State: ANY
            LCD Mode: COMMON
            Register Mode: RegComb
            CaSense Mode: NEITHER
            Treat as pin: False
            Is OE Registered: False
            Uses Analog: False
            Can contain Digital: True
            Is SIO: True
            SIO Output Buf: REGULATED
            SIO Input Buf: SINGLE_ENDED
            SIO HiFreq: HIGH
            SIO Hyst: ENABLED
            SIO Vtrip: MULTIPLIER_0_4_OR_1
            SIO Multiplier Index: 0
            SIO RefSel: VOHREF
            Required Capabilities: DIGITAL, ROUTABLE, SIO
            Initial Value: 1
            IO Voltage: 0
        PORT MAP (
            pa_out => I2S_CLK(0)__PA ,
            pin_input => Net_73 ,
            pad => I2S_CLK(0)_PAD );
        Properties:
        {
        }

    Pin : Name = I2S_CLK(1)
        Attributes:
            Alias: WS
            In Group/Port: True
            In Sync Option: AUTO
            Out Sync Option: NOSYNC
            Interrupt generated: False
            Interrupt mode: NONE
            Drive mode: CMOS_OUT
            VTrip: EITHER
            Slew: FAST
            Input Sync needed: False
            Output Sync needed: False
            SC shield enabled: False
            POR State: ANY
            LCD Mode: COMMON
            Register Mode: RegComb
            CaSense Mode: NEITHER
            Treat as pin: False
            Is OE Registered: False
            Uses Analog: False
            Can contain Digital: True
            Is SIO: True
            SIO Output Buf: REGULATED
            SIO Input Buf: SINGLE_ENDED
            SIO HiFreq: HIGH
            SIO Hyst: ENABLED
            SIO Vtrip: MULTIPLIER_0_4_OR_1
            SIO Multiplier Index: 0
            SIO RefSel: VOHREF
            Required Capabilities: DIGITAL, ROUTABLE, SIO
            Initial Value: 1
            IO Voltage: 0
        PORT MAP (
            pa_out => I2S_CLK(1)__PA ,
            pin_input => Net_74 ,
            pad => I2S_CLK(1)_PAD );
        Properties:
        {
        }

    Pin : Name = \USBUART:Dm(0)\
        Attributes:
            In Group/Port: True
            In Sync Option: AUTO
            Out Sync Option: AUTO
            Interrupt generated: False
            Interrupt mode: NONE
            Drive mode: HI_Z_ANALOG
            VTrip: EITHER
            Slew: FAST
            Input Sync needed: False
            Output Sync needed: False
            SC shield enabled: False
            POR State: ANY
            LCD Mode: COMMON
            Register Mode: RegComb
            CaSense Mode: NEITHER
            Treat as pin: True
            Is OE Registered: False
            Uses Analog: True
            Can contain Digital: False
            Is SIO: False
            SIO Output Buf: NONREGULATED
            SIO Input Buf: SINGLE_ENDED
            SIO HiFreq: LOW
            SIO Hyst: DISABLED
            SIO Vtrip: MULTIPLIER_0_5
            SIO Multiplier Index: 0
            SIO RefSel: VCC_IO
            Required Capabilities: USB_D_MINUS
            Initial Value: 0
            IO Voltage: 0
        PORT MAP (
            pa_out => \USBUART:Dm(0)\__PA ,
            analog_term => \USBUART:Net_597\ ,
            pad => \USBUART:Dm(0)_PAD\ );

    Pin : Name = \USBUART:Dp(0)\
        Attributes:
            In Group/Port: True
            In Sync Option: SYNC
            Out Sync Option: AUTO
            Interrupt generated: True
            Interrupt mode: FALLING
            Drive mode: HI_Z_ANALOG
            VTrip: CMOS
            Slew: FAST
            Input Sync needed: True
            Output Sync needed: False
            SC shield enabled: False
            POR State: ANY
            LCD Mode: COMMON
            Register Mode: RegComb
            CaSense Mode: NEITHER
            Treat as pin: False
            Is OE Registered: False
            Uses Analog: True
            Can contain Digital: True
            Is SIO: False
            SIO Output Buf: NONREGULATED
            SIO Input Buf: SINGLE_ENDED
            SIO HiFreq: LOW
            SIO Hyst: DISABLED
            SIO Vtrip: MULTIPLIER_0_5
            SIO Multiplier Index: 0
            SIO RefSel: VCC_IO
            Required Capabilities: USB_D_PLUS
            Initial Value: 1
            IO Voltage: 0
        PORT MAP (
            pa_out => \USBUART:Dp(0)\__PA ,
            analog_term => \USBUART:Net_1000\ ,
            pad => \USBUART:Dp(0)_PAD\ );
    </CYPRESSTAG>
    <CYPRESSTAG name="Macrocell listing" icon="FILE_RPT_EQUATION">

    ------------------------------------------------------------
    Macrocell listing
    ------------------------------------------------------------

    MacroCell: Name=\I2S:bI2S:rx_overflow_0\, Mode=(Combinatorial)
        Total # of inputs        : 2
        Total # of product terms : 1
            Clock Enable: True
        Main Equation            : 1 pterm
        (
              \I2S:bI2S:rx_f0_load\ * \I2S:bI2S:rx_f0_full_0\
        );
        Output = \I2S:bI2S:rx_overflow_0\ (fanout=1)

    MacroCell: Name=\I2S:bI2S:reset\, Mode=(D-Register)
        Total # of inputs        : 1
        Total # of product terms : 1
        List of special equations: 
            Clock  = (Net_14) => Global
            Clock Enable: True
        Main Equation            : 1 pterm
        (
              !\I2S:bI2S:ctrl_reg_out_2\
        );
        Output = \I2S:bI2S:reset\ (fanout=1)

    MacroCell: Name=Net_74, Mode=(D-Register)
        Total # of inputs        : 2
        Total # of product terms : 1
        List of special equations: 
            Clock  = (Net_14) => Global
            Clock Enable: True
        Main Equation            : 1 pterm
        (
              !\I2S:bI2S:reset\ * !\I2S:bI2S:count_6\
        );
        Output = Net_74 (fanout=1)

    MacroCell: Name=\I2S:bI2S:rx_f0_load\, Mode=(D-Register)
        Total # of inputs        : 3
        Total # of product terms : 2
        List of special equations: 
            Clock  = (Net_14) => Global
            Clock Enable: True
        Main Equation            : 2 pterms
        (
              \I2S:bI2S:rx_state_2\ * !\I2S:bI2S:rx_state_1\ * 
              \I2S:bI2S:rx_state_0\
            + \I2S:bI2S:rx_state_1\ * !\I2S:bI2S:rx_state_0\
        );
        Output = \I2S:bI2S:rx_f0_load\ (fanout=3)

    MacroCell: Name=\I2S:bI2S:rx_state_2\, Mode=(D-Register)
        Total # of inputs        : 4
        Total # of product terms : 1
        List of special equations: 
            Clock  = (Net_14) => Global
            Clock Enable: True
        Main Equation            : 1 pterm
        (
              \I2S:bI2S:rx_state_2\ * !\I2S:bI2S:rx_state_1\ * 
              \I2S:bI2S:rx_state_0\ * \I2S:bI2S:rxenable\
        );
        Output = \I2S:bI2S:rx_state_2\ (fanout=5)

    MacroCell: Name=\I2S:bI2S:rx_state_1\, Mode=(D-Register)
        Total # of inputs        : 10
        Total # of product terms : 4
        List of special equations: 
            Clock  = (Net_14) => Global
            Clock Enable: True
        Main Equation            : 4 pterms
        (
              !\I2S:bI2S:count_6\ * \I2S:bI2S:count_5\ * \I2S:bI2S:count_4\ * 
              \I2S:bI2S:count_3\ * \I2S:bI2S:count_2\ * !\I2S:bI2S:count_1\ * 
              !\I2S:bI2S:rx_state_2\ * !\I2S:bI2S:rx_state_1\ * 
              !\I2S:bI2S:rx_state_0\ * \I2S:bI2S:rxenable\
            + \I2S:bI2S:count_6\ * !\I2S:bI2S:count_5\ * \I2S:bI2S:count_3\ * 
              \I2S:bI2S:count_2\ * !\I2S:bI2S:count_1\ * 
              !\I2S:bI2S:rx_state_2\ * !\I2S:bI2S:rx_state_1\ * 
              !\I2S:bI2S:rx_state_0\ * \I2S:bI2S:rxenable\
            + \I2S:bI2S:count_6\ * !\I2S:bI2S:count_4\ * \I2S:bI2S:count_3\ * 
              \I2S:bI2S:count_2\ * !\I2S:bI2S:count_1\ * 
              !\I2S:bI2S:rx_state_2\ * !\I2S:bI2S:rx_state_1\ * 
              !\I2S:bI2S:rx_state_0\ * \I2S:bI2S:rxenable\
            + \I2S:bI2S:rx_state_2\ * !\I2S:bI2S:rx_state_1\ * 
              \I2S:bI2S:rx_state_0\ * \I2S:bI2S:rxenable\
        );
        Output = \I2S:bI2S:rx_state_1\ (fanout=5)

    MacroCell: Name=\I2S:bI2S:rx_state_0\, Mode=(D-Register)
        Total # of inputs        : 10
        Total # of product terms : 6
        List of special equations: 
            Clock  = (Net_14) => Global
            Clock Enable: True
        Main Equation            : 6 pterms
        !(
              !\I2S:bI2S:count_6\ * \I2S:bI2S:count_5\ * \I2S:bI2S:count_4\ * 
              \I2S:bI2S:count_3\ * \I2S:bI2S:count_2\ * !\I2S:bI2S:count_1\ * 
              !\I2S:bI2S:rx_state_2\ * \I2S:bI2S:rxenable\
            + \I2S:bI2S:count_6\ * !\I2S:bI2S:count_5\ * \I2S:bI2S:count_3\ * 
              \I2S:bI2S:count_2\ * !\I2S:bI2S:count_1\ * 
              !\I2S:bI2S:rx_state_2\ * \I2S:bI2S:rxenable\
            + \I2S:bI2S:count_6\ * !\I2S:bI2S:count_4\ * \I2S:bI2S:count_3\ * 
              \I2S:bI2S:count_2\ * !\I2S:bI2S:count_1\ * 
              !\I2S:bI2S:rx_state_2\ * \I2S:bI2S:rxenable\
            + !\I2S:bI2S:rx_state_2\ * \I2S:bI2S:rx_state_1\ * 
              \I2S:bI2S:rxenable\
            + \I2S:bI2S:rx_state_2\ * !\I2S:bI2S:rx_state_1\ * 
              \I2S:bI2S:rxenable\
            + \I2S:bI2S:rx_state_0\ * \I2S:bI2S:rxenable\
        );
        Output = \I2S:bI2S:rx_state_0\ (fanout=5)

    MacroCell: Name=\I2S:bI2S:rx_overflow_sticky\, Mode=(D-Register)
        Total # of inputs        : 4
        Total # of product terms : 2
        List of special equations: 
            Clock  = (Net_14) => Global
            Clock Enable: True
        Main Equation            : 2 pterms
        (
              \I2S:bI2S:ctrl_reg_out_1\ * \I2S:bI2S:rx_f0_load\ * 
              \I2S:bI2S:rx_f0_full_0\
            + \I2S:bI2S:ctrl_reg_out_1\ * \I2S:bI2S:rx_overflow_sticky\
        );
        Output = \I2S:bI2S:rx_overflow_sticky\ (fanout=2)

    MacroCell: Name=\I2S:bI2S:rxenable\, Mode=(D-Register)
        Total # of inputs        : 11
        Total # of product terms : 8
        List of special equations: 
            Clock  = (Net_14) => Global
            Clock Enable: True
        Main Equation            : 8 pterms
        (
              \I2S:bI2S:ctrl_reg_out_2\ * !\I2S:bI2S:count_6\ * 
              !\I2S:bI2S:rx_overflow_sticky\ * \I2S:bI2S:rxenable\
            + \I2S:bI2S:ctrl_reg_out_2\ * !\I2S:bI2S:count_5\ * 
              !\I2S:bI2S:rx_overflow_sticky\ * \I2S:bI2S:rxenable\
            + \I2S:bI2S:ctrl_reg_out_2\ * !\I2S:bI2S:count_4\ * 
              !\I2S:bI2S:rx_overflow_sticky\ * \I2S:bI2S:rxenable\
            + \I2S:bI2S:ctrl_reg_out_2\ * !\I2S:bI2S:count_3\ * 
              !\I2S:bI2S:rx_overflow_sticky\ * \I2S:bI2S:rxenable\
            + \I2S:bI2S:ctrl_reg_out_2\ * !\I2S:bI2S:count_2\ * 
              !\I2S:bI2S:rx_overflow_sticky\ * \I2S:bI2S:rxenable\
            + \I2S:bI2S:ctrl_reg_out_2\ * \I2S:bI2S:count_1\ * 
              !\I2S:bI2S:rx_overflow_sticky\ * \I2S:bI2S:rxenable\
            + \I2S:bI2S:ctrl_reg_out_1\ * \I2S:bI2S:count_6\ * 
              \I2S:bI2S:count_5\ * \I2S:bI2S:count_4\ * \I2S:bI2S:count_3\ * 
              \I2S:bI2S:count_2\ * !\I2S:bI2S:count_1\ * Net_73 * 
              !\I2S:bI2S:rx_overflow_sticky\
            + \I2S:bI2S:count_6\ * \I2S:bI2S:count_5\ * \I2S:bI2S:count_4\ * 
              \I2S:bI2S:count_3\ * \I2S:bI2S:count_2\ * !\I2S:bI2S:count_1\ * 
              !Net_73 * !\I2S:bI2S:rx_overflow_sticky\ * \I2S:bI2S:rxenable\
        );
        Output = \I2S:bI2S:rxenable\ (fanout=4)

    MacroCell: Name=\I2S:bI2S:rx_data_in_0\, Mode=(D-Register)
        Total # of inputs        : 3
        Total # of product terms : 2
        List of special equations: 
            Clock  = (Net_14) => Global
            Clock Enable: True
        Main Equation            : 2 pterms
        (
              !Net_73 * Net_7
            + Net_73 * \I2S:bI2S:rx_data_in_0\
        );
        Output = \I2S:bI2S:rx_data_in_0\ (fanout=2)
    </CYPRESSTAG>
    <CYPRESSTAG name="Datapath listing">

    ------------------------------------------------------------
    Datapath listing
    ------------------------------------------------------------

    datapathcell: Name =\I2S:bI2S:Rx:CH[0]:dpRx:u0\
        PORT MAP (
            clock => Net_14 ,
            cs_addr_2 => \I2S:bI2S:rx_state_2\ ,
            cs_addr_1 => \I2S:bI2S:rx_state_1\ ,
            cs_addr_0 => \I2S:bI2S:rx_state_0\ ,
            route_si => \I2S:bI2S:rx_data_in_0\ ,
            f0_load => \I2S:bI2S:rx_f0_load\ ,
            f0_bus_stat_comb => Net_26_0 ,
            f0_blk_stat_comb => \I2S:bI2S:rx_f0_full_0\ );
        Properties:
        {
            a0_init = "00000000"
            a1_init = "00000000"
            ce0_sync = 1
            ce1_sync = 1
            cl0_sync = 1
            cl1_sync = 1
            cmsb_sync = 1
            co_msb_sync = 1
            cy_dpconfig = "0000000000000000000000010100000000000001010000000000000101010000000000010100000000010000011100000001000001000000000000000000000011111111000000001111111111111111001000000000001000000101000000000000000000000100"
            d0_init = "00000000"
            d1_init = "00000000"
            f0_blk_sync = 1
            f0_bus_sync = 1
            f1_blk_sync = 1
            f1_bus_sync = 1
            ff0_sync = 1
            ff1_sync = 1
            ov_msb_sync = 1
            so_sync = 1
            z0_sync = 1
            z1_sync = 1
        }
        Clock Polarity: Active High
        Clock Enable: True
    </CYPRESSTAG>
    <CYPRESSTAG name="Status register listing">
    </CYPRESSTAG>
    <CYPRESSTAG name="StatusI register listing">

    ------------------------------------------------------------
    StatusI register listing
    ------------------------------------------------------------

    statusicell: Name =\I2S:bI2S:Rx:STS[0]:Sts\
        PORT MAP (
            clock => Net_14 ,
            status_1 => Net_26_0 ,
            status_0 => \I2S:bI2S:rx_overflow_0\ ,
            interrupt => \I2S:bI2S:rx_int_out_0\ );
        Properties:
        {
            cy_force_order = 1
            cy_int_mask = "0000000"
            cy_md_select = "0000001"
        }
        Clock Polarity: Active High
        Clock Enable: True
    </CYPRESSTAG>
    <CYPRESSTAG name="Sync listing">
    </CYPRESSTAG>
    <CYPRESSTAG name="Control register listing">

    ------------------------------------------------------------
    Control register listing
    ------------------------------------------------------------

    controlcell: Name =\I2S:bI2S:CtlReg\
        PORT MAP (
            clock => Net_14 ,
            control_7 => \I2S:bI2S:ctrl_reg_out_7\ ,
            control_6 => \I2S:bI2S:ctrl_reg_out_6\ ,
            control_5 => \I2S:bI2S:ctrl_reg_out_5\ ,
            control_4 => \I2S:bI2S:ctrl_reg_out_4\ ,
            control_3 => \I2S:bI2S:ctrl_reg_out_3\ ,
            control_2 => \I2S:bI2S:ctrl_reg_out_2\ ,
            control_1 => \I2S:bI2S:ctrl_reg_out_1\ ,
            control_0 => \I2S:bI2S:ctrl_reg_out_0\ );
        Properties:
        {
            cy_ctrl_mode_0 = "00011111"
            cy_ctrl_mode_1 = "00000000"
            cy_ext_reset = 0
            cy_force_order = 1
            cy_init_value = "00000000"
        }
        Clock Polarity: Active High
        Clock Enable: True
    </CYPRESSTAG>
    <CYPRESSTAG name="Count7 listing">

    ------------------------------------------------------------
    Count7 listing
    ------------------------------------------------------------

    count7cell: Name =\I2S:bI2S:BitCounter\
        PORT MAP (
            clock => Net_14 ,
            enable => \I2S:bI2S:ctrl_reg_out_2\ ,
            count_6 => \I2S:bI2S:count_6\ ,
            count_5 => \I2S:bI2S:count_5\ ,
            count_4 => \I2S:bI2S:count_4\ ,
            count_3 => \I2S:bI2S:count_3\ ,
            count_2 => \I2S:bI2S:count_2\ ,
            count_1 => \I2S:bI2S:count_1\ ,
            count_0 => Net_73 );
        Properties:
        {
            cy_alt_mode = 0
            cy_init_value = "0000000"
            cy_period = "1111111"
            cy_route_en = 1
            cy_route_ld = 0
        }
        Clock Polarity: Active High
        Clock Enable: True
    </CYPRESSTAG>
    <CYPRESSTAG name="DRQ listing">

    ------------------------------------------------------------
    DRQ listing
    ------------------------------------------------------------

    drqcell: Name =I2S_DMA
        PORT MAP (
            dmareq => Net_26_0 ,
            termin => zero ,
            termout => Net_27 );
        Properties:
        {
            drq_type = "01"
            num_tds = 0
        }
    </CYPRESSTAG>
    <CYPRESSTAG name="Interrupt listing">

    ------------------------------------------------------------
    Interrupt listing
    ------------------------------------------------------------

    interrupt: Name =\USBUART:dp_int\
        PORT MAP (
            interrupt => \USBUART:Net_1010\ );
        Properties:
        {
            int_type = "10"
            is_nmi = 0
        }

    interrupt: Name =\USBUART:ep_3\
        PORT MAP (
            interrupt => \USBUART:ep_int_3\ );
        Properties:
        {
            int_type = "10"
            is_nmi = 0
        }

    interrupt: Name =\USBUART:ep_2\
        PORT MAP (
            interrupt => \USBUART:ep_int_2\ );
        Properties:
        {
            int_type = "10"
            is_nmi = 0
        }

    interrupt: Name =\USBUART:ep_1\
        PORT MAP (
            interrupt => \USBUART:ep_int_1\ );
        Properties:
        {
            int_type = "10"
            is_nmi = 0
        }

    interrupt: Name =\USBUART:ep_0\
        PORT MAP (
            interrupt => \USBUART:ep_int_0\ );
        Properties:
        {
            int_type = "10"
            is_nmi = 0
        }

    interrupt: Name =\USBUART:bus_reset\
        PORT MAP (
            interrupt => \USBUART:Net_1876\ );
        Properties:
        {
            int_type = "10"
            is_nmi = 0
        }

    interrupt: Name =\USBUART:arb_int\
        PORT MAP (
            interrupt => \USBUART:Net_1889\ );
        Properties:
        {
            int_type = "10"
            is_nmi = 0
        }

    interrupt: Name =\USBUART:sof_int\
        PORT MAP (
            interrupt => Net_84 );
        Properties:
        {
            int_type = "10"
            is_nmi = 0
        }
    </CYPRESSTAG>
</CYPRESSTAG>
<CYPRESSTAG name="Technology mapping summary" expanded>

------------------------------------------------------------
Technology mapping summary
------------------------------------------------------------

Resource Type                 : Used : Free :  Max :  % Used
============================================================
Digital Clocks                :    1 :    7 :    8 : 12.50 %
Analog Clocks                 :    0 :    4 :    4 :  0.00 %
CapSense Buffers              :    0 :    2 :    2 :  0.00 %
Digital Filter Block          :    0 :    1 :    1 :  0.00 %
Interrupts                    :    8 :   24 :   32 : 25.00 %
IO                            :    9 :   39 :   48 : 18.75 %
Segment LCD                   :    0 :    1 :    1 :  0.00 %
CAN 2.0b                      :    0 :    1 :    1 :  0.00 %
I2C                           :    0 :    1 :    1 :  0.00 %
USB                           :    1 :    0 :    1 : 100.00 %
DMA Channels                  :    1 :   23 :   24 :  4.17 %
Timer                         :    0 :    4 :    4 :  0.00 %
UDB                           :      :      :      :        
  Macrocells                  :   10 :  182 :  192 :  5.21 %
  Unique P-terms              :   27 :  357 :  384 :  7.03 %
  Total P-terms               :   28 :      :      :        
  Datapath Cells              :    1 :   23 :   24 :  4.17 %
  Status Cells                :    2 :   22 :   24 :  8.33 %
    StatusI Registers         :    1 :      :      :        
    Routed Count7 Load/Enable :    1 :      :      :        
  Control Cells               :    2 :   22 :   24 :  8.33 %
    Control Registers         :    1 :      :      :        
    Count7 Cells              :    1 :      :      :        
Opamp                         :    0 :    4 :    4 :  0.00 %
Comparator                    :    0 :    4 :    4 :  0.00 %
Delta-Sigma ADC               :    0 :    1 :    1 :  0.00 %
LPF                           :    0 :    2 :    2 :  0.00 %
SAR ADC                       :    0 :    2 :    2 :  0.00 %
Analog (SC/CT) Blocks         :    1 :    3 :    4 : 25.00 %
DAC                           :      :      :      :        
  VIDAC                       :    0 :    4 :    4 :  0.00 %
</CYPRESSTAG>
Technology Mapping: Elapsed time ==> 0s.060ms
Tech Mapping phase: Elapsed time ==> 0s.105ms
</CYPRESSTAG>
<CYPRESSTAG name="Analog Placement">
Initial Analog Placement Results:
[IOP=(12)][IoId=(2)] : I2S_CLK(0) (fixed)
IO_3@[IOP=(12)][IoId=(3)] : I2S_CLK(1) (fixed)
IO_2@[IOP=(12)][IoId=(2)] : I2S_CLK_SIOREF_0 (fixed)
IO_4@[IOP=(12)][IoId=(4)] : I2S_SDI(0) (fixed)
IO_2@[IOP=(0)][IoId=(2)] : Pin_3v3(0) (fixed)
IO_7@[IOP=(15)][IoId=(7)] : \USBUART:Dm(0)\ (fixed)
IO_6@[IOP=(15)][IoId=(6)] : \USBUART:Dp(0)\ (fixed)
SC[2]@[FFB(SC,2)] : \I2S_3v3:SC\
USB[0]@[FFB(USB,0)] : \USBUART:USB\
Vref[3]@[FFB(Vref,3)] : vRef_1
Vref[1]@[FFB(Vref,1)] : vRef_2
Log: apr.M0058: The analog placement iterative improvement is 61% done. (App=cydsfit)
Analog Placement Results:
[IOP=(12)][IoId=(2)] : I2S_CLK(0) (fixed)
IO_3@[IOP=(12)][IoId=(3)] : I2S_CLK(1) (fixed)
IO_2@[IOP=(12)][IoId=(2)] : I2S_CLK_SIOREF_0 (fixed)
IO_4@[IOP=(12)][IoId=(4)] : I2S_SDI(0) (fixed)
IO_2@[IOP=(0)][IoId=(2)] : Pin_3v3(0) (fixed)
IO_7@[IOP=(15)][IoId=(7)] : \USBUART:Dm(0)\ (fixed)
IO_6@[IOP=(15)][IoId=(6)] : \USBUART:Dp(0)\ (fixed)
SC[0]@[FFB(SC,0)] : \I2S_3v3:SC\
USB[0]@[FFB(USB,0)] : \USBUART:USB\
Vref[3]@[FFB(Vref,3)] : vRef_1
Vref[1]@[FFB(Vref,1)] : vRef_2

Analog Placement phase: Elapsed time ==> 0s.502ms
</CYPRESSTAG>
<CYPRESSTAG name="Analog Routing">
Net "Net_2633" overuses wire "1.024v_vref Wire"
Net "Net_1916" overuses wire "1.024v_vref Wire"
Analog Routing phase: Elapsed time ==> 0s.003ms
</CYPRESSTAG>
<CYPRESSTAG name="Analog Code Generation">
============ Analog Final Answer Routes ============
Dump of CyAnalogRoutingResultsDB
Map of net to items {
  Net: Net_76 {
    sc_0_vout
    agl5_x_sc_0_vout
    agl5
    agl5_x_dsm_0_vplus
    dsm_0_vplus
    agl6_x_dsm_0_vplus
    agl6
    agl6_x_p0_2
    p0_2
    agl5_x_sio_p12_23
    sio_p12_23
  }
  Net: Net_2633 {
    common_vref_1024
    sc_0_bgref
    sc_0_bgref_x_sc_0_vref
    sc_0_vref
  }
  Net: Net_1916 {
    common_Vdda/2
    common_Vdda/2_x_comp_vref_vdda
    comp_vref_vdda
    abusl0_x_comp_vref_vdda
    abusl0
    abusl0_x_sc_0_vin
    sc_0_vin
  }
}
Map of item to net {
  sc_0_vout                                        -> Net_76
  agl5_x_sc_0_vout                                 -> Net_76
  agl5                                             -> Net_76
  agl5_x_dsm_0_vplus                               -> Net_76
  dsm_0_vplus                                      -> Net_76
  agl6_x_dsm_0_vplus                               -> Net_76
  agl6                                             -> Net_76
  agl6_x_p0_2                                      -> Net_76
  p0_2                                             -> Net_76
  agl5_x_sio_p12_23                                -> Net_76
  sio_p12_23                                       -> Net_76
  common_vref_1024                                 -> Net_2633
  sc_0_bgref                                       -> Net_2633
  sc_0_bgref_x_sc_0_vref                           -> Net_2633
  sc_0_vref                                        -> Net_2633
  common_Vdda/2                                    -> Net_1916
  common_Vdda/2_x_comp_vref_vdda                   -> Net_1916
  comp_vref_vdda                                   -> Net_1916
  abusl0_x_comp_vref_vdda                          -> Net_1916
  abusl0                                           -> Net_1916
  abusl0_x_sc_0_vin                                -> Net_1916
  sc_0_vin                                         -> Net_1916
}
Mux Info {
}
Dump of CyP35AnalogRoutingResultsDB
IsVddaHalfUsedForComp = True
IsVddaHalfUsedForSar0 = False
IsVddaHalfUsedForSar1 = False
Analog Code Generation phase: Elapsed time ==> 0s.170ms
</CYPRESSTAG>
<CYPRESSTAG name="Digital Placement">
<CYPRESSTAG name="Detailed placement messages">
I2076: Total run-time: 0.4 sec.

</CYPRESSTAG>
<CYPRESSTAG name="PLD Packing">
<CYPRESSTAG name="PLD Packing Summary" expanded>

------------------------------------------------------------
PLD Packing Summary
------------------------------------------------------------
            Resource Type : Used : Free :  Max :  % Used
    ====================================================
                     PLDs :    5 :   43 :   48 :  10.42%

<CYPRESSTAG name="PLD Statistics">

        PLD Resource Type :     Average/LAB
    =======================================
                   Inputs :            8.40
                   Pterms :            5.40
               Macrocells :            2.00
</CYPRESSTAG>
<CYPRESSTAG name="Packed PLD Contents">
Packed PLD Contents not displayed at this verbose level.</CYPRESSTAG>
</CYPRESSTAG>
PLD Packing: Elapsed time ==> 0s.002ms
</CYPRESSTAG>
<CYPRESSTAG name="Partitioning">
<CYPRESSTAG name="Initial Partitioning Summary">
Initial Partitioning Summary not displayed at this verbose level.</CYPRESSTAG>
<CYPRESSTAG name="Final Partitioning Summary">
Final Partitioning Summary not displayed at this verbose level.</CYPRESSTAG>
Partitioning: Elapsed time ==> 0s.004ms
</CYPRESSTAG>
<CYPRESSTAG name="Final Placement Summary">

------------------------------------------------------------
Final Placement Summary
------------------------------------------------------------

       Resource Type :      Count : Avg Inputs : Avg Outputs
    ========================================================
                 UDB :          3 :      11.67 :       3.33
<CYPRESSTAG name="Final Placement Details">
<CYPRESSTAG name="Component Details">

------------------------------------------------------------
Component Placement Details
------------------------------------------------------------
UDB [UDB=(0,0)] is empty.
UDB [UDB=(0,1)] is empty.
UDB [UDB=(0,2)] is empty.
UDB [UDB=(0,3)] is empty.
UDB [UDB=(0,4)] is empty.
UDB [UDB=(0,5)] is empty.
UDB [UDB=(1,0)] is empty.
UDB [UDB=(1,1)] is empty.
UDB [UDB=(1,2)] is empty.
UDB [UDB=(1,3)] is empty.
UDB [UDB=(1,4)] is empty.
UDB [UDB=(1,5)] is empty.
UDB [UDB=(2,0)] is empty.
UDB [UDB=(2,1)] is empty.
UDB [UDB=(2,2)] is empty.
UDB [UDB=(2,3)] contents:
LAB@[UDB=(2,3)][LB=0] #macrocells=1, #inputs=11, #pterms=8
{
    [McSlotId=0]:     MacroCell: Name=\I2S:bI2S:rxenable\, Mode=(D-Register) @ [UDB=(2,3)][LB=0][MC=0]
        Total # of inputs        : 11
        Total # of product terms : 8
        List of special equations: 
            Clock  = (Net_14) => Global
            Clock Enable: True
        Main Equation            : 8 pterms
        (
              \I2S:bI2S:ctrl_reg_out_2\ * !\I2S:bI2S:count_6\ * 
              !\I2S:bI2S:rx_overflow_sticky\ * \I2S:bI2S:rxenable\
            + \I2S:bI2S:ctrl_reg_out_2\ * !\I2S:bI2S:count_5\ * 
              !\I2S:bI2S:rx_overflow_sticky\ * \I2S:bI2S:rxenable\
            + \I2S:bI2S:ctrl_reg_out_2\ * !\I2S:bI2S:count_4\ * 
              !\I2S:bI2S:rx_overflow_sticky\ * \I2S:bI2S:rxenable\
            + \I2S:bI2S:ctrl_reg_out_2\ * !\I2S:bI2S:count_3\ * 
              !\I2S:bI2S:rx_overflow_sticky\ * \I2S:bI2S:rxenable\
            + \I2S:bI2S:ctrl_reg_out_2\ * !\I2S:bI2S:count_2\ * 
              !\I2S:bI2S:rx_overflow_sticky\ * \I2S:bI2S:rxenable\
            + \I2S:bI2S:ctrl_reg_out_2\ * \I2S:bI2S:count_1\ * 
              !\I2S:bI2S:rx_overflow_sticky\ * \I2S:bI2S:rxenable\
            + \I2S:bI2S:ctrl_reg_out_1\ * \I2S:bI2S:count_6\ * 
              \I2S:bI2S:count_5\ * \I2S:bI2S:count_4\ * \I2S:bI2S:count_3\ * 
              \I2S:bI2S:count_2\ * !\I2S:bI2S:count_1\ * Net_73 * 
              !\I2S:bI2S:rx_overflow_sticky\
            + \I2S:bI2S:count_6\ * \I2S:bI2S:count_5\ * \I2S:bI2S:count_4\ * 
              \I2S:bI2S:count_3\ * \I2S:bI2S:count_2\ * !\I2S:bI2S:count_1\ * 
              !Net_73 * !\I2S:bI2S:rx_overflow_sticky\ * \I2S:bI2S:rxenable\
        );
        Output = \I2S:bI2S:rxenable\ (fanout=4)
        Properties               : 
        {
        }

    [McSlotId=1]: (empty)
    [McSlotId=2]: (empty)
    [McSlotId=3]: (empty)
}

LAB@[UDB=(2,3)][LB=1] #macrocells=4, #inputs=12, #pterms=7
{
    [McSlotId=0]:     MacroCell: Name=\I2S:bI2S:rx_state_1\, Mode=(D-Register) @ [UDB=(2,3)][LB=1][MC=0]
        Total # of inputs        : 10
        Total # of product terms : 4
        List of special equations: 
            Clock  = (Net_14) => Global
            Clock Enable: True
        Main Equation            : 4 pterms
        (
              !\I2S:bI2S:count_6\ * \I2S:bI2S:count_5\ * \I2S:bI2S:count_4\ * 
              \I2S:bI2S:count_3\ * \I2S:bI2S:count_2\ * !\I2S:bI2S:count_1\ * 
              !\I2S:bI2S:rx_state_2\ * !\I2S:bI2S:rx_state_1\ * 
              !\I2S:bI2S:rx_state_0\ * \I2S:bI2S:rxenable\
            + \I2S:bI2S:count_6\ * !\I2S:bI2S:count_5\ * \I2S:bI2S:count_3\ * 
              \I2S:bI2S:count_2\ * !\I2S:bI2S:count_1\ * 
              !\I2S:bI2S:rx_state_2\ * !\I2S:bI2S:rx_state_1\ * 
              !\I2S:bI2S:rx_state_0\ * \I2S:bI2S:rxenable\
            + \I2S:bI2S:count_6\ * !\I2S:bI2S:count_4\ * \I2S:bI2S:count_3\ * 
              \I2S:bI2S:count_2\ * !\I2S:bI2S:count_1\ * 
              !\I2S:bI2S:rx_state_2\ * !\I2S:bI2S:rx_state_1\ * 
              !\I2S:bI2S:rx_state_0\ * \I2S:bI2S:rxenable\
            + \I2S:bI2S:rx_state_2\ * !\I2S:bI2S:rx_state_1\ * 
              \I2S:bI2S:rx_state_0\ * \I2S:bI2S:rxenable\
        );
        Output = \I2S:bI2S:rx_state_1\ (fanout=5)
        Properties               : 
        {
        }

    [McSlotId=1]:     MacroCell: Name=\I2S:bI2S:rx_state_2\, Mode=(D-Register) @ [UDB=(2,3)][LB=1][MC=1]
        Total # of inputs        : 4
        Total # of product terms : 1
        List of special equations: 
            Clock  = (Net_14) => Global
            Clock Enable: True
        Main Equation            : 1 pterm
        (
              \I2S:bI2S:rx_state_2\ * !\I2S:bI2S:rx_state_1\ * 
              \I2S:bI2S:rx_state_0\ * \I2S:bI2S:rxenable\
        );
        Output = \I2S:bI2S:rx_state_2\ (fanout=5)
        Properties               : 
        {
        }

    [McSlotId=2]:     MacroCell: Name=\I2S:bI2S:rx_f0_load\, Mode=(D-Register) @ [UDB=(2,3)][LB=1][MC=2]
        Total # of inputs        : 3
        Total # of product terms : 2
        List of special equations: 
            Clock  = (Net_14) => Global
            Clock Enable: True
        Main Equation            : 2 pterms
        (
              \I2S:bI2S:rx_state_2\ * !\I2S:bI2S:rx_state_1\ * 
              \I2S:bI2S:rx_state_0\
            + \I2S:bI2S:rx_state_1\ * !\I2S:bI2S:rx_state_0\
        );
        Output = \I2S:bI2S:rx_f0_load\ (fanout=3)
        Properties               : 
        {
        }

    [McSlotId=3]:     MacroCell: Name=\I2S:bI2S:rx_overflow_0\, Mode=(Combinatorial) @ [UDB=(2,3)][LB=1][MC=3]
        Total # of inputs        : 2
        Total # of product terms : 1
            Clock Enable: True
        Main Equation            : 1 pterm
        (
              \I2S:bI2S:rx_f0_load\ * \I2S:bI2S:rx_f0_full_0\
        );
        Output = \I2S:bI2S:rx_overflow_0\ (fanout=1)
        Properties               : 
        {
        }
}

datapathcell: Name =\I2S:bI2S:Rx:CH[0]:dpRx:u0\
    PORT MAP (
        clock => Net_14 ,
        cs_addr_2 => \I2S:bI2S:rx_state_2\ ,
        cs_addr_1 => \I2S:bI2S:rx_state_1\ ,
        cs_addr_0 => \I2S:bI2S:rx_state_0\ ,
        route_si => \I2S:bI2S:rx_data_in_0\ ,
        f0_load => \I2S:bI2S:rx_f0_load\ ,
        f0_bus_stat_comb => Net_26_0 ,
        f0_blk_stat_comb => \I2S:bI2S:rx_f0_full_0\ );
    Properties:
    {
        a0_init = "00000000"
        a1_init = "00000000"
        ce0_sync = 1
        ce1_sync = 1
        cl0_sync = 1
        cl1_sync = 1
        cmsb_sync = 1
        co_msb_sync = 1
        cy_dpconfig = "0000000000000000000000010100000000000001010000000000000101010000000000010100000000010000011100000001000001000000000000000000000011111111000000001111111111111111001000000000001000000101000000000000000000000100"
        d0_init = "00000000"
        d1_init = "00000000"
        f0_blk_sync = 1
        f0_bus_sync = 1
        f1_blk_sync = 1
        f1_bus_sync = 1
        ff0_sync = 1
        ff1_sync = 1
        ov_msb_sync = 1
        so_sync = 1
        z0_sync = 1
        z1_sync = 1
    }
    Clock Polarity: Active High
    Clock Enable: True

count7cell: Name =\I2S:bI2S:BitCounter\
    PORT MAP (
        clock => Net_14 ,
        enable => \I2S:bI2S:ctrl_reg_out_2\ ,
        count_6 => \I2S:bI2S:count_6\ ,
        count_5 => \I2S:bI2S:count_5\ ,
        count_4 => \I2S:bI2S:count_4\ ,
        count_3 => \I2S:bI2S:count_3\ ,
        count_2 => \I2S:bI2S:count_2\ ,
        count_1 => \I2S:bI2S:count_1\ ,
        count_0 => Net_73 );
    Properties:
    {
        cy_alt_mode = 0
        cy_init_value = "0000000"
        cy_period = "1111111"
        cy_route_en = 1
        cy_route_ld = 0
    }
    Clock Polarity: Active High
    Clock Enable: True

UDB [UDB=(2,4)] contents:
LAB@[UDB=(2,4)][LB=0] #macrocells=1, #inputs=3, #pterms=2
{
    [McSlotId=0]:     MacroCell: Name=\I2S:bI2S:rx_data_in_0\, Mode=(D-Register) @ [UDB=(2,4)][LB=0][MC=0]
        Total # of inputs        : 3
        Total # of product terms : 2
        List of special equations: 
            Clock  = (Net_14) => Global
            Clock Enable: True
        Main Equation            : 2 pterms
        (
              !Net_73 * Net_7
            + Net_73 * \I2S:bI2S:rx_data_in_0\
        );
        Output = \I2S:bI2S:rx_data_in_0\ (fanout=2)
        Properties               : 
        {
        }

    [McSlotId=1]: (empty)
    [McSlotId=2]: (empty)
    [McSlotId=3]: (empty)
}

UDB [UDB=(2,5)] is empty.
UDB [UDB=(3,0)] is empty.
UDB [UDB=(3,1)] is empty.
UDB [UDB=(3,2)] is empty.
UDB [UDB=(3,3)] contents:
LAB@[UDB=(3,3)][LB=0] #macrocells=3, #inputs=12, #pterms=8
{
    [McSlotId=0]:     MacroCell: Name=\I2S:bI2S:rx_state_0\, Mode=(D-Register) @ [UDB=(3,3)][LB=0][MC=0]
        Total # of inputs        : 10
        Total # of product terms : 6
        List of special equations: 
            Clock  = (Net_14) => Global
            Clock Enable: True
        Main Equation            : 6 pterms
        !(
              !\I2S:bI2S:count_6\ * \I2S:bI2S:count_5\ * \I2S:bI2S:count_4\ * 
              \I2S:bI2S:count_3\ * \I2S:bI2S:count_2\ * !\I2S:bI2S:count_1\ * 
              !\I2S:bI2S:rx_state_2\ * \I2S:bI2S:rxenable\
            + \I2S:bI2S:count_6\ * !\I2S:bI2S:count_5\ * \I2S:bI2S:count_3\ * 
              \I2S:bI2S:count_2\ * !\I2S:bI2S:count_1\ * 
              !\I2S:bI2S:rx_state_2\ * \I2S:bI2S:rxenable\
            + \I2S:bI2S:count_6\ * !\I2S:bI2S:count_4\ * \I2S:bI2S:count_3\ * 
              \I2S:bI2S:count_2\ * !\I2S:bI2S:count_1\ * 
              !\I2S:bI2S:rx_state_2\ * \I2S:bI2S:rxenable\
            + !\I2S:bI2S:rx_state_2\ * \I2S:bI2S:rx_state_1\ * 
              \I2S:bI2S:rxenable\
            + \I2S:bI2S:rx_state_2\ * !\I2S:bI2S:rx_state_1\ * 
              \I2S:bI2S:rxenable\
            + \I2S:bI2S:rx_state_0\ * \I2S:bI2S:rxenable\
        );
        Output = \I2S:bI2S:rx_state_0\ (fanout=5)
        Properties               : 
        {
        }

    [McSlotId=1]:     MacroCell: Name=Net_74, Mode=(D-Register) @ [UDB=(3,3)][LB=0][MC=1]
        Total # of inputs        : 2
        Total # of product terms : 1
        List of special equations: 
            Clock  = (Net_14) => Global
            Clock Enable: True
        Main Equation            : 1 pterm
        (
              !\I2S:bI2S:reset\ * !\I2S:bI2S:count_6\
        );
        Output = Net_74 (fanout=1)
        Properties               : 
        {
        }

    [McSlotId=2]:     MacroCell: Name=\I2S:bI2S:reset\, Mode=(D-Register) @ [UDB=(3,3)][LB=0][MC=2]
        Total # of inputs        : 1
        Total # of product terms : 1
        List of special equations: 
            Clock  = (Net_14) => Global
            Clock Enable: True
        Main Equation            : 1 pterm
        (
              !\I2S:bI2S:ctrl_reg_out_2\
        );
        Output = \I2S:bI2S:reset\ (fanout=1)
        Properties               : 
        {
        }

    [McSlotId=3]: (empty)
}

LAB@[UDB=(3,3)][LB=1] #macrocells=1, #inputs=4, #pterms=2
{
    [McSlotId=0]:     MacroCell: Name=\I2S:bI2S:rx_overflow_sticky\, Mode=(D-Register) @ [UDB=(3,3)][LB=1][MC=0]
        Total # of inputs        : 4
        Total # of product terms : 2
        List of special equations: 
            Clock  = (Net_14) => Global
            Clock Enable: True
        Main Equation            : 2 pterms
        (
              \I2S:bI2S:ctrl_reg_out_1\ * \I2S:bI2S:rx_f0_load\ * 
              \I2S:bI2S:rx_f0_full_0\
            + \I2S:bI2S:ctrl_reg_out_1\ * \I2S:bI2S:rx_overflow_sticky\
        );
        Output = \I2S:bI2S:rx_overflow_sticky\ (fanout=2)
        Properties               : 
        {
        }

    [McSlotId=1]: (empty)
    [McSlotId=2]: (empty)
    [McSlotId=3]: (empty)
}

statusicell: Name =\I2S:bI2S:Rx:STS[0]:Sts\
    PORT MAP (
        clock => Net_14 ,
        status_1 => Net_26_0 ,
        status_0 => \I2S:bI2S:rx_overflow_0\ ,
        interrupt => \I2S:bI2S:rx_int_out_0\ );
    Properties:
    {
        cy_force_order = 1
        cy_int_mask = "0000000"
        cy_md_select = "0000001"
    }
    Clock Polarity: Active High
    Clock Enable: True

controlcell: Name =\I2S:bI2S:CtlReg\
    PORT MAP (
        clock => Net_14 ,
        control_7 => \I2S:bI2S:ctrl_reg_out_7\ ,
        control_6 => \I2S:bI2S:ctrl_reg_out_6\ ,
        control_5 => \I2S:bI2S:ctrl_reg_out_5\ ,
        control_4 => \I2S:bI2S:ctrl_reg_out_4\ ,
        control_3 => \I2S:bI2S:ctrl_reg_out_3\ ,
        control_2 => \I2S:bI2S:ctrl_reg_out_2\ ,
        control_1 => \I2S:bI2S:ctrl_reg_out_1\ ,
        control_0 => \I2S:bI2S:ctrl_reg_out_0\ );
    Properties:
    {
        cy_ctrl_mode_0 = "00011111"
        cy_ctrl_mode_1 = "00000000"
        cy_ext_reset = 0
        cy_force_order = 1
        cy_init_value = "00000000"
    }
    Clock Polarity: Active High
    Clock Enable: True

UDB [UDB=(3,4)] is empty.
UDB [UDB=(3,5)] is empty.
Intr container @ [IntrContainer=(0)]: 
  Intr@ [IntrContainer=(0)][IntrId=(0)] 
    interrupt: Name =\USBUART:ep_1\
        PORT MAP (
            interrupt => \USBUART:ep_int_1\ );
        Properties:
        {
            int_type = "10"
            is_nmi = 0
        }
  Intr@ [IntrContainer=(0)][IntrId=(1)] 
    interrupt: Name =\USBUART:ep_2\
        PORT MAP (
            interrupt => \USBUART:ep_int_2\ );
        Properties:
        {
            int_type = "10"
            is_nmi = 0
        }
  Intr@ [IntrContainer=(0)][IntrId=(2)] 
    interrupt: Name =\USBUART:ep_3\
        PORT MAP (
            interrupt => \USBUART:ep_int_3\ );
        Properties:
        {
            int_type = "10"
            is_nmi = 0
        }
  Intr@ [IntrContainer=(0)][IntrId=(12)] 
    interrupt: Name =\USBUART:dp_int\
        PORT MAP (
            interrupt => \USBUART:Net_1010\ );
        Properties:
        {
            int_type = "10"
            is_nmi = 0
        }
  Intr@ [IntrContainer=(0)][IntrId=(21)] 
    interrupt: Name =\USBUART:sof_int\
        PORT MAP (
            interrupt => Net_84 );
        Properties:
        {
            int_type = "10"
            is_nmi = 0
        }
  Intr@ [IntrContainer=(0)][IntrId=(22)] 
    interrupt: Name =\USBUART:arb_int\
        PORT MAP (
            interrupt => \USBUART:Net_1889\ );
        Properties:
        {
            int_type = "10"
            is_nmi = 0
        }
  Intr@ [IntrContainer=(0)][IntrId=(23)] 
    interrupt: Name =\USBUART:bus_reset\
        PORT MAP (
            interrupt => \USBUART:Net_1876\ );
        Properties:
        {
            int_type = "10"
            is_nmi = 0
        }
  Intr@ [IntrContainer=(0)][IntrId=(24)] 
    interrupt: Name =\USBUART:ep_0\
        PORT MAP (
            interrupt => \USBUART:ep_int_0\ );
        Properties:
        {
            int_type = "10"
            is_nmi = 0
        }
Drq container @ [DrqContainer=(0)]: 
  Dma@ [DrqContainer=(0)][DrqId=(0)] 
    drqcell: Name =I2S_DMA
        PORT MAP (
            dmareq => Net_26_0 ,
            termin => zero ,
            termout => Net_27 );
        Properties:
        {
            drq_type = "01"
            num_tds = 0
        }
Port 0 contains the following IO cells:
[IoId=2]: 
Pin : Name = Pin_3v3(0)
    Attributes:
        In Group/Port: True
        In Sync Option: AUTO
        Out Sync Option: AUTO
        Interrupt generated: False
        Interrupt mode: NONE
        Drive mode: HI_Z_ANALOG
        VTrip: EITHER
        Slew: FAST
        Input Sync needed: False
        Output Sync needed: False
        SC shield enabled: False
        POR State: ANY
        LCD Mode: COMMON
        Register Mode: RegComb
        CaSense Mode: NEITHER
        Treat as pin: True
        Is OE Registered: False
        Uses Analog: True
        Can contain Digital: False
        Is SIO: False
        SIO Output Buf: NONREGULATED
        SIO Input Buf: SINGLE_ENDED
        SIO HiFreq: LOW
        SIO Hyst: DISABLED
        SIO Vtrip: MULTIPLIER_0_5
        SIO Multiplier Index: 0
        SIO RefSel: VCC_IO
        Required Capabilities: ANALOG
        Initial Value: 0
        IO Voltage: 0
    PORT MAP (
        pa_out => Pin_3v3(0)__PA ,
        analog_term => Net_76 ,
        pad => Pin_3v3(0)_PAD );
    Properties:
    {
    }

Port 1 contains the following IO cells:
Port 2 contains the following IO cells:
Port 3 contains the following IO cells:
Port 12 contains the following IO cells:
[IoId=2]: 
Pin : Name = I2S_CLK(0)
    Attributes:
        Alias: SCK
        In Group/Port: True
        In Sync Option: AUTO
        Out Sync Option: NOSYNC
        Interrupt generated: False
        Interrupt mode: NONE
        Drive mode: CMOS_OUT
        VTrip: EITHER
        Slew: FAST
        Input Sync needed: False
        Output Sync needed: False
        SC shield enabled: False
        POR State: ANY
        LCD Mode: COMMON
        Register Mode: RegComb
        CaSense Mode: NEITHER
        Treat as pin: False
        Is OE Registered: False
        Uses Analog: False
        Can contain Digital: True
        Is SIO: True
        SIO Output Buf: REGULATED
        SIO Input Buf: SINGLE_ENDED
        SIO HiFreq: HIGH
        SIO Hyst: ENABLED
        SIO Vtrip: MULTIPLIER_0_4_OR_1
        SIO Multiplier Index: 0
        SIO RefSel: VOHREF
        Required Capabilities: DIGITAL, ROUTABLE, SIO
        Initial Value: 1
        IO Voltage: 0
    PORT MAP (
        pa_out => I2S_CLK(0)__PA ,
        pin_input => Net_73 ,
        pad => I2S_CLK(0)_PAD );
    Properties:
    {
    }

[IoId=3]: 
Pin : Name = I2S_CLK(1)
    Attributes:
        Alias: WS
        In Group/Port: True
        In Sync Option: AUTO
        Out Sync Option: NOSYNC
        Interrupt generated: False
        Interrupt mode: NONE
        Drive mode: CMOS_OUT
        VTrip: EITHER
        Slew: FAST
        Input Sync needed: False
        Output Sync needed: False
        SC shield enabled: False
        POR State: ANY
        LCD Mode: COMMON
        Register Mode: RegComb
        CaSense Mode: NEITHER
        Treat as pin: False
        Is OE Registered: False
        Uses Analog: False
        Can contain Digital: True
        Is SIO: True
        SIO Output Buf: REGULATED
        SIO Input Buf: SINGLE_ENDED
        SIO HiFreq: HIGH
        SIO Hyst: ENABLED
        SIO Vtrip: MULTIPLIER_0_4_OR_1
        SIO Multiplier Index: 0
        SIO RefSel: VOHREF
        Required Capabilities: DIGITAL, ROUTABLE, SIO
        Initial Value: 1
        IO Voltage: 0
    PORT MAP (
        pa_out => I2S_CLK(1)__PA ,
        pin_input => Net_74 ,
        pad => I2S_CLK(1)_PAD );
    Properties:
    {
    }

[IoId=4]: 
Pin : Name = I2S_SDI(0)
    Attributes:
        In Group/Port: True
        In Sync Option: NOSYNC
        Out Sync Option: AUTO
        Interrupt generated: False
        Interrupt mode: NONE
        Drive mode: HI_Z_DIGITAL
        VTrip: CMOS
        Slew: FAST
        Input Sync needed: False
        Output Sync needed: False
        SC shield enabled: False
        POR State: ANY
        LCD Mode: COMMON
        Register Mode: RegComb
        CaSense Mode: NEITHER
        Treat as pin: True
        Is OE Registered: False
        Uses Analog: False
        Can contain Digital: True
        Is SIO: False
        SIO Output Buf: NONREGULATED
        SIO Input Buf: SINGLE_ENDED
        SIO HiFreq: LOW
        SIO Hyst: DISABLED
        SIO Vtrip: MULTIPLIER_0_5
        SIO Multiplier Index: 0
        SIO RefSel: VCC_IO
        Required Capabilities: DIGITAL, ROUTABLE
        Initial Value: 0
        IO Voltage: 0
    PORT MAP (
        pa_out => I2S_SDI(0)__PA ,
        fb => Net_7 ,
        pad => I2S_SDI(0)_PAD );
    Properties:
    {
    }

Port 15 generates interrupt for logical port:
    logicalport: Name =\USBUART:Dp\
        PORT MAP (
            in_clock_en => one ,
            in_reset => zero ,
            out_clock_en => one ,
            out_reset => zero ,
            interrupt => \USBUART:Net_1010\ ,
            in_clock => ClockBlock_BUS_CLK );
        Properties:
        {
            drive_mode = "000"
            ibuf_enabled = "0"
            id = "beca5e2d-f70f-4900-a4db-7eca1ed3126e/618a72fc-5ddd-4df5-958f-a3d55102db42"
            init_dr_st = "1"
            input_buffer_sel = "00"
            input_clk_en = 0
            input_sync = "1"
            input_sync_mode = "0"
            intr_mode = "10"
            invert_in_clock = 0
            invert_in_clock_en = 0
            invert_in_reset = 0
            invert_out_clock = 0
            invert_out_clock_en = 0
            invert_out_reset = 0
            io_voltage = ""
            layout_mode = "CONTIGUOUS"
            oe_conn = "0"
            oe_reset = 0
            oe_sync = "0"
            output_clk_en = 0
            output_clock_mode = "0"
            output_conn = "0"
            output_mode = "0"
            output_reset = 0
            output_sync = "0"
            ovt_hyst_trim = "0"
            ovt_needed = "0"
            ovt_slew_control = "00"
            pa_in_clock = -1
            pa_in_clock_en = -1
            pa_in_reset = -1
            pa_out_clock = -1
            pa_out_clock_en = -1
            pa_out_reset = -1
            pin_aliases = ""
            pin_mode = "I"
            por_state = 4
            port_alias_group = ""
            port_alias_required = 0
            sio_group_cnt = 0
            sio_hifreq = "00000000"
            sio_hyst = "1"
            sio_ibuf = "00000000"
            sio_info = "00"
            sio_obuf = "00000000"
            sio_refsel = "00000000"
            sio_vohsel = "00000000"
            sio_vtrip = "00000000"
            slew_rate = "0"
            spanning = 0
            sw_only = 0
            use_annotation = "0"
            vtrip = "00"
            width = 1
        }
    and contains the following IO cells:
[IoId=6]: 
Pin : Name = \USBUART:Dp(0)\
    Attributes:
        In Group/Port: True
        In Sync Option: SYNC
        Out Sync Option: AUTO
        Interrupt generated: True
        Interrupt mode: FALLING
        Drive mode: HI_Z_ANALOG
        VTrip: CMOS
        Slew: FAST
        Input Sync needed: True
        Output Sync needed: False
        SC shield enabled: False
        POR State: ANY
        LCD Mode: COMMON
        Register Mode: RegComb
        CaSense Mode: NEITHER
        Treat as pin: False
        Is OE Registered: False
        Uses Analog: True
        Can contain Digital: True
        Is SIO: False
        SIO Output Buf: NONREGULATED
        SIO Input Buf: SINGLE_ENDED
        SIO HiFreq: LOW
        SIO Hyst: DISABLED
        SIO Vtrip: MULTIPLIER_0_5
        SIO Multiplier Index: 0
        SIO RefSel: VCC_IO
        Required Capabilities: USB_D_PLUS
        Initial Value: 1
        IO Voltage: 0
    PORT MAP (
        pa_out => \USBUART:Dp(0)\__PA ,
        analog_term => \USBUART:Net_1000\ ,
        pad => \USBUART:Dp(0)_PAD\ );
    Properties:
    {
    }

[IoId=7]: 
Pin : Name = \USBUART:Dm(0)\
    Attributes:
        In Group/Port: True
        In Sync Option: AUTO
        Out Sync Option: AUTO
        Interrupt generated: False
        Interrupt mode: NONE
        Drive mode: HI_Z_ANALOG
        VTrip: EITHER
        Slew: FAST
        Input Sync needed: False
        Output Sync needed: False
        SC shield enabled: False
        POR State: ANY
        LCD Mode: COMMON
        Register Mode: RegComb
        CaSense Mode: NEITHER
        Treat as pin: True
        Is OE Registered: False
        Uses Analog: True
        Can contain Digital: False
        Is SIO: False
        SIO Output Buf: NONREGULATED
        SIO Input Buf: SINGLE_ENDED
        SIO HiFreq: LOW
        SIO Hyst: DISABLED
        SIO Vtrip: MULTIPLIER_0_5
        SIO Multiplier Index: 0
        SIO RefSel: VCC_IO
        Required Capabilities: USB_D_MINUS
        Initial Value: 0
        IO Voltage: 0
    PORT MAP (
        pa_out => \USBUART:Dm(0)\__PA ,
        analog_term => \USBUART:Net_597\ ,
        pad => \USBUART:Dm(0)_PAD\ );
    Properties:
    {
    }

ARM group 0: empty
CAN group 0: empty
Cache group 0: empty
CapSense group 0: empty
Clock group 0: 
    Clock Block @ F(Clock,0): 
    clockblockcell: Name =ClockBlock
        PORT MAP (
            imo => ClockBlock_IMO ,
            pllout => ClockBlock_PLL_OUT ,
            ilo => ClockBlock_ILO ,
            clk_100k => ClockBlock_100k ,
            clk_1k => ClockBlock_1k ,
            clk_32k => ClockBlock_32k ,
            xtal => ClockBlock_XTAL ,
            clk_32k_xtal => ClockBlock_XTAL_32KHZ ,
            clk_sync => ClockBlock_MASTER_CLK ,
            clk_bus_glb => ClockBlock_BUS_CLK ,
            clk_bus => ClockBlock_BUS_CLK_local ,
            dclk_glb_0 => Net_14 ,
            dclk_0 => Net_14_local );
        Properties:
        {
        }
Comparator group 0: empty
DFB group 0: empty
DSM group 0: empty
Decimator group 0: empty
EMIF group 0: empty
I2C group 0: empty
LCD group 0: empty
LVD group 0: empty
PICU group 0: empty
PM group 0: empty
SC group 0: 
    SC Block @ F(SC,0): 
    sccell: Name =\I2S_3v3:SC\
        PORT MAP (
            vref => Net_2633 ,
            vin => Net_1916 ,
            modout => \I2S_3v3:Net_41\ ,
            vout => Net_76 );
        Properties:
        {
            cy_registers = ""
        }
SPC group 0: empty
Timer group 0: empty
USB group 0: 
    USB Block @ F(USB,0): 
    usbcell: Name =\USBUART:USB\
        PORT MAP (
            dp => \USBUART:Net_1000\ ,
            dm => \USBUART:Net_597\ ,
            sof_int => Net_84 ,
            arb_int => \USBUART:Net_1889\ ,
            usb_int => \USBUART:Net_1876\ ,
            ept_int_8 => \USBUART:ep_int_8\ ,
            ept_int_7 => \USBUART:ep_int_7\ ,
            ept_int_6 => \USBUART:ep_int_6\ ,
            ept_int_5 => \USBUART:ep_int_5\ ,
            ept_int_4 => \USBUART:ep_int_4\ ,
            ept_int_3 => \USBUART:ep_int_3\ ,
            ept_int_2 => \USBUART:ep_int_2\ ,
            ept_int_1 => \USBUART:ep_int_1\ ,
            ept_int_0 => \USBUART:ep_int_0\ ,
            ord_int => \USBUART:Net_95\ ,
            dma_req_7 => \USBUART:dma_request_7\ ,
            dma_req_6 => \USBUART:dma_request_6\ ,
            dma_req_5 => \USBUART:dma_request_5\ ,
            dma_req_4 => \USBUART:dma_request_4\ ,
            dma_req_3 => \USBUART:dma_request_3\ ,
            dma_req_2 => \USBUART:dma_request_2\ ,
            dma_req_1 => \USBUART:dma_request_1\ ,
            dma_req_0 => \USBUART:dma_request_0\ ,
            dma_termin => \USBUART:dma_terminate\ );
        Properties:
        {
            cy_registers = ""
        }
VIDAC group 0: empty
OpAmp group 0: empty
CsAbuf group 0: empty
Vref group 0: 
    Vref Block @ F(Vref,1): 
    vrefcell: Name =vRef_2
        PORT MAP (
            vout => Net_1916 );
        Properties:
        {
            autoenable = 1
            guid = "4720866E-BC14-478d-B8A0-3E44F38CADAC"
            ignoresleep = 0
            name = "Vdda/2"
        }
    Vref Block @ F(Vref,3): 
    vrefcell: Name =vRef_1
        PORT MAP (
            vout => Net_2633 );
        Properties:
        {
            autoenable = 1
            guid = "89B398AD-36A8-4627-9212-707F2986319E"
            ignoresleep = 0
            name = "1.024V"
        }
LPF group 0: empty
SAR group 0: empty
ANAIF group 0: empty
PHUB group 0: empty
</CYPRESSTAG>
<CYPRESSTAG name="Port Configuration Details">

------------------------------------------------------------
Port Configuration report
------------------------------------------------------------
     |     |       | Interrupt |                  |                 | 
Port | Pin | Fixed |      Type |       Drive Mode |            Name | Connections
-----+-----+-------+-----------+------------------+-----------------+---------------------------
   0 |   2 |     * |      NONE |      HI_Z_ANALOG |      Pin_3v3(0) | Analog(Net_76)
-----+-----+-------+-----------+------------------+-----------------+---------------------------
  12 |   2 |     * |      NONE |         CMOS_OUT |      I2S_CLK(0) | In(Net_73)
     |   3 |     * |      NONE |         CMOS_OUT |      I2S_CLK(1) | In(Net_74)
     |   4 |     * |      NONE |     HI_Z_DIGITAL |      I2S_SDI(0) | FB(Net_7)
-----+-----+-------+-----------+------------------+-----------------+---------------------------
  15 |   6 |       |   FALLING |      HI_Z_ANALOG | \USBUART:Dp(0)\ | Analog(\USBUART:Net_1000\)
     |   7 |       |      NONE |      HI_Z_ANALOG | \USBUART:Dm(0)\ | Analog(\USBUART:Net_597\)
------------------------------------------------------------------------------------------------
</CYPRESSTAG>
</CYPRESSTAG>
</CYPRESSTAG>
Digital component placer commit/Report: Elapsed time ==> 0s.031ms
Digital Placement phase: Elapsed time ==> 0s.603ms
</CYPRESSTAG>
<CYPRESSTAG name="Digital Routing">
"C:\Program Files (x86)\Cypress\PSoC Creator\4.4\PSoC Creator\bin/sjrouter.exe" --xml-path "C:\Program Files (x86)\Cypress\PSoC Creator\4.4\PSoC Creator\dev\psoc5/psoc5lp/route_arch-rrg.cydata" --vh2-path "SamplingCircuit_r.vh2" --pcf-path "SamplingCircuit.pco" --des-name "SamplingCircuit" --dsf-path "SamplingCircuit.dsf" --sdc-path "SamplingCircuit.sdc" --lib-path "SamplingCircuit_r.lib"
Routing successful.
Digital Routing phase: Elapsed time ==> 1s.030ms
</CYPRESSTAG>
<CYPRESSTAG name="Bitstream Generation">
Bitstream Generation phase: Elapsed time ==> 0s.129ms
</CYPRESSTAG>
<CYPRESSTAG name="Bitstream Verification">
Bitstream Verification phase: Elapsed time ==> 0s.009ms
</CYPRESSTAG>
<CYPRESSTAG name="Static timing analysis">
Timing report is in SamplingCircuit_timing.html.
Static timing analysis phase: Elapsed time ==> 0s.205ms
</CYPRESSTAG>
<CYPRESSTAG name="Data reporting">
Data reporting phase: Elapsed time ==> 0s.000ms
</CYPRESSTAG>
<CYPRESSTAG name="Database update...">
Design database save phase: Elapsed time ==> 0s.141ms
</CYPRESSTAG>
cydsfit: Elapsed time ==> 2s.971ms
</CYPRESSTAG>
Fitter phase: Elapsed time ==> 2s.971ms
API generation phase: Elapsed time ==> 1s.226ms
Dependency generation phase: Elapsed time ==> 0s.016ms
Cleanup phase: Elapsed time ==> 0s.000ms
