ARM GAS  C:\Users\tardi\AppData\Local\Temp\ccIWfzQb.s 			page 1


   1              		.syntax unified
   2              		.cpu cortex-m3
   3              		.fpu softvfp
   4              		.eabi_attribute 20, 1
   5              		.eabi_attribute 21, 1
   6              		.eabi_attribute 23, 3
   7              		.eabi_attribute 24, 1
   8              		.eabi_attribute 25, 1
   9              		.eabi_attribute 26, 1
  10              		.eabi_attribute 30, 1
  11              		.eabi_attribute 34, 1
  12              		.eabi_attribute 18, 4
  13              		.thumb
  14              		.syntax unified
  15              		.file	"cymetadata.c"
  16              		.text
  17              	.Ltext0:
  18              		.cfi_sections	.debug_frame
  19              		.global	cy_metadata
  20              		.global	cy_meta_flashprotect
  21              		.global	cy_meta_wonvl
  22              		.global	cy_meta_custnvl
  23              		.global	cy_meta_configecc
  24              		.section	.cyconfigecc,"a",%progbits
  25              		.align	2
  26              		.type	cy_meta_configecc, %object
  27              		.size	cy_meta_configecc, 1912
  28              	cy_meta_configecc:
  29 0000 06       		.byte	6
  30 0001 52       		.byte	82
  31 0002 00       		.byte	0
  32 0003 40       		.byte	64
  33 0004 03       		.byte	3
  34 0005 64       		.byte	100
  35 0006 00       		.byte	0
  36 0007 40       		.byte	64
  37 0008 02       		.byte	2
  38 0009 65       		.byte	101
  39 000a 00       		.byte	0
  40 000b 40       		.byte	64
  41 000c 56       		.byte	86
  42 000d 00       		.byte	0
  43 000e 01       		.byte	1
  44 000f 40       		.byte	64
  45 0010 37       		.byte	55
  46 0011 01       		.byte	1
  47 0012 01       		.byte	1
  48 0013 40       		.byte	64
  49 0014 50       		.byte	80
  50 0015 02       		.byte	2
  51 0016 01       		.byte	1
  52 0017 40       		.byte	64
  53 0018 43       		.byte	67
  54 0019 03       		.byte	3
  55 001a 01       		.byte	1
  56 001b 40       		.byte	64
  57 001c 2C       		.byte	44
ARM GAS  C:\Users\tardi\AppData\Local\Temp\ccIWfzQb.s 			page 2


  58 001d 04       		.byte	4
  59 001e 01       		.byte	1
  60 001f 40       		.byte	64
  61 0020 56       		.byte	86
  62 0021 05       		.byte	5
  63 0022 01       		.byte	1
  64 0023 40       		.byte	64
  65 0024 6B       		.byte	107
  66 0025 06       		.byte	6
  67 0026 01       		.byte	1
  68 0027 40       		.byte	64
  69 0028 48       		.byte	72
  70 0029 07       		.byte	7
  71 002a 01       		.byte	1
  72 002b 40       		.byte	64
  73 002c 03       		.byte	3
  74 002d 0B       		.byte	11
  75 002e 01       		.byte	1
  76 002f 40       		.byte	64
  77 0030 01       		.byte	1
  78 0031 0D       		.byte	13
  79 0032 01       		.byte	1
  80 0033 40       		.byte	64
  81 0034 05       		.byte	5
  82 0035 15       		.byte	21
  83 0036 01       		.byte	1
  84 0037 40       		.byte	64
  85 0038 45       		.byte	69
  86 0039 16       		.byte	22
  87 003a 01       		.byte	1
  88 003b 40       		.byte	64
  89 003c 45       		.byte	69
  90 003d 17       		.byte	23
  91 003e 01       		.byte	1
  92 003f 40       		.byte	64
  93 0040 01       		.byte	1
  94 0041 19       		.byte	25
  95 0042 01       		.byte	1
  96 0043 40       		.byte	64
  97 0044 05       		.byte	5
  98 0045 40       		.byte	64
  99 0046 01       		.byte	1
 100 0047 40       		.byte	64
 101 0048 05       		.byte	5
 102 0049 41       		.byte	65
 103 004a 01       		.byte	1
 104 004b 40       		.byte	64
 105 004c 06       		.byte	6
 106 004d 42       		.byte	66
 107 004e 01       		.byte	1
 108 004f 40       		.byte	64
 109 0050 03       		.byte	3
 110 0051 43       		.byte	67
 111 0052 01       		.byte	1
 112 0053 40       		.byte	64
 113 0054 02       		.byte	2
 114 0055 44       		.byte	68
ARM GAS  C:\Users\tardi\AppData\Local\Temp\ccIWfzQb.s 			page 3


 115 0056 01       		.byte	1
 116 0057 40       		.byte	64
 117 0058 09       		.byte	9
 118 0059 45       		.byte	69
 119 005a 01       		.byte	1
 120 005b 40       		.byte	64
 121 005c 08       		.byte	8
 122 005d 46       		.byte	70
 123 005e 01       		.byte	1
 124 005f 40       		.byte	64
 125 0060 01       		.byte	1
 126 0061 47       		.byte	71
 127 0062 01       		.byte	1
 128 0063 40       		.byte	64
 129 0064 04       		.byte	4
 130 0065 48       		.byte	72
 131 0066 01       		.byte	1
 132 0067 40       		.byte	64
 133 0068 03       		.byte	3
 134 0069 49       		.byte	73
 135 006a 01       		.byte	1
 136 006b 40       		.byte	64
 137 006c 02       		.byte	2
 138 006d 4C       		.byte	76
 139 006e 01       		.byte	1
 140 006f 40       		.byte	64
 141 0070 05       		.byte	5
 142 0071 50       		.byte	80
 143 0072 01       		.byte	1
 144 0073 40       		.byte	64
 145 0074 02       		.byte	2
 146 0075 51       		.byte	81
 147 0076 01       		.byte	1
 148 0077 40       		.byte	64
 149 0078 10       		.byte	16
 150 0079 03       		.byte	3
 151 007a 11       		.byte	17
 152 007b 05       		.byte	5
 153 007c 60       		.byte	96
 154 007d 04       		.byte	4
 155 007e 61       		.byte	97
 156 007f 0C       		.byte	12
 157 0080 79       		.byte	121
 158 0081 02       		.byte	2
 159 0082 7C       		.byte	124
 160 0083 04       		.byte	4
 161 0084 81       		.byte	-127
 162 0085 7F       		.byte	127
 163 0086 82       		.byte	-126
 164 0087 0F       		.byte	15
 165 0088 83       		.byte	-125
 166 0089 0F       		.byte	15
 167 008a 86       		.byte	-122
 168 008b 38       		.byte	56
 169 008c 87       		.byte	-121
 170 008d 72       		.byte	114
 171 008e 03       		.byte	3
ARM GAS  C:\Users\tardi\AppData\Local\Temp\ccIWfzQb.s 			page 4


 172 008f 07       		.byte	7
 173 0090 04       		.byte	4
 174 0091 33       		.byte	51
 175 0092 06       		.byte	6
 176 0093 0C       		.byte	12
 177 0094 09       		.byte	9
 178 0095 07       		.byte	7
 179 0096 0A       		.byte	10
 180 0097 08       		.byte	8
 181 0098 0D       		.byte	13
 182 0099 07       		.byte	7
 183 009a 0F       		.byte	15
 184 009b 18       		.byte	24
 185 009c 10       		.byte	16
 186 009d 0A       		.byte	10
 187 009e 11       		.byte	17
 188 009f 1F       		.byte	31
 189 00a0 12       		.byte	18
 190 00a1 34       		.byte	52
 191 00a2 13       		.byte	19
 192 00a3 20       		.byte	32
 193 00a4 15       		.byte	21
 194 00a5 01       		.byte	1
 195 00a6 17       		.byte	23
 196 00a7 06       		.byte	6
 197 00a8 18       		.byte	24
 198 00a9 33       		.byte	51
 199 00aa 1A       		.byte	26
 200 00ab 04       		.byte	4
 201 00ac 1B       		.byte	27
 202 00ad 07       		.byte	7
 203 00ae 20       		.byte	32
 204 00af 40       		.byte	64
 205 00b0 21       		.byte	33
 206 00b1 04       		.byte	4
 207 00b2 22       		.byte	34
 208 00b3 15       		.byte	21
 209 00b4 23       		.byte	35
 210 00b5 01       		.byte	1
 211 00b6 24       		.byte	36
 212 00b7 03       		.byte	3
 213 00b8 25       		.byte	37
 214 00b9 02       		.byte	2
 215 00ba 26       		.byte	38
 216 00bb 14       		.byte	20
 217 00bc 27       		.byte	39
 218 00bd 01       		.byte	1
 219 00be 29       		.byte	41
 220 00bf 27       		.byte	39
 221 00c0 2B       		.byte	43
 222 00c1 18       		.byte	24
 223 00c2 2F       		.byte	47
 224 00c3 0F       		.byte	15
 225 00c4 30       		.byte	48
 226 00c5 10       		.byte	16
 227 00c6 31       		.byte	49
 228 00c7 0F       		.byte	15
ARM GAS  C:\Users\tardi\AppData\Local\Temp\ccIWfzQb.s 			page 5


 229 00c8 32       		.byte	50
 230 00c9 60       		.byte	96
 231 00ca 33       		.byte	51
 232 00cb 30       		.byte	48
 233 00cc 34       		.byte	52
 234 00cd 0F       		.byte	15
 235 00ce 38       		.byte	56
 236 00cf 08       		.byte	8
 237 00d0 3A       		.byte	58
 238 00d1 20       		.byte	32
 239 00d2 3E       		.byte	62
 240 00d3 01       		.byte	1
 241 00d4 58       		.byte	88
 242 00d5 04       		.byte	4
 243 00d6 59       		.byte	89
 244 00d7 04       		.byte	4
 245 00d8 5C       		.byte	92
 246 00d9 21       		.byte	33
 247 00da 5F       		.byte	95
 248 00db 01       		.byte	1
 249 00dc 81       		.byte	-127
 250 00dd 04       		.byte	4
 251 00de 83       		.byte	-125
 252 00df 01       		.byte	1
 253 00e0 84       		.byte	-124
 254 00e1 10       		.byte	16
 255 00e2 86       		.byte	-122
 256 00e3 C0       		.byte	-64
 257 00e4 87       		.byte	-121
 258 00e5 07       		.byte	7
 259 00e6 89       		.byte	-119
 260 00e7 07       		.byte	7
 261 00e8 8A       		.byte	-118
 262 00e9 3F       		.byte	63
 263 00ea 8C       		.byte	-116
 264 00eb 04       		.byte	4
 265 00ec 8D       		.byte	-115
 266 00ed 0F       		.byte	15
 267 00ee 8E       		.byte	-114
 268 00ef C0       		.byte	-64
 269 00f0 8F       		.byte	-113
 270 00f1 50       		.byte	80
 271 00f2 91       		.byte	-111
 272 00f3 50       		.byte	80
 273 00f4 92       		.byte	-110
 274 00f5 BF       		.byte	-65
 275 00f6 93       		.byte	-109
 276 00f7 08       		.byte	8
 277 00f8 94       		.byte	-108
 278 00f9 C0       		.byte	-64
 279 00fa 95       		.byte	-107
 280 00fb 02       		.byte	2
 281 00fc 96       		.byte	-106
 282 00fd 20       		.byte	32
 283 00fe 97       		.byte	-105
 284 00ff 01       		.byte	1
 285 0100 98       		.byte	-104
ARM GAS  C:\Users\tardi\AppData\Local\Temp\ccIWfzQb.s 			page 6


 286 0101 FF       		.byte	-1
 287 0102 99       		.byte	-103
 288 0103 81       		.byte	-127
 289 0104 9B       		.byte	-101
 290 0105 06       		.byte	6
 291 0106 9C       		.byte	-100
 292 0107 08       		.byte	8
 293 0108 9E       		.byte	-98
 294 0109 C0       		.byte	-64
 295 010a 9F       		.byte	-97
 296 010b 7F       		.byte	127
 297 010c A2       		.byte	-94
 298 010d 40       		.byte	64
 299 010e A4       		.byte	-92
 300 010f 02       		.byte	2
 301 0110 A5       		.byte	-91
 302 0111 80       		.byte	-128
 303 0112 A6       		.byte	-90
 304 0113 C0       		.byte	-64
 305 0114 A8       		.byte	-88
 306 0115 01       		.byte	1
 307 0116 AA       		.byte	-86
 308 0117 C0       		.byte	-64
 309 0118 AB       		.byte	-85
 310 0119 60       		.byte	96
 311 011a AC       		.byte	-84
 312 011b 80       		.byte	-128
 313 011c AE       		.byte	-82
 314 011d 40       		.byte	64
 315 011e AF       		.byte	-81
 316 011f 07       		.byte	7
 317 0120 B0       		.byte	-80
 318 0121 FF       		.byte	-1
 319 0122 B1       		.byte	-79
 320 0123 40       		.byte	64
 321 0124 B3       		.byte	-77
 322 0125 3F       		.byte	63
 323 0126 B5       		.byte	-75
 324 0127 80       		.byte	-128
 325 0128 B9       		.byte	-71
 326 0129 08       		.byte	8
 327 012a D6       		.byte	-42
 328 012b 02       		.byte	2
 329 012c D7       		.byte	-41
 330 012d 28       		.byte	40
 331 012e D8       		.byte	-40
 332 012f 04       		.byte	4
 333 0130 D9       		.byte	-39
 334 0131 04       		.byte	4
 335 0132 DB       		.byte	-37
 336 0133 04       		.byte	4
 337 0134 DC       		.byte	-36
 338 0135 22       		.byte	34
 339 0136 DD       		.byte	-35
 340 0137 20       		.byte	32
 341 0138 DF       		.byte	-33
 342 0139 01       		.byte	1
ARM GAS  C:\Users\tardi\AppData\Local\Temp\ccIWfzQb.s 			page 7


 343 013a 00       		.byte	0
 344 013b 04       		.byte	4
 345 013c 03       		.byte	3
 346 013d 08       		.byte	8
 347 013e 04       		.byte	4
 348 013f 20       		.byte	32
 349 0140 06       		.byte	6
 350 0141 02       		.byte	2
 351 0142 07       		.byte	7
 352 0143 10       		.byte	16
 353 0144 08       		.byte	8
 354 0145 08       		.byte	8
 355 0146 09       		.byte	9
 356 0147 28       		.byte	40
 357 0148 0A       		.byte	10
 358 0149 10       		.byte	16
 359 014a 0B       		.byte	11
 360 014b 40       		.byte	64
 361 014c 0E       		.byte	14
 362 014d A6       		.byte	-90
 363 014e 10       		.byte	16
 364 014f A0       		.byte	-96
 365 0150 14       		.byte	20
 366 0151 80       		.byte	-128
 367 0152 15       		.byte	21
 368 0153 40       		.byte	64
 369 0154 17       		.byte	23
 370 0155 24       		.byte	36
 371 0156 18       		.byte	24
 372 0157 04       		.byte	4
 373 0158 1A       		.byte	26
 374 0159 40       		.byte	64
 375 015a 1B       		.byte	27
 376 015b 08       		.byte	8
 377 015c 1E       		.byte	30
 378 015d 80       		.byte	-128
 379 015e 1F       		.byte	31
 380 015f 02       		.byte	2
 381 0160 22       		.byte	34
 382 0161 03       		.byte	3
 383 0162 23       		.byte	35
 384 0163 10       		.byte	16
 385 0164 24       		.byte	36
 386 0165 40       		.byte	64
 387 0166 25       		.byte	37
 388 0167 1A       		.byte	26
 389 0168 28       		.byte	40
 390 0169 08       		.byte	8
 391 016a 2A       		.byte	42
 392 016b 05       		.byte	5
 393 016c 2B       		.byte	43
 394 016d 02       		.byte	2
 395 016e 2E       		.byte	46
 396 016f 10       		.byte	16
 397 0170 2F       		.byte	47
 398 0171 21       		.byte	33
 399 0172 30       		.byte	48
ARM GAS  C:\Users\tardi\AppData\Local\Temp\ccIWfzQb.s 			page 8


 400 0173 08       		.byte	8
 401 0174 32       		.byte	50
 402 0175 01       		.byte	1
 403 0176 33       		.byte	51
 404 0177 10       		.byte	16
 405 0178 36       		.byte	54
 406 0179 42       		.byte	66
 407 017a 37       		.byte	55
 408 017b 24       		.byte	36
 409 017c 38       		.byte	56
 410 017d 40       		.byte	64
 411 017e 39       		.byte	57
 412 017f 11       		.byte	17
 413 0180 3B       		.byte	59
 414 0181 02       		.byte	2
 415 0182 3C       		.byte	60
 416 0183 40       		.byte	64
 417 0184 3D       		.byte	61
 418 0185 18       		.byte	24
 419 0186 3E       		.byte	62
 420 0187 02       		.byte	2
 421 0188 67       		.byte	103
 422 0189 20       		.byte	32
 423 018a 6D       		.byte	109
 424 018b 59       		.byte	89
 425 018c 6E       		.byte	110
 426 018d 22       		.byte	34
 427 018e 6F       		.byte	111
 428 018f 10       		.byte	16
 429 0190 74       		.byte	116
 430 0191 08       		.byte	8
 431 0192 76       		.byte	118
 432 0193 07       		.byte	7
 433 0194 77       		.byte	119
 434 0195 24       		.byte	36
 435 0196 8D       		.byte	-115
 436 0197 10       		.byte	16
 437 0198 C0       		.byte	-64
 438 0199 E6       		.byte	-26
 439 019a C2       		.byte	-62
 440 019b FA       		.byte	-6
 441 019c C4       		.byte	-60
 442 019d FC       		.byte	-4
 443 019e CA       		.byte	-54
 444 019f 7F       		.byte	127
 445 01a0 CC       		.byte	-52
 446 01a1 F7       		.byte	-9
 447 01a2 CE       		.byte	-50
 448 01a3 FD       		.byte	-3
 449 01a4 D8       		.byte	-40
 450 01a5 40       		.byte	64
 451 01a6 E6       		.byte	-26
 452 01a7 10       		.byte	16
 453 01a8 01       		.byte	1
 454 01a9 01       		.byte	1
 455 01aa 05       		.byte	5
 456 01ab 84       		.byte	-124
ARM GAS  C:\Users\tardi\AppData\Local\Temp\ccIWfzQb.s 			page 9


 457 01ac 08       		.byte	8
 458 01ad 01       		.byte	1
 459 01ae 09       		.byte	9
 460 01af 80       		.byte	-128
 461 01b0 0B       		.byte	11
 462 01b1 04       		.byte	4
 463 01b2 0D       		.byte	13
 464 01b3 04       		.byte	4
 465 01b4 0F       		.byte	15
 466 01b5 80       		.byte	-128
 467 01b6 11       		.byte	17
 468 01b7 04       		.byte	4
 469 01b8 15       		.byte	21
 470 01b9 0A       		.byte	10
 471 01ba 17       		.byte	23
 472 01bb 10       		.byte	16
 473 01bc 19       		.byte	25
 474 01bd 56       		.byte	86
 475 01be 1B       		.byte	27
 476 01bf 09       		.byte	9
 477 01c0 1D       		.byte	29
 478 01c1 84       		.byte	-124
 479 01c2 21       		.byte	33
 480 01c3 84       		.byte	-124
 481 01c4 29       		.byte	41
 482 01c5 07       		.byte	7
 483 01c6 2B       		.byte	43
 484 01c7 38       		.byte	56
 485 01c8 2D       		.byte	45
 486 01c9 60       		.byte	96
 487 01ca 31       		.byte	49
 488 01cb 7F       		.byte	127
 489 01cc 33       		.byte	51
 490 01cd 80       		.byte	-128
 491 01ce 34       		.byte	52
 492 01cf 01       		.byte	1
 493 01d0 37       		.byte	55
 494 01d1 08       		.byte	8
 495 01d2 39       		.byte	57
 496 01d3 02       		.byte	2
 497 01d4 3F       		.byte	63
 498 01d5 44       		.byte	68
 499 01d6 56       		.byte	86
 500 01d7 02       		.byte	2
 501 01d8 57       		.byte	87
 502 01d9 2C       		.byte	44
 503 01da 58       		.byte	88
 504 01db 04       		.byte	4
 505 01dc 59       		.byte	89
 506 01dd 04       		.byte	4
 507 01de 5B       		.byte	91
 508 01df 04       		.byte	4
 509 01e0 5C       		.byte	92
 510 01e1 02       		.byte	2
 511 01e2 5F       		.byte	95
 512 01e3 01       		.byte	1
 513 01e4 80       		.byte	-128
ARM GAS  C:\Users\tardi\AppData\Local\Temp\ccIWfzQb.s 			page 10


 514 01e5 08       		.byte	8
 515 01e6 82       		.byte	-126
 516 01e7 34       		.byte	52
 517 01e8 84       		.byte	-124
 518 01e9 14       		.byte	20
 519 01ea 85       		.byte	-123
 520 01eb 10       		.byte	16
 521 01ec 86       		.byte	-122
 522 01ed 2B       		.byte	43
 523 01ee 87       		.byte	-121
 524 01ef 0C       		.byte	12
 525 01f0 88       		.byte	-120
 526 01f1 0E       		.byte	14
 527 01f2 8A       		.byte	-118
 528 01f3 30       		.byte	48
 529 01f4 8B       		.byte	-117
 530 01f5 03       		.byte	3
 531 01f6 8D       		.byte	-115
 532 01f7 1C       		.byte	28
 533 01f8 8F       		.byte	-113
 534 01f9 02       		.byte	2
 535 01fa 95       		.byte	-107
 536 01fb 10       		.byte	16
 537 01fc 96       		.byte	-106
 538 01fd 01       		.byte	1
 539 01fe 99       		.byte	-103
 540 01ff 0C       		.byte	12
 541 0200 9B       		.byte	-101
 542 0201 11       		.byte	17
 543 0202 9D       		.byte	-99
 544 0203 20       		.byte	32
 545 0204 A5       		.byte	-91
 546 0205 14       		.byte	20
 547 0206 A8       		.byte	-88
 548 0207 24       		.byte	36
 549 0208 A9       		.byte	-87
 550 0209 09       		.byte	9
 551 020a AA       		.byte	-86
 552 020b 1B       		.byte	27
 553 020c AB       		.byte	-85
 554 020d 10       		.byte	16
 555 020e B0       		.byte	-80
 556 020f 3C       		.byte	60
 557 0210 B2       		.byte	-78
 558 0211 03       		.byte	3
 559 0212 B3       		.byte	-77
 560 0213 20       		.byte	32
 561 0214 B5       		.byte	-75
 562 0215 1F       		.byte	31
 563 0216 BA       		.byte	-70
 564 0217 02       		.byte	2
 565 0218 BF       		.byte	-65
 566 0219 04       		.byte	4
 567 021a C0       		.byte	-64
 568 021b 31       		.byte	49
 569 021c C1       		.byte	-63
 570 021d 02       		.byte	2
ARM GAS  C:\Users\tardi\AppData\Local\Temp\ccIWfzQb.s 			page 11


 571 021e C5       		.byte	-59
 572 021f 0B       		.byte	11
 573 0220 C6       		.byte	-58
 574 0221 CE       		.byte	-50
 575 0222 C8       		.byte	-56
 576 0223 0D       		.byte	13
 577 0224 C9       		.byte	-55
 578 0225 FF       		.byte	-1
 579 0226 CA       		.byte	-54
 580 0227 FF       		.byte	-1
 581 0228 CB       		.byte	-53
 582 0229 FF       		.byte	-1
 583 022a CE       		.byte	-50
 584 022b F0       		.byte	-16
 585 022c CF       		.byte	-49
 586 022d 44       		.byte	68
 587 022e D0       		.byte	-48
 588 022f 0C       		.byte	12
 589 0230 D4       		.byte	-44
 590 0231 01       		.byte	1
 591 0232 D6       		.byte	-42
 592 0233 04       		.byte	4
 593 0234 D8       		.byte	-40
 594 0235 04       		.byte	4
 595 0236 D9       		.byte	-39
 596 0237 04       		.byte	4
 597 0238 DA       		.byte	-38
 598 0239 04       		.byte	4
 599 023a DB       		.byte	-37
 600 023b 04       		.byte	4
 601 023c DC       		.byte	-36
 602 023d 10       		.byte	16
 603 023e DD       		.byte	-35
 604 023f 11       		.byte	17
 605 0240 DF       		.byte	-33
 606 0241 01       		.byte	1
 607 0242 E6       		.byte	-26
 608 0243 C0       		.byte	-64
 609 0244 EA       		.byte	-22
 610 0245 40       		.byte	64
 611 0246 EB       		.byte	-21
 612 0247 02       		.byte	2
 613 0248 01       		.byte	1
 614 0249 02       		.byte	2
 615 024a 03       		.byte	3
 616 024b 14       		.byte	20
 617 024c 04       		.byte	4
 618 024d 20       		.byte	32
 619 024e 0A       		.byte	10
 620 024f 20       		.byte	32
 621 0250 10       		.byte	16
 622 0251 30       		.byte	48
 623 0252 13       		.byte	19
 624 0253 20       		.byte	32
 625 0254 19       		.byte	25
 626 0255 02       		.byte	2
 627 0256 1A       		.byte	26
ARM GAS  C:\Users\tardi\AppData\Local\Temp\ccIWfzQb.s 			page 12


 628 0257 20       		.byte	32
 629 0258 1F       		.byte	31
 630 0259 20       		.byte	32
 631 025a 21       		.byte	33
 632 025b 10       		.byte	16
 633 025c 22       		.byte	34
 634 025d 04       		.byte	4
 635 025e 25       		.byte	37
 636 025f 01       		.byte	1
 637 0260 26       		.byte	38
 638 0261 48       		.byte	72
 639 0262 29       		.byte	41
 640 0263 04       		.byte	4
 641 0264 2B       		.byte	43
 642 0265 08       		.byte	8
 643 0266 2E       		.byte	46
 644 0267 21       		.byte	33
 645 0268 2F       		.byte	47
 646 0269 02       		.byte	2
 647 026a 30       		.byte	48
 648 026b 08       		.byte	8
 649 026c 31       		.byte	49
 650 026d 20       		.byte	32
 651 026e 32       		.byte	50
 652 026f 80       		.byte	-128
 653 0270 35       		.byte	53
 654 0271 80       		.byte	-128
 655 0272 36       		.byte	54
 656 0273 06       		.byte	6
 657 0274 37       		.byte	55
 658 0275 20       		.byte	32
 659 0276 38       		.byte	56
 660 0277 04       		.byte	4
 661 0278 39       		.byte	57
 662 0279 28       		.byte	40
 663 027a 3B       		.byte	59
 664 027b 40       		.byte	64
 665 027c 3D       		.byte	61
 666 027d AA       		.byte	-86
 667 027e 3E       		.byte	62
 668 027f 88       		.byte	-120
 669 0280 41       		.byte	65
 670 0281 A4       		.byte	-92
 671 0282 49       		.byte	73
 672 0283 04       		.byte	4
 673 0284 50       		.byte	80
 674 0285 20       		.byte	32
 675 0286 52       		.byte	82
 676 0287 80       		.byte	-128
 677 0288 58       		.byte	88
 678 0289 12       		.byte	18
 679 028a 5A       		.byte	90
 680 028b 48       		.byte	72
 681 028c 60       		.byte	96
 682 028d 02       		.byte	2
 683 028e 62       		.byte	98
 684 028f 80       		.byte	-128
ARM GAS  C:\Users\tardi\AppData\Local\Temp\ccIWfzQb.s 			page 13


 685 0290 63       		.byte	99
 686 0291 80       		.byte	-128
 687 0292 65       		.byte	101
 688 0293 02       		.byte	2
 689 0294 6D       		.byte	109
 690 0295 B8       		.byte	-72
 691 0296 6E       		.byte	110
 692 0297 11       		.byte	17
 693 0298 75       		.byte	117
 694 0299 80       		.byte	-128
 695 029a 82       		.byte	-126
 696 029b 10       		.byte	16
 697 029c 83       		.byte	-125
 698 029d 40       		.byte	64
 699 029e 90       		.byte	-112
 700 029f 04       		.byte	4
 701 02a0 91       		.byte	-111
 702 02a1 40       		.byte	64
 703 02a2 92       		.byte	-110
 704 02a3 42       		.byte	66
 705 02a4 93       		.byte	-109
 706 02a5 10       		.byte	16
 707 02a6 94       		.byte	-108
 708 02a7 20       		.byte	32
 709 02a8 96       		.byte	-106
 710 02a9 04       		.byte	4
 711 02aa 97       		.byte	-105
 712 02ab 60       		.byte	96
 713 02ac 98       		.byte	-104
 714 02ad 08       		.byte	8
 715 02ae 9C       		.byte	-100
 716 02af 80       		.byte	-128
 717 02b0 A1       		.byte	-95
 718 02b1 02       		.byte	2
 719 02b2 A3       		.byte	-93
 720 02b3 08       		.byte	8
 721 02b4 A4       		.byte	-92
 722 02b5 A0       		.byte	-96
 723 02b6 A5       		.byte	-91
 724 02b7 20       		.byte	32
 725 02b8 A7       		.byte	-89
 726 02b9 20       		.byte	32
 727 02ba C0       		.byte	-64
 728 02bb 4E       		.byte	78
 729 02bc C2       		.byte	-62
 730 02bd 04       		.byte	4
 731 02be C4       		.byte	-60
 732 02bf 02       		.byte	2
 733 02c0 CA       		.byte	-54
 734 02c1 B6       		.byte	-74
 735 02c2 CC       		.byte	-52
 736 02c3 FE       		.byte	-2
 737 02c4 CE       		.byte	-50
 738 02c5 FE       		.byte	-2
 739 02c6 D0       		.byte	-48
 740 02c7 0E       		.byte	14
 741 02c8 D6       		.byte	-42
ARM GAS  C:\Users\tardi\AppData\Local\Temp\ccIWfzQb.s 			page 14


 742 02c9 0F       		.byte	15
 743 02ca D8       		.byte	-40
 744 02cb 81       		.byte	-127
 745 02cc E4       		.byte	-28
 746 02cd 04       		.byte	4
 747 02ce 04       		.byte	4
 748 02cf 07       		.byte	7
 749 02d0 05       		.byte	5
 750 02d1 31       		.byte	49
 751 02d2 07       		.byte	7
 752 02d3 46       		.byte	70
 753 02d4 08       		.byte	8
 754 02d5 09       		.byte	9
 755 02d6 0A       		.byte	10
 756 02d7 02       		.byte	2
 757 02d8 0D       		.byte	13
 758 02d9 6C       		.byte	108
 759 02da 0F       		.byte	15
 760 02db 03       		.byte	3
 761 02dc 14       		.byte	20
 762 02dd 0A       		.byte	10
 763 02de 16       		.byte	22
 764 02df 05       		.byte	5
 765 02e0 17       		.byte	23
 766 02e1 4C       		.byte	76
 767 02e2 19       		.byte	25
 768 02e3 31       		.byte	49
 769 02e4 1B       		.byte	27
 770 02e5 0E       		.byte	14
 771 02e6 1F       		.byte	31
 772 02e7 13       		.byte	19
 773 02e8 27       		.byte	39
 774 02e9 08       		.byte	8
 775 02ea 28       		.byte	40
 776 02eb 02       		.byte	2
 777 02ec 2A       		.byte	42
 778 02ed 0C       		.byte	12
 779 02ee 31       		.byte	49
 780 02ef 0F       		.byte	15
 781 02f0 32       		.byte	50
 782 02f1 0F       		.byte	15
 783 02f2 33       		.byte	51
 784 02f3 30       		.byte	48
 785 02f4 35       		.byte	53
 786 02f5 4A       		.byte	74
 787 02f6 38       		.byte	56
 788 02f7 08       		.byte	8
 789 02f8 39       		.byte	57
 790 02f9 08       		.byte	8
 791 02fa 3B       		.byte	59
 792 02fb 22       		.byte	34
 793 02fc 3F       		.byte	63
 794 02fd 04       		.byte	4
 795 02fe 40       		.byte	64
 796 02ff 03       		.byte	3
 797 0300 47       		.byte	71
 798 0301 04       		.byte	4
ARM GAS  C:\Users\tardi\AppData\Local\Temp\ccIWfzQb.s 			page 15


 799 0302 49       		.byte	73
 800 0303 FF       		.byte	-1
 801 0304 4A       		.byte	74
 802 0305 07       		.byte	7
 803 0306 4B       		.byte	75
 804 0307 FF       		.byte	-1
 805 0308 4C       		.byte	76
 806 0309 40       		.byte	64
 807 030a 4D       		.byte	77
 808 030b 20       		.byte	32
 809 030c 4E       		.byte	78
 810 030d F0       		.byte	-16
 811 030e 4F       		.byte	79
 812 030f 05       		.byte	5
 813 0310 50       		.byte	80
 814 0311 08       		.byte	8
 815 0312 58       		.byte	88
 816 0313 04       		.byte	4
 817 0314 59       		.byte	89
 818 0315 04       		.byte	4
 819 0316 5A       		.byte	90
 820 0317 04       		.byte	4
 821 0318 5C       		.byte	92
 822 0319 10       		.byte	16
 823 031a 5D       		.byte	93
 824 031b 01       		.byte	1
 825 031c 5F       		.byte	95
 826 031d 01       		.byte	1
 827 031e 60       		.byte	96
 828 031f 40       		.byte	64
 829 0320 61       		.byte	97
 830 0321 A8       		.byte	-88
 831 0322 62       		.byte	98
 832 0323 40       		.byte	64
 833 0324 63       		.byte	99
 834 0325 20       		.byte	32
 835 0326 01       		.byte	1
 836 0327 08       		.byte	8
 837 0328 03       		.byte	3
 838 0329 04       		.byte	4
 839 032a 05       		.byte	5
 840 032b 82       		.byte	-126
 841 032c 06       		.byte	6
 842 032d 08       		.byte	8
 843 032e 07       		.byte	7
 844 032f 20       		.byte	32
 845 0330 09       		.byte	9
 846 0331 04       		.byte	4
 847 0332 0E       		.byte	14
 848 0333 49       		.byte	73
 849 0334 13       		.byte	19
 850 0335 20       		.byte	32
 851 0336 15       		.byte	21
 852 0337 10       		.byte	16
 853 0338 16       		.byte	22
 854 0339 A0       		.byte	-96
 855 033a 17       		.byte	23
ARM GAS  C:\Users\tardi\AppData\Local\Temp\ccIWfzQb.s 			page 16


 856 033b 04       		.byte	4
 857 033c 19       		.byte	25
 858 033d 08       		.byte	8
 859 033e 1D       		.byte	29
 860 033f 04       		.byte	4
 861 0340 1E       		.byte	30
 862 0341 40       		.byte	64
 863 0342 21       		.byte	33
 864 0343 24       		.byte	36
 865 0344 23       		.byte	35
 866 0345 40       		.byte	64
 867 0346 25       		.byte	37
 868 0347 04       		.byte	4
 869 0348 26       		.byte	38
 870 0349 06       		.byte	6
 871 034a 27       		.byte	39
 872 034b 14       		.byte	20
 873 034c 2A       		.byte	42
 874 034d 04       		.byte	4
 875 034e 2E       		.byte	46
 876 034f A1       		.byte	-95
 877 0350 30       		.byte	48
 878 0351 80       		.byte	-128
 879 0352 31       		.byte	49
 880 0353 A0       		.byte	-96
 881 0354 33       		.byte	51
 882 0355 08       		.byte	8
 883 0356 35       		.byte	53
 884 0357 80       		.byte	-128
 885 0358 36       		.byte	54
 886 0359 06       		.byte	6
 887 035a 37       		.byte	55
 888 035b 20       		.byte	32
 889 035c 38       		.byte	56
 890 035d 04       		.byte	4
 891 035e 3B       		.byte	59
 892 035f 40       		.byte	64
 893 0360 3D       		.byte	61
 894 0361 80       		.byte	-128
 895 0362 3E       		.byte	62
 896 0363 18       		.byte	24
 897 0364 41       		.byte	65
 898 0365 04       		.byte	4
 899 0366 47       		.byte	71
 900 0367 15       		.byte	21
 901 0368 48       		.byte	72
 902 0369 80       		.byte	-128
 903 036a 4C       		.byte	76
 904 036b 02       		.byte	2
 905 036c 4D       		.byte	77
 906 036d 02       		.byte	2
 907 036e 4E       		.byte	78
 908 036f 88       		.byte	-120
 909 0370 4F       		.byte	79
 910 0371 04       		.byte	4
 911 0372 50       		.byte	80
 912 0373 08       		.byte	8
ARM GAS  C:\Users\tardi\AppData\Local\Temp\ccIWfzQb.s 			page 17


 913 0374 52       		.byte	82
 914 0375 04       		.byte	4
 915 0376 55       		.byte	85
 916 0377 40       		.byte	64
 917 0378 56       		.byte	86
 918 0379 10       		.byte	16
 919 037a 57       		.byte	87
 920 037b 82       		.byte	-126
 921 037c 5C       		.byte	92
 922 037d 20       		.byte	32
 923 037e 5D       		.byte	93
 924 037f 01       		.byte	1
 925 0380 5E       		.byte	94
 926 0381 80       		.byte	-128
 927 0382 5F       		.byte	95
 928 0383 04       		.byte	4
 929 0384 64       		.byte	100
 930 0385 01       		.byte	1
 931 0386 85       		.byte	-123
 932 0387 01       		.byte	1
 933 0388 86       		.byte	-122
 934 0389 08       		.byte	8
 935 038a 89       		.byte	-119
 936 038b 08       		.byte	8
 937 038c 8D       		.byte	-115
 938 038d 40       		.byte	64
 939 038e 90       		.byte	-112
 940 038f 04       		.byte	4
 941 0390 91       		.byte	-111
 942 0391 70       		.byte	112
 943 0392 92       		.byte	-110
 944 0393 13       		.byte	19
 945 0394 93       		.byte	-109
 946 0395 10       		.byte	16
 947 0396 94       		.byte	-108
 948 0397 20       		.byte	32
 949 0398 96       		.byte	-106
 950 0399 04       		.byte	4
 951 039a 97       		.byte	-105
 952 039b 60       		.byte	96
 953 039c 98       		.byte	-104
 954 039d 08       		.byte	8
 955 039e 99       		.byte	-103
 956 039f 80       		.byte	-128
 957 03a0 9A       		.byte	-102
 958 03a1 88       		.byte	-120
 959 03a2 9C       		.byte	-100
 960 03a3 80       		.byte	-128
 961 03a4 9E       		.byte	-98
 962 03a5 20       		.byte	32
 963 03a6 9F       		.byte	-97
 964 03a7 34       		.byte	52
 965 03a8 A0       		.byte	-96
 966 03a9 02       		.byte	2
 967 03aa A1       		.byte	-95
 968 03ab 02       		.byte	2
 969 03ac A2       		.byte	-94
ARM GAS  C:\Users\tardi\AppData\Local\Temp\ccIWfzQb.s 			page 18


 970 03ad 48       		.byte	72
 971 03ae A3       		.byte	-93
 972 03af 08       		.byte	8
 973 03b0 A4       		.byte	-92
 974 03b1 88       		.byte	-120
 975 03b2 A5       		.byte	-91
 976 03b3 A0       		.byte	-96
 977 03b4 A6       		.byte	-90
 978 03b5 06       		.byte	6
 979 03b6 A7       		.byte	-89
 980 03b7 02       		.byte	2
 981 03b8 B4       		.byte	-76
 982 03b9 02       		.byte	2
 983 03ba B5       		.byte	-75
 984 03bb 01       		.byte	1
 985 03bc C0       		.byte	-64
 986 03bd F6       		.byte	-10
 987 03be C2       		.byte	-62
 988 03bf D4       		.byte	-44
 989 03c0 C4       		.byte	-60
 990 03c1 72       		.byte	114
 991 03c2 CA       		.byte	-54
 992 03c3 B2       		.byte	-78
 993 03c4 CC       		.byte	-52
 994 03c5 FE       		.byte	-2
 995 03c6 CE       		.byte	-50
 996 03c7 7A       		.byte	122
 997 03c8 D0       		.byte	-48
 998 03c9 E2       		.byte	-30
 999 03ca D2       		.byte	-46
 1000 03cb 30       		.byte	48
 1001 03cc D6       		.byte	-42
 1002 03cd F0       		.byte	-16
 1003 03ce D8       		.byte	-40
 1004 03cf 10       		.byte	16
 1005 03d0 E2       		.byte	-30
 1006 03d1 40       		.byte	64
 1007 03d2 06       		.byte	6
 1008 03d3 03       		.byte	3
 1009 03d4 09       		.byte	9
 1010 03d5 03       		.byte	3
 1011 03d6 0B       		.byte	11
 1012 03d7 04       		.byte	4
 1013 03d8 0D       		.byte	13
 1014 03d9 08       		.byte	8
 1015 03da 15       		.byte	21
 1016 03db 0D       		.byte	13
 1017 03dc 16       		.byte	22
 1018 03dd 05       		.byte	5
 1019 03de 17       		.byte	23
 1020 03df 02       		.byte	2
 1021 03e0 19       		.byte	25
 1022 03e1 09       		.byte	9
 1023 03e2 1A       		.byte	26
 1024 03e3 02       		.byte	2
 1025 03e4 1E       		.byte	30
 1026 03e5 05       		.byte	5
ARM GAS  C:\Users\tardi\AppData\Local\Temp\ccIWfzQb.s 			page 19


 1027 03e6 32       		.byte	50
 1028 03e7 04       		.byte	4
 1029 03e8 33       		.byte	51
 1030 03e9 0E       		.byte	14
 1031 03ea 34       		.byte	52
 1032 03eb 03       		.byte	3
 1033 03ec 37       		.byte	55
 1034 03ed 01       		.byte	1
 1035 03ee 3B       		.byte	59
 1036 03ef 08       		.byte	8
 1037 03f0 3E       		.byte	62
 1038 03f1 04       		.byte	4
 1039 03f2 3F       		.byte	63
 1040 03f3 40       		.byte	64
 1041 03f4 40       		.byte	64
 1042 03f5 52       		.byte	82
 1043 03f6 41       		.byte	65
 1044 03f7 04       		.byte	4
 1045 03f8 42       		.byte	66
 1046 03f9 06       		.byte	6
 1047 03fa 44       		.byte	68
 1048 03fb 01       		.byte	1
 1049 03fc 45       		.byte	69
 1050 03fd C0       		.byte	-64
 1051 03fe 46       		.byte	70
 1052 03ff E0       		.byte	-32
 1053 0400 48       		.byte	72
 1054 0401 0A       		.byte	10
 1055 0402 49       		.byte	73
 1056 0403 FF       		.byte	-1
 1057 0404 4A       		.byte	74
 1058 0405 FF       		.byte	-1
 1059 0406 4B       		.byte	75
 1060 0407 FF       		.byte	-1
 1061 0408 4C       		.byte	76
 1062 0409 02       		.byte	2
 1063 040a 4D       		.byte	77
 1064 040b 20       		.byte	32
 1065 040c 4F       		.byte	79
 1066 040d 05       		.byte	5
 1067 040e 50       		.byte	80
 1068 040f 04       		.byte	4
 1069 0410 52       		.byte	82
 1070 0411 06       		.byte	6
 1071 0412 54       		.byte	84
 1072 0413 01       		.byte	1
 1073 0414 58       		.byte	88
 1074 0415 04       		.byte	4
 1075 0416 59       		.byte	89
 1076 0417 04       		.byte	4
 1077 0418 5A       		.byte	90
 1078 0419 04       		.byte	4
 1079 041a 5B       		.byte	91
 1080 041b 04       		.byte	4
 1081 041c 5C       		.byte	92
 1082 041d 02       		.byte	2
 1083 041e 5D       		.byte	93
ARM GAS  C:\Users\tardi\AppData\Local\Temp\ccIWfzQb.s 			page 20


 1084 041f 22       		.byte	34
 1085 0420 5F       		.byte	95
 1086 0421 01       		.byte	1
 1087 0422 62       		.byte	98
 1088 0423 40       		.byte	64
 1089 0424 63       		.byte	99
 1090 0425 01       		.byte	1
 1091 0426 64       		.byte	100
 1092 0427 40       		.byte	64
 1093 0428 65       		.byte	101
 1094 0429 01       		.byte	1
 1095 042a 66       		.byte	102
 1096 042b 50       		.byte	80
 1097 042c 67       		.byte	103
 1098 042d 01       		.byte	1
 1099 042e 68       		.byte	104
 1100 042f 40       		.byte	64
 1101 0430 69       		.byte	105
 1102 0431 01       		.byte	1
 1103 0432 6A       		.byte	106
 1104 0433 70       		.byte	112
 1105 0434 6B       		.byte	107
 1106 0435 10       		.byte	16
 1107 0436 6C       		.byte	108
 1108 0437 40       		.byte	64
 1109 0438 6D       		.byte	109
 1110 0439 10       		.byte	16
 1111 043a 86       		.byte	-122
 1112 043b 03       		.byte	3
 1113 043c 87       		.byte	-121
 1114 043d 01       		.byte	1
 1115 043e 88       		.byte	-120
 1116 043f 01       		.byte	1
 1117 0440 8A       		.byte	-118
 1118 0441 28       		.byte	40
 1119 0442 8F       		.byte	-113
 1120 0443 01       		.byte	1
 1121 0444 90       		.byte	-112
 1122 0445 07       		.byte	7
 1123 0446 94       		.byte	-108
 1124 0447 07       		.byte	7
 1125 0448 9A       		.byte	-102
 1126 0449 07       		.byte	7
 1127 044a 9B       		.byte	-101
 1128 044b 02       		.byte	2
 1129 044c 9E       		.byte	-98
 1130 044d 07       		.byte	7
 1131 044e A4       		.byte	-92
 1132 044f 02       		.byte	2
 1133 0450 A6       		.byte	-90
 1134 0451 08       		.byte	8
 1135 0452 A7       		.byte	-89
 1136 0453 02       		.byte	2
 1137 0454 A8       		.byte	-88
 1138 0455 03       		.byte	3
 1139 0456 AA       		.byte	-86
 1140 0457 10       		.byte	16
ARM GAS  C:\Users\tardi\AppData\Local\Temp\ccIWfzQb.s 			page 21


 1141 0458 B0       		.byte	-80
 1142 0459 03       		.byte	3
 1143 045a B1       		.byte	-79
 1144 045b 01       		.byte	1
 1145 045c B2       		.byte	-78
 1146 045d 04       		.byte	4
 1147 045e B4       		.byte	-76
 1148 045f 20       		.byte	32
 1149 0460 B5       		.byte	-75
 1150 0461 02       		.byte	2
 1151 0462 B6       		.byte	-74
 1152 0463 18       		.byte	24
 1153 0464 B8       		.byte	-72
 1154 0465 08       		.byte	8
 1155 0466 BB       		.byte	-69
 1156 0467 08       		.byte	8
 1157 0468 BE       		.byte	-66
 1158 0469 40       		.byte	64
 1159 046a BF       		.byte	-65
 1160 046b 11       		.byte	17
 1161 046c C0       		.byte	-64
 1162 046d 46       		.byte	70
 1163 046e C1       		.byte	-63
 1164 046f 03       		.byte	3
 1165 0470 C2       		.byte	-62
 1166 0471 02       		.byte	2
 1167 0472 C4       		.byte	-60
 1168 0473 01       		.byte	1
 1169 0474 C6       		.byte	-58
 1170 0475 EC       		.byte	-20
 1171 0476 C8       		.byte	-56
 1172 0477 0C       		.byte	12
 1173 0478 C9       		.byte	-55
 1174 0479 FF       		.byte	-1
 1175 047a CA       		.byte	-54
 1176 047b FF       		.byte	-1
 1177 047c CB       		.byte	-53
 1178 047d FF       		.byte	-1
 1179 047e CC       		.byte	-52
 1180 047f 62       		.byte	98
 1181 0480 CD       		.byte	-51
 1182 0481 A0       		.byte	-96
 1183 0482 CE       		.byte	-50
 1184 0483 F0       		.byte	-16
 1185 0484 CF       		.byte	-49
 1186 0485 41       		.byte	65
 1187 0486 D0       		.byte	-48
 1188 0487 0C       		.byte	12
 1189 0488 D4       		.byte	-44
 1190 0489 40       		.byte	64
 1191 048a D8       		.byte	-40
 1192 048b 04       		.byte	4
 1193 048c D9       		.byte	-39
 1194 048d 04       		.byte	4
 1195 048e DA       		.byte	-38
 1196 048f 04       		.byte	4
 1197 0490 DB       		.byte	-37
ARM GAS  C:\Users\tardi\AppData\Local\Temp\ccIWfzQb.s 			page 22


 1198 0491 04       		.byte	4
 1199 0492 DC       		.byte	-36
 1200 0493 11       		.byte	17
 1201 0494 DD       		.byte	-35
 1202 0495 01       		.byte	1
 1203 0496 DF       		.byte	-33
 1204 0497 01       		.byte	1
 1205 0498 E6       		.byte	-26
 1206 0499 40       		.byte	64
 1207 049a E7       		.byte	-25
 1208 049b 02       		.byte	2
 1209 049c E9       		.byte	-23
 1210 049d 10       		.byte	16
 1211 049e EA       		.byte	-22
 1212 049f 30       		.byte	48
 1213 04a0 EB       		.byte	-21
 1214 04a1 10       		.byte	16
 1215 04a2 ED       		.byte	-19
 1216 04a3 10       		.byte	16
 1217 04a4 EE       		.byte	-18
 1218 04a5 10       		.byte	16
 1219 04a6 EF       		.byte	-17
 1220 04a7 12       		.byte	18
 1221 04a8 00       		.byte	0
 1222 04a9 08       		.byte	8
 1223 04aa 01       		.byte	1
 1224 04ab 20       		.byte	32
 1225 04ac 04       		.byte	4
 1226 04ad 08       		.byte	8
 1227 04ae 09       		.byte	9
 1228 04af 08       		.byte	8
 1229 04b0 0A       		.byte	10
 1230 04b1 49       		.byte	73
 1231 04b2 0E       		.byte	14
 1232 04b3 04       		.byte	4
 1233 04b4 0F       		.byte	15
 1234 04b5 12       		.byte	18
 1235 04b6 11       		.byte	17
 1236 04b7 28       		.byte	40
 1237 04b8 15       		.byte	21
 1238 04b9 02       		.byte	2
 1239 04ba 16       		.byte	22
 1240 04bb 40       		.byte	64
 1241 04bc 18       		.byte	24
 1242 04bd 01       		.byte	1
 1243 04be 19       		.byte	25
 1244 04bf 1A       		.byte	26
 1245 04c0 1E       		.byte	30
 1246 04c1 04       		.byte	4
 1247 04c2 1F       		.byte	31
 1248 04c3 08       		.byte	8
 1249 04c4 21       		.byte	33
 1250 04c5 09       		.byte	9
 1251 04c6 23       		.byte	35
 1252 04c7 04       		.byte	4
 1253 04c8 27       		.byte	39
 1254 04c9 21       		.byte	33
ARM GAS  C:\Users\tardi\AppData\Local\Temp\ccIWfzQb.s 			page 23


 1255 04ca 29       		.byte	41
 1256 04cb 08       		.byte	8
 1257 04cc 30       		.byte	48
 1258 04cd 21       		.byte	33
 1259 04ce 33       		.byte	51
 1260 04cf 01       		.byte	1
 1261 04d0 36       		.byte	54
 1262 04d1 04       		.byte	4
 1263 04d2 37       		.byte	55
 1264 04d3 20       		.byte	32
 1265 04d4 38       		.byte	56
 1266 04d5 84       		.byte	-124
 1267 04d6 39       		.byte	57
 1268 04d7 08       		.byte	8
 1269 04d8 3D       		.byte	61
 1270 04d9 80       		.byte	-128
 1271 04da 3E       		.byte	62
 1272 04db 20       		.byte	32
 1273 04dc 40       		.byte	64
 1274 04dd 05       		.byte	5
 1275 04de 41       		.byte	65
 1276 04df 08       		.byte	8
 1277 04e0 42       		.byte	66
 1278 04e1 40       		.byte	64
 1279 04e2 44       		.byte	68
 1280 04e3 08       		.byte	8
 1281 04e4 45       		.byte	69
 1282 04e5 82       		.byte	-126
 1283 04e6 48       		.byte	72
 1284 04e7 04       		.byte	4
 1285 04e8 4E       		.byte	78
 1286 04e9 01       		.byte	1
 1287 04ea 4F       		.byte	79
 1288 04eb 12       		.byte	18
 1289 04ec 50       		.byte	80
 1290 04ed 60       		.byte	96
 1291 04ee 57       		.byte	87
 1292 04ef 10       		.byte	16
 1293 04f0 5E       		.byte	94
 1294 04f1 20       		.byte	32
 1295 04f2 5F       		.byte	95
 1296 04f3 40       		.byte	64
 1297 04f4 61       		.byte	97
 1298 04f5 04       		.byte	4
 1299 04f6 62       		.byte	98
 1300 04f7 90       		.byte	-112
 1301 04f8 6C       		.byte	108
 1302 04f9 14       		.byte	20
 1303 04fa 6F       		.byte	111
 1304 04fb 20       		.byte	32
 1305 04fc 7A       		.byte	122
 1306 04fd 10       		.byte	16
 1307 04fe 7B       		.byte	123
 1308 04ff 10       		.byte	16
 1309 0500 7F       		.byte	127
 1310 0501 30       		.byte	48
 1311 0502 83       		.byte	-125
ARM GAS  C:\Users\tardi\AppData\Local\Temp\ccIWfzQb.s 			page 24


 1312 0503 10       		.byte	16
 1313 0504 91       		.byte	-111
 1314 0505 60       		.byte	96
 1315 0506 92       		.byte	-110
 1316 0507 02       		.byte	2
 1317 0508 93       		.byte	-109
 1318 0509 10       		.byte	16
 1319 050a 94       		.byte	-108
 1320 050b 20       		.byte	32
 1321 050c 96       		.byte	-106
 1322 050d 04       		.byte	4
 1323 050e 97       		.byte	-105
 1324 050f 20       		.byte	32
 1325 0510 98       		.byte	-104
 1326 0511 08       		.byte	8
 1327 0512 99       		.byte	-103
 1328 0513 04       		.byte	4
 1329 0514 9A       		.byte	-102
 1330 0515 30       		.byte	48
 1331 0516 9C       		.byte	-100
 1332 0517 81       		.byte	-127
 1333 0518 9F       		.byte	-97
 1334 0519 20       		.byte	32
 1335 051a A1       		.byte	-95
 1336 051b 42       		.byte	66
 1337 051c A2       		.byte	-94
 1338 051d 84       		.byte	-124
 1339 051e A8       		.byte	-88
 1340 051f 20       		.byte	32
 1341 0520 AB       		.byte	-85
 1342 0521 80       		.byte	-128
 1343 0522 AF       		.byte	-81
 1344 0523 21       		.byte	33
 1345 0524 C0       		.byte	-64
 1346 0525 26       		.byte	38
 1347 0526 C2       		.byte	-62
 1348 0527 EF       		.byte	-17
 1349 0528 C4       		.byte	-60
 1350 0529 06       		.byte	6
 1351 052a CA       		.byte	-54
 1352 052b 02       		.byte	2
 1353 052c CC       		.byte	-52
 1354 052d 64       		.byte	100
 1355 052e CE       		.byte	-50
 1356 052f 3A       		.byte	58
 1357 0530 D0       		.byte	-48
 1358 0531 BF       		.byte	-65
 1359 0532 D2       		.byte	-46
 1360 0533 34       		.byte	52
 1361 0534 D6       		.byte	-42
 1362 0535 30       		.byte	48
 1363 0536 D8       		.byte	-40
 1364 0537 0E       		.byte	14
 1365 0538 E0       		.byte	-32
 1366 0539 80       		.byte	-128
 1367 053a E8       		.byte	-24
 1368 053b 10       		.byte	16
ARM GAS  C:\Users\tardi\AppData\Local\Temp\ccIWfzQb.s 			page 25


 1369 053c EE       		.byte	-18
 1370 053d 40       		.byte	64
 1371 053e E4       		.byte	-28
 1372 053f 04       		.byte	4
 1373 0540 A9       		.byte	-87
 1374 0541 21       		.byte	33
 1375 0542 B2       		.byte	-78
 1376 0543 80       		.byte	-128
 1377 0544 B5       		.byte	-75
 1378 0545 40       		.byte	64
 1379 0546 B6       		.byte	-74
 1380 0547 10       		.byte	16
 1381 0548 EA       		.byte	-22
 1382 0549 80       		.byte	-128
 1383 054a 05       		.byte	5
 1384 054b 1F       		.byte	31
 1385 054c 09       		.byte	9
 1386 054d 08       		.byte	8
 1387 054e 0B       		.byte	11
 1388 054f 14       		.byte	20
 1389 0550 0D       		.byte	13
 1390 0551 20       		.byte	32
 1391 0552 15       		.byte	21
 1392 0553 12       		.byte	18
 1393 0554 17       		.byte	23
 1394 0555 09       		.byte	9
 1395 0556 19       		.byte	25
 1396 0557 05       		.byte	5
 1397 0558 1B       		.byte	27
 1398 0559 0A       		.byte	10
 1399 055a 1E       		.byte	30
 1400 055b 02       		.byte	2
 1401 055c 29       		.byte	41
 1402 055d 1F       		.byte	31
 1403 055e 2A       		.byte	42
 1404 055f 01       		.byte	1
 1405 0560 2C       		.byte	44
 1406 0561 01       		.byte	1
 1407 0562 2E       		.byte	46
 1408 0563 02       		.byte	2
 1409 0564 33       		.byte	51
 1410 0565 03       		.byte	3
 1411 0566 35       		.byte	53
 1412 0567 1C       		.byte	28
 1413 0568 36       		.byte	54
 1414 0569 03       		.byte	3
 1415 056a 37       		.byte	55
 1416 056b 20       		.byte	32
 1417 056c 3F       		.byte	63
 1418 056d 40       		.byte	64
 1419 056e 54       		.byte	84
 1420 056f 18       		.byte	24
 1421 0570 58       		.byte	88
 1422 0571 04       		.byte	4
 1423 0572 59       		.byte	89
 1424 0573 04       		.byte	4
 1425 0574 5B       		.byte	91
ARM GAS  C:\Users\tardi\AppData\Local\Temp\ccIWfzQb.s 			page 26


 1426 0575 04       		.byte	4
 1427 0576 5C       		.byte	92
 1428 0577 12       		.byte	18
 1429 0578 5D       		.byte	93
 1430 0579 10       		.byte	16
 1431 057a 5F       		.byte	95
 1432 057b 01       		.byte	1
 1433 057c 80       		.byte	-128
 1434 057d D9       		.byte	-39
 1435 057e 82       		.byte	-126
 1436 057f 22       		.byte	34
 1437 0580 85       		.byte	-123
 1438 0581 0C       		.byte	12
 1439 0582 86       		.byte	-122
 1440 0583 E6       		.byte	-26
 1441 0584 88       		.byte	-120
 1442 0585 19       		.byte	25
 1443 0586 89       		.byte	-119
 1444 0587 04       		.byte	4
 1445 0588 8A       		.byte	-118
 1446 0589 E4       		.byte	-28
 1447 058a 8C       		.byte	-116
 1448 058b E7       		.byte	-25
 1449 058c 8D       		.byte	-115
 1450 058d 01       		.byte	1
 1451 058e 8E       		.byte	-114
 1452 058f 18       		.byte	24
 1453 0590 90       		.byte	-112
 1454 0591 41       		.byte	65
 1455 0592 91       		.byte	-111
 1456 0593 01       		.byte	1
 1457 0594 94       		.byte	-108
 1458 0595 18       		.byte	24
 1459 0596 95       		.byte	-107
 1460 0597 1E       		.byte	30
 1461 0598 98       		.byte	-104
 1462 0599 08       		.byte	8
 1463 059a 9B       		.byte	-101
 1464 059b 02       		.byte	2
 1465 059c 9D       		.byte	-99
 1466 059d 08       		.byte	8
 1467 059e 9E       		.byte	-98
 1468 059f 01       		.byte	1
 1469 05a0 A0       		.byte	-96
 1470 05a1 10       		.byte	16
 1471 05a2 A1       		.byte	-95
 1472 05a3 12       		.byte	18
 1473 05a4 A3       		.byte	-93
 1474 05a5 0C       		.byte	12
 1475 05a6 A4       		.byte	-92
 1476 05a7 80       		.byte	-128
 1477 05a8 A5       		.byte	-91
 1478 05a9 01       		.byte	1
 1479 05aa A8       		.byte	-88
 1480 05ab C0       		.byte	-64
 1481 05ac A9       		.byte	-87
 1482 05ad 1E       		.byte	30
ARM GAS  C:\Users\tardi\AppData\Local\Temp\ccIWfzQb.s 			page 27


 1483 05ae AC       		.byte	-84
 1484 05af FF       		.byte	-1
 1485 05b0 AD       		.byte	-83
 1486 05b1 1C       		.byte	28
 1487 05b2 AF       		.byte	-81
 1488 05b3 02       		.byte	2
 1489 05b4 B0       		.byte	-80
 1490 05b5 D8       		.byte	-40
 1491 05b6 B3       		.byte	-77
 1492 05b7 0E       		.byte	14
 1493 05b8 B4       		.byte	-76
 1494 05b9 1F       		.byte	31
 1495 05ba B5       		.byte	-75
 1496 05bb 01       		.byte	1
 1497 05bc B6       		.byte	-74
 1498 05bd 38       		.byte	56
 1499 05be B7       		.byte	-73
 1500 05bf 10       		.byte	16
 1501 05c0 BA       		.byte	-70
 1502 05c1 A2       		.byte	-94
 1503 05c2 BF       		.byte	-65
 1504 05c3 40       		.byte	64
 1505 05c4 D6       		.byte	-42
 1506 05c5 02       		.byte	2
 1507 05c6 D7       		.byte	-41
 1508 05c7 10       		.byte	16
 1509 05c8 D8       		.byte	-40
 1510 05c9 04       		.byte	4
 1511 05ca D9       		.byte	-39
 1512 05cb 04       		.byte	4
 1513 05cc DB       		.byte	-37
 1514 05cd 04       		.byte	4
 1515 05ce DC       		.byte	-36
 1516 05cf 11       		.byte	17
 1517 05d0 DD       		.byte	-35
 1518 05d1 10       		.byte	16
 1519 05d2 DF       		.byte	-33
 1520 05d3 01       		.byte	1
 1521 05d4 00       		.byte	0
 1522 05d5 08       		.byte	8
 1523 05d6 03       		.byte	3
 1524 05d7 8A       		.byte	-118
 1525 05d8 09       		.byte	9
 1526 05d9 21       		.byte	33
 1527 05da 0B       		.byte	11
 1528 05db 12       		.byte	18
 1529 05dc 0D       		.byte	13
 1530 05dd 80       		.byte	-128
 1531 05de 10       		.byte	16
 1532 05df 81       		.byte	-127
 1533 05e0 11       		.byte	17
 1534 05e1 28       		.byte	40
 1535 05e2 15       		.byte	21
 1536 05e3 40       		.byte	64
 1537 05e4 16       		.byte	22
 1538 05e5 04       		.byte	4
 1539 05e6 19       		.byte	25
ARM GAS  C:\Users\tardi\AppData\Local\Temp\ccIWfzQb.s 			page 28


 1540 05e7 51       		.byte	81
 1541 05e8 1A       		.byte	26
 1542 05e9 49       		.byte	73
 1543 05ea 1B       		.byte	27
 1544 05eb 82       		.byte	-126
 1545 05ec 1D       		.byte	29
 1546 05ed 80       		.byte	-128
 1547 05ee 20       		.byte	32
 1548 05ef 08       		.byte	8
 1549 05f0 21       		.byte	33
 1550 05f1 04       		.byte	4
 1551 05f2 22       		.byte	34
 1552 05f3 50       		.byte	80
 1553 05f4 25       		.byte	37
 1554 05f5 14       		.byte	20
 1555 05f6 26       		.byte	38
 1556 05f7 88       		.byte	-120
 1557 05f8 29       		.byte	41
 1558 05f9 51       		.byte	81
 1559 05fa 2A       		.byte	42
 1560 05fb 08       		.byte	8
 1561 05fc 2B       		.byte	43
 1562 05fd 08       		.byte	8
 1563 05fe 2E       		.byte	46
 1564 05ff 10       		.byte	16
 1565 0600 30       		.byte	48
 1566 0601 82       		.byte	-126
 1567 0602 31       		.byte	49
 1568 0603 08       		.byte	8
 1569 0604 32       		.byte	50
 1570 0605 10       		.byte	16
 1571 0606 35       		.byte	53
 1572 0607 20       		.byte	32
 1573 0608 36       		.byte	54
 1574 0609 08       		.byte	8
 1575 060a 38       		.byte	56
 1576 060b 28       		.byte	40
 1577 060c 39       		.byte	57
 1578 060d 80       		.byte	-128
 1579 060e 3C       		.byte	60
 1580 060f 80       		.byte	-128
 1581 0610 3D       		.byte	61
 1582 0611 20       		.byte	32
 1583 0612 3E       		.byte	62
 1584 0613 0C       		.byte	12
 1585 0614 5A       		.byte	90
 1586 0615 80       		.byte	-128
 1587 0616 5D       		.byte	93
 1588 0617 02       		.byte	2
 1589 0618 66       		.byte	102
 1590 0619 40       		.byte	64
 1591 061a 67       		.byte	103
 1592 061b 04       		.byte	4
 1593 061c 68       		.byte	104
 1594 061d 02       		.byte	2
 1595 061e 6A       		.byte	106
 1596 061f 14       		.byte	20
ARM GAS  C:\Users\tardi\AppData\Local\Temp\ccIWfzQb.s 			page 29


 1597 0620 70       		.byte	112
 1598 0621 94       		.byte	-108
 1599 0622 71       		.byte	113
 1600 0623 20       		.byte	32
 1601 0624 73       		.byte	115
 1602 0625 10       		.byte	16
 1603 0626 84       		.byte	-124
 1604 0627 01       		.byte	1
 1605 0628 85       		.byte	-123
 1606 0629 08       		.byte	8
 1607 062a 91       		.byte	-111
 1608 062b 40       		.byte	64
 1609 062c 93       		.byte	-109
 1610 062d 06       		.byte	6
 1611 062e 95       		.byte	-107
 1612 062f 08       		.byte	8
 1613 0630 96       		.byte	-106
 1614 0631 49       		.byte	73
 1615 0632 99       		.byte	-103
 1616 0633 02       		.byte	2
 1617 0634 9A       		.byte	-102
 1618 0635 44       		.byte	68
 1619 0636 9D       		.byte	-99
 1620 0637 20       		.byte	32
 1621 0638 A0       		.byte	-96
 1622 0639 40       		.byte	64
 1623 063a A1       		.byte	-95
 1624 063b 08       		.byte	8
 1625 063c A4       		.byte	-92
 1626 063d 04       		.byte	4
 1627 063e A5       		.byte	-91
 1628 063f 94       		.byte	-108
 1629 0640 A9       		.byte	-87
 1630 0641 10       		.byte	16
 1631 0642 AB       		.byte	-85
 1632 0643 01       		.byte	1
 1633 0644 AF       		.byte	-81
 1634 0645 48       		.byte	72
 1635 0646 B0       		.byte	-80
 1636 0647 40       		.byte	64
 1637 0648 B1       		.byte	-79
 1638 0649 10       		.byte	16
 1639 064a B4       		.byte	-76
 1640 064b 84       		.byte	-124
 1641 064c B6       		.byte	-74
 1642 064d 04       		.byte	4
 1643 064e C0       		.byte	-64
 1644 064f 0F       		.byte	15
 1645 0650 C2       		.byte	-62
 1646 0651 8F       		.byte	-113
 1647 0652 C4       		.byte	-60
 1648 0653 CF       		.byte	-49
 1649 0654 CA       		.byte	-54
 1650 0655 2F       		.byte	47
 1651 0656 CC       		.byte	-52
 1652 0657 6F       		.byte	111
 1653 0658 CE       		.byte	-50
ARM GAS  C:\Users\tardi\AppData\Local\Temp\ccIWfzQb.s 			page 30


 1654 0659 7E       		.byte	126
 1655 065a D6       		.byte	-42
 1656 065b 88       		.byte	-120
 1657 065c D8       		.byte	-40
 1658 065d 30       		.byte	48
 1659 065e EE       		.byte	-18
 1660 065f 10       		.byte	16
 1661 0660 37       		.byte	55
 1662 0661 10       		.byte	16
 1663 0662 3C       		.byte	60
 1664 0663 10       		.byte	16
 1665 0664 8D       		.byte	-115
 1666 0665 08       		.byte	8
 1667 0666 CC       		.byte	-52
 1668 0667 20       		.byte	32
 1669 0668 CE       		.byte	-50
 1670 0669 20       		.byte	32
 1671 066a 83       		.byte	-125
 1672 066b 10       		.byte	16
 1673 066c 94       		.byte	-108
 1674 066d 10       		.byte	16
 1675 066e 9F       		.byte	-97
 1676 066f 10       		.byte	16
 1677 0670 A1       		.byte	-95
 1678 0671 08       		.byte	8
 1679 0672 E2       		.byte	-30
 1680 0673 20       		.byte	32
 1681 0674 51       		.byte	81
 1682 0675 08       		.byte	8
 1683 0676 57       		.byte	87
 1684 0677 20       		.byte	32
 1685 0678 8F       		.byte	-113
 1686 0679 20       		.byte	32
 1687 067a 94       		.byte	-108
 1688 067b 10       		.byte	16
 1689 067c A1       		.byte	-95
 1690 067d 08       		.byte	8
 1691 067e D4       		.byte	-44
 1692 067f 60       		.byte	96
 1693 0680 80       		.byte	-128
 1694 0681 10       		.byte	16
 1695 0682 94       		.byte	-108
 1696 0683 10       		.byte	16
 1697 0684 E6       		.byte	-26
 1698 0685 80       		.byte	-128
 1699 0686 13       		.byte	19
 1700 0687 01       		.byte	1
 1701 0688 C4       		.byte	-60
 1702 0689 08       		.byte	8
 1703 068a 04       		.byte	4
 1704 068b 20       		.byte	32
 1705 068c 56       		.byte	86
 1706 068d 02       		.byte	2
 1707 068e 57       		.byte	87
 1708 068f 10       		.byte	16
 1709 0690 58       		.byte	88
 1710 0691 20       		.byte	32
ARM GAS  C:\Users\tardi\AppData\Local\Temp\ccIWfzQb.s 			page 31


 1711 0692 82       		.byte	-126
 1712 0693 02       		.byte	2
 1713 0694 93       		.byte	-109
 1714 0695 01       		.byte	1
 1715 0696 C0       		.byte	-64
 1716 0697 01       		.byte	1
 1717 0698 D4       		.byte	-44
 1718 0699 03       		.byte	3
 1719 069a D6       		.byte	-42
 1720 069b 04       		.byte	4
 1721 069c 88       		.byte	-120
 1722 069d 20       		.byte	32
 1723 069e 93       		.byte	-109
 1724 069f 01       		.byte	1
 1725 06a0 9C       		.byte	-100
 1726 06a1 20       		.byte	32
 1727 06a2 B4       		.byte	-76
 1728 06a3 10       		.byte	16
 1729 06a4 B7       		.byte	-73
 1730 06a5 10       		.byte	16
 1731 06a6 E0       		.byte	-32
 1732 06a7 01       		.byte	1
 1733 06a8 E8       		.byte	-24
 1734 06a9 08       		.byte	8
 1735 06aa EE       		.byte	-18
 1736 06ab 02       		.byte	2
 1737 06ac 93       		.byte	-109
 1738 06ad 01       		.byte	1
 1739 06ae 03       		.byte	3
 1740 06af 08       		.byte	8
 1741 06b0 59       		.byte	89
 1742 06b1 40       		.byte	64
 1743 06b2 C0       		.byte	-64
 1744 06b3 40       		.byte	64
 1745 06b4 D4       		.byte	-44
 1746 06b5 80       		.byte	-128
 1747 06b6 AB       		.byte	-85
 1748 06b7 08       		.byte	8
 1749 06b8 B1       		.byte	-79
 1750 06b9 40       		.byte	64
 1751 06ba EC       		.byte	-20
 1752 06bb 80       		.byte	-128
 1753 06bc B7       		.byte	-73
 1754 06bd 01       		.byte	1
 1755 06be EE       		.byte	-18
 1756 06bf 08       		.byte	8
 1757 06c0 00       		.byte	0
 1758 06c1 07       		.byte	7
 1759 06c2 08       		.byte	8
 1760 06c3 07       		.byte	7
 1761 06c4 0A       		.byte	10
 1762 06c5 07       		.byte	7
 1763 06c6 10       		.byte	16
 1764 06c7 06       		.byte	6
 1765 06c8 1A       		.byte	26
 1766 06c9 06       		.byte	6
 1767 06ca 00       		.byte	0
ARM GAS  C:\Users\tardi\AppData\Local\Temp\ccIWfzQb.s 			page 32


 1768 06cb 0D       		.byte	13
 1769 06cc 10       		.byte	16
 1770 06cd 02       		.byte	2
 1771 06ce 00       		.byte	0
 1772 06cf 00       		.byte	0
 1773 06d0 00       		.byte	0
 1774 06d1 00       		.byte	0
 1775 06d2 01       		.byte	1
 1776 06d3 00       		.byte	0
 1777 06d4 04       		.byte	4
 1778 06d5 92       		.byte	-110
 1779 06d6 10       		.byte	16
 1780 06d7 04       		.byte	4
 1781 06d8 1B       		.byte	27
 1782 06d9 04       		.byte	4
 1783 06da 00       		.byte	0
 1784 06db 92       		.byte	-110
 1785 06dc 1B       		.byte	27
 1786 06dd 04       		.byte	4
 1787 06de 00       		.byte	0
 1788 06df 00       		.byte	0
 1789 06e0 04       		.byte	4
 1790 06e1 32       		.byte	50
 1791 06e2 1A       		.byte	26
 1792 06e3 C0       		.byte	-64
 1793 06e4 00       		.byte	0
 1794 06e5 21       		.byte	33
 1795 06e6 00       		.byte	0
 1796 06e7 D2       		.byte	-46
 1797 06e8 04       		.byte	4
 1798 06e9 FA       		.byte	-6
 1799 06ea 08       		.byte	8
 1800 06eb 05       		.byte	5
 1801 06ec 1B       		.byte	27
 1802 06ed 96       		.byte	-106
 1803 06ee 00       		.byte	0
 1804 06ef 00       		.byte	0
 1805 06f0 1A       		.byte	26
 1806 06f1 96       		.byte	-106
 1807 06f2 01       		.byte	1
 1808 06f3 00       		.byte	0
 1809 06f4 02       		.byte	2
 1810 06f5 00       		.byte	0
 1811 06f6 04       		.byte	4
 1812 06f7 00       		.byte	0
 1813 06f8 1B       		.byte	27
 1814 06f9 07       		.byte	7
 1815 06fa 00       		.byte	0
 1816 06fb 68       		.byte	104
 1817 06fc 00       		.byte	0
 1818 06fd 92       		.byte	-110
 1819 06fe 00       		.byte	0
 1820 06ff 04       		.byte	4
 1821 0700 1E       		.byte	30
 1822 0701 E0       		.byte	-32
 1823 0702 01       		.byte	1
 1824 0703 1D       		.byte	29
ARM GAS  C:\Users\tardi\AppData\Local\Temp\ccIWfzQb.s 			page 33


 1825 0704 00       		.byte	0
 1826 0705 07       		.byte	7
 1827 0706 00       		.byte	0
 1828 0707 00       		.byte	0
 1829 0708 00       		.byte	0
 1830 0709 00       		.byte	0
 1831 070a 02       		.byte	2
 1832 070b 0A       		.byte	10
 1833 070c 00       		.byte	0
 1834 070d 00       		.byte	0
 1835 070e 04       		.byte	4
 1836 070f 00       		.byte	0
 1837 0710 24       		.byte	36
 1838 0711 03       		.byte	3
 1839 0712 60       		.byte	96
 1840 0713 00       		.byte	0
 1841 0714 05       		.byte	5
 1842 0715 DE       		.byte	-34
 1843 0716 FC       		.byte	-4
 1844 0717 B0       		.byte	-80
 1845 0718 2F       		.byte	47
 1846 0719 FF       		.byte	-1
 1847 071a FF       		.byte	-1
 1848 071b FF       		.byte	-1
 1849 071c 22       		.byte	34
 1850 071d 00       		.byte	0
 1851 071e F0       		.byte	-16
 1852 071f 08       		.byte	8
 1853 0720 04       		.byte	4
 1854 0721 00       		.byte	0
 1855 0722 00       		.byte	0
 1856 0723 00       		.byte	0
 1857 0724 09       		.byte	9
 1858 0725 00       		.byte	0
 1859 0726 00       		.byte	0
 1860 0727 00       		.byte	0
 1861 0728 04       		.byte	4
 1862 0729 04       		.byte	4
 1863 072a 04       		.byte	4
 1864 072b 04       		.byte	4
 1865 072c 00       		.byte	0
 1866 072d 00       		.byte	0
 1867 072e 00       		.byte	0
 1868 072f 01       		.byte	1
 1869 0730 00       		.byte	0
 1870 0731 00       		.byte	0
 1871 0732 C0       		.byte	-64
 1872 0733 00       		.byte	0
 1873 0734 40       		.byte	64
 1874 0735 01       		.byte	1
 1875 0736 10       		.byte	16
 1876 0737 11       		.byte	17
 1877 0738 C0       		.byte	-64
 1878 0739 01       		.byte	1
 1879 073a 00       		.byte	0
 1880 073b 11       		.byte	17
 1881 073c 40       		.byte	64
ARM GAS  C:\Users\tardi\AppData\Local\Temp\ccIWfzQb.s 			page 34


 1882 073d 01       		.byte	1
 1883 073e 40       		.byte	64
 1884 073f 01       		.byte	1
 1885 0740 00       		.byte	0
 1886 0741 00       		.byte	0
 1887 0742 00       		.byte	0
 1888 0743 00       		.byte	0
 1889 0744 00       		.byte	0
 1890 0745 00       		.byte	0
 1891 0746 00       		.byte	0
 1892 0747 00       		.byte	0
 1893 0748 00       		.byte	0
 1894 0749 00       		.byte	0
 1895 074a 00       		.byte	0
 1896 074b 00       		.byte	0
 1897 074c 00       		.byte	0
 1898 074d 00       		.byte	0
 1899 074e 00       		.byte	0
 1900 074f 00       		.byte	0
 1901 0750 0C       		.byte	12
 1902 0751 00       		.byte	0
 1903 0752 10       		.byte	16
 1904 0753 0C       		.byte	12
 1905 0754 0C       		.byte	12
 1906 0755 00       		.byte	0
 1907 0756 0C       		.byte	12
 1908 0757 00       		.byte	0
 1909 0758 00       		.byte	0
 1910 0759 00       		.byte	0
 1911 075a 00       		.byte	0
 1912 075b 00       		.byte	0
 1913 075c 02       		.byte	2
 1914 075d 00       		.byte	0
 1915 075e 04       		.byte	4
 1916 075f 02       		.byte	2
 1917 0760 02       		.byte	2
 1918 0761 00       		.byte	0
 1919 0762 02       		.byte	2
 1920 0763 00       		.byte	0
 1921 0764 00       		.byte	0
 1922 0765 00       		.byte	0
 1923 0766 00       		.byte	0
 1924 0767 00       		.byte	0
 1925 0768 00       		.byte	0
 1926 0769 0B       		.byte	11
 1927 076a 0B       		.byte	11
 1928 076b 00       		.byte	0
 1929 076c 00       		.byte	0
 1930 076d 00       		.byte	0
 1931 076e 00       		.byte	0
 1932 076f 00       		.byte	0
 1933 0770 08       		.byte	8
 1934 0771 07       		.byte	7
 1935 0772 07       		.byte	7
 1936 0773 00       		.byte	0
 1937 0774 07       		.byte	7
 1938 0775 00       		.byte	0
ARM GAS  C:\Users\tardi\AppData\Local\Temp\ccIWfzQb.s 			page 35


 1939 0776 00       		.byte	0
 1940 0777 00       		.byte	0
 1941              		.section	.cywolatch,"a",%progbits
 1942              		.align	2
 1943              		.type	cy_meta_wonvl, %object
 1944              		.size	cy_meta_wonvl, 4
 1945              	cy_meta_wonvl:
 1946 0000 BC       		.byte	-68
 1947 0001 90       		.byte	-112
 1948 0002 AC       		.byte	-84
 1949 0003 AF       		.byte	-81
 1950              		.section	.cycustnvl,"a",%progbits
 1951              		.align	2
 1952              		.type	cy_meta_custnvl, %object
 1953              		.size	cy_meta_custnvl, 4
 1954              	cy_meta_custnvl:
 1955 0000 00       		.byte	0
 1956 0001 00       		.byte	0
 1957 0002 40       		.byte	64
 1958 0003 05       		.byte	5
 1959              		.section	.cymeta,"a",%progbits
 1960              		.align	2
 1961              		.type	cy_metadata, %object
 1962              		.size	cy_metadata, 12
 1963              	cy_metadata:
 1964 0000 00       		.byte	0
 1965 0001 01       		.byte	1
 1966 0002 2E       		.byte	46
 1967 0003 16       		.byte	22
 1968 0004 10       		.byte	16
 1969 0005 69       		.byte	105
 1970 0006 00       		.byte	0
 1971 0007 01       		.byte	1
 1972 0008 00       		.byte	0
 1973 0009 00       		.byte	0
 1974 000a 00       		.byte	0
 1975 000b 00       		.byte	0
 1976              		.section	.cyflashprotect,"a",%progbits
 1977              		.align	2
 1978              		.type	cy_meta_flashprotect, %object
 1979              		.size	cy_meta_flashprotect, 256
 1980              	cy_meta_flashprotect:
 1981 0000 00000000 		.space	256
 1981      00000000 
 1981      00000000 
 1981      00000000 
 1981      00000000 
 1982              		.text
 1983              	.Letext0:
 1984              		.file 1 "c:\\program files (x86)\\cypress\\psoc creator\\4.4\\psoc creator\\import\\gnu\\arm\\5.4.
 1985              		.file 2 "c:\\program files (x86)\\cypress\\psoc creator\\4.4\\psoc creator\\import\\gnu\\arm\\5.4.
 1986              		.file 3 "Generated_Source\\PSoC5\\cymetadata.c"
 1987              		.section	.debug_info,"",%progbits
 1988              	.Ldebug_info0:
 1989 0000 35010000 		.4byte	0x135
 1990 0004 0400     		.2byte	0x4
 1991 0006 00000000 		.4byte	.Ldebug_abbrev0
ARM GAS  C:\Users\tardi\AppData\Local\Temp\ccIWfzQb.s 			page 36


 1992 000a 04       		.byte	0x4
 1993 000b 01       		.uleb128 0x1
 1994 000c 24000000 		.4byte	.LASF17
 1995 0010 0C       		.byte	0xc
 1996 0011 C5010000 		.4byte	.LASF18
 1997 0015 D7000000 		.4byte	.LASF19
 1998 0019 00000000 		.4byte	.Ldebug_line0
 1999 001d 02       		.uleb128 0x2
 2000 001e 01       		.byte	0x1
 2001 001f 06       		.byte	0x6
 2002 0020 B9010000 		.4byte	.LASF0
 2003 0024 03       		.uleb128 0x3
 2004 0025 00000000 		.4byte	.LASF9
 2005 0029 01       		.byte	0x1
 2006 002a 1D       		.byte	0x1d
 2007 002b 2F000000 		.4byte	0x2f
 2008 002f 02       		.uleb128 0x2
 2009 0030 01       		.byte	0x1
 2010 0031 08       		.byte	0x8
 2011 0032 16000000 		.4byte	.LASF1
 2012 0036 02       		.uleb128 0x2
 2013 0037 02       		.byte	0x2
 2014 0038 05       		.byte	0x5
 2015 0039 A6010000 		.4byte	.LASF2
 2016 003d 02       		.uleb128 0x2
 2017 003e 02       		.byte	0x2
 2018 003f 07       		.byte	0x7
 2019 0040 C4000000 		.4byte	.LASF3
 2020 0044 02       		.uleb128 0x2
 2021 0045 04       		.byte	0x4
 2022 0046 05       		.byte	0x5
 2023 0047 B0010000 		.4byte	.LASF4
 2024 004b 02       		.uleb128 0x2
 2025 004c 04       		.byte	0x4
 2026 004d 07       		.byte	0x7
 2027 004e B2000000 		.4byte	.LASF5
 2028 0052 02       		.uleb128 0x2
 2029 0053 08       		.byte	0x8
 2030 0054 05       		.byte	0x5
 2031 0055 98010000 		.4byte	.LASF6
 2032 0059 02       		.uleb128 0x2
 2033 005a 08       		.byte	0x8
 2034 005b 07       		.byte	0x7
 2035 005c 4D010000 		.4byte	.LASF7
 2036 0060 04       		.uleb128 0x4
 2037 0061 04       		.byte	0x4
 2038 0062 05       		.byte	0x5
 2039 0063 696E7400 		.ascii	"int\000"
 2040 0067 02       		.uleb128 0x2
 2041 0068 04       		.byte	0x4
 2042 0069 07       		.byte	0x7
 2043 006a 40010000 		.4byte	.LASF8
 2044 006e 03       		.uleb128 0x3
 2045 006f 64010000 		.4byte	.LASF10
 2046 0073 02       		.byte	0x2
 2047 0074 18       		.byte	0x18
 2048 0075 24000000 		.4byte	0x24
ARM GAS  C:\Users\tardi\AppData\Local\Temp\ccIWfzQb.s 			page 37


 2049 0079 05       		.uleb128 0x5
 2050 007a 91000000 		.4byte	0x91
 2051 007e 8A000000 		.4byte	0x8a
 2052 0082 06       		.uleb128 0x6
 2053 0083 8A000000 		.4byte	0x8a
 2054 0087 7707     		.2byte	0x777
 2055 0089 00       		.byte	0
 2056 008a 02       		.uleb128 0x2
 2057 008b 04       		.byte	0x4
 2058 008c 07       		.byte	0x7
 2059 008d 8F010000 		.4byte	.LASF11
 2060 0091 07       		.uleb128 0x7
 2061 0092 6E000000 		.4byte	0x6e
 2062 0096 08       		.uleb128 0x8
 2063 0097 2E010000 		.4byte	.LASF12
 2064 009b 03       		.byte	0x3
 2065 009c 1F       		.byte	0x1f
 2066 009d A7000000 		.4byte	0xa7
 2067 00a1 05       		.uleb128 0x5
 2068 00a2 03       		.byte	0x3
 2069 00a3 00000000 		.4byte	cy_meta_configecc
 2070 00a7 07       		.uleb128 0x7
 2071 00a8 79000000 		.4byte	0x79
 2072 00ac 05       		.uleb128 0x5
 2073 00ad 91000000 		.4byte	0x91
 2074 00b1 BC000000 		.4byte	0xbc
 2075 00b5 09       		.uleb128 0x9
 2076 00b6 8A000000 		.4byte	0x8a
 2077 00ba 03       		.byte	0x3
 2078 00bb 00       		.byte	0
 2079 00bc 0A       		.uleb128 0xa
 2080 00bd 1E010000 		.4byte	.LASF13
 2081 00c1 03       		.byte	0x3
 2082 00c2 1B01     		.2byte	0x11b
 2083 00c4 CE000000 		.4byte	0xce
 2084 00c8 05       		.uleb128 0x5
 2085 00c9 03       		.byte	0x3
 2086 00ca 00000000 		.4byte	cy_meta_custnvl
 2087 00ce 07       		.uleb128 0x7
 2088 00cf AC000000 		.4byte	0xac
 2089 00d3 0A       		.uleb128 0xa
 2090 00d4 81010000 		.4byte	.LASF14
 2091 00d8 03       		.byte	0x3
 2092 00d9 2901     		.2byte	0x129
 2093 00db E5000000 		.4byte	0xe5
 2094 00df 05       		.uleb128 0x5
 2095 00e0 03       		.byte	0x3
 2096 00e1 00000000 		.4byte	cy_meta_wonvl
 2097 00e5 07       		.uleb128 0x7
 2098 00e6 AC000000 		.4byte	0xac
 2099 00ea 05       		.uleb128 0x5
 2100 00eb 91000000 		.4byte	0x91
 2101 00ef FA000000 		.4byte	0xfa
 2102 00f3 09       		.uleb128 0x9
 2103 00f4 8A000000 		.4byte	0x8a
 2104 00f8 FF       		.byte	0xff
 2105 00f9 00       		.byte	0
ARM GAS  C:\Users\tardi\AppData\Local\Temp\ccIWfzQb.s 			page 38


 2106 00fa 0A       		.uleb128 0xa
 2107 00fb 6C010000 		.4byte	.LASF15
 2108 00ff 03       		.byte	0x3
 2109 0100 3701     		.2byte	0x137
 2110 0102 0C010000 		.4byte	0x10c
 2111 0106 05       		.uleb128 0x5
 2112 0107 03       		.byte	0x3
 2113 0108 00000000 		.4byte	cy_meta_flashprotect
 2114 010c 07       		.uleb128 0x7
 2115 010d EA000000 		.4byte	0xea
 2116 0111 05       		.uleb128 0x5
 2117 0112 91000000 		.4byte	0x91
 2118 0116 21010000 		.4byte	0x121
 2119 011a 09       		.uleb128 0x9
 2120 011b 8A000000 		.4byte	0x8a
 2121 011f 0B       		.byte	0xb
 2122 0120 00       		.byte	0
 2123 0121 0A       		.uleb128 0xa
 2124 0122 0A000000 		.4byte	.LASF16
 2125 0126 03       		.byte	0x3
 2126 0127 6401     		.2byte	0x164
 2127 0129 33010000 		.4byte	0x133
 2128 012d 05       		.uleb128 0x5
 2129 012e 03       		.byte	0x3
 2130 012f 00000000 		.4byte	cy_metadata
 2131 0133 07       		.uleb128 0x7
 2132 0134 11010000 		.4byte	0x111
 2133 0138 00       		.byte	0
 2134              		.section	.debug_abbrev,"",%progbits
 2135              	.Ldebug_abbrev0:
 2136 0000 01       		.uleb128 0x1
 2137 0001 11       		.uleb128 0x11
 2138 0002 01       		.byte	0x1
 2139 0003 25       		.uleb128 0x25
 2140 0004 0E       		.uleb128 0xe
 2141 0005 13       		.uleb128 0x13
 2142 0006 0B       		.uleb128 0xb
 2143 0007 03       		.uleb128 0x3
 2144 0008 0E       		.uleb128 0xe
 2145 0009 1B       		.uleb128 0x1b
 2146 000a 0E       		.uleb128 0xe
 2147 000b 10       		.uleb128 0x10
 2148 000c 17       		.uleb128 0x17
 2149 000d 00       		.byte	0
 2150 000e 00       		.byte	0
 2151 000f 02       		.uleb128 0x2
 2152 0010 24       		.uleb128 0x24
 2153 0011 00       		.byte	0
 2154 0012 0B       		.uleb128 0xb
 2155 0013 0B       		.uleb128 0xb
 2156 0014 3E       		.uleb128 0x3e
 2157 0015 0B       		.uleb128 0xb
 2158 0016 03       		.uleb128 0x3
 2159 0017 0E       		.uleb128 0xe
 2160 0018 00       		.byte	0
 2161 0019 00       		.byte	0
 2162 001a 03       		.uleb128 0x3
ARM GAS  C:\Users\tardi\AppData\Local\Temp\ccIWfzQb.s 			page 39


 2163 001b 16       		.uleb128 0x16
 2164 001c 00       		.byte	0
 2165 001d 03       		.uleb128 0x3
 2166 001e 0E       		.uleb128 0xe
 2167 001f 3A       		.uleb128 0x3a
 2168 0020 0B       		.uleb128 0xb
 2169 0021 3B       		.uleb128 0x3b
 2170 0022 0B       		.uleb128 0xb
 2171 0023 49       		.uleb128 0x49
 2172 0024 13       		.uleb128 0x13
 2173 0025 00       		.byte	0
 2174 0026 00       		.byte	0
 2175 0027 04       		.uleb128 0x4
 2176 0028 24       		.uleb128 0x24
 2177 0029 00       		.byte	0
 2178 002a 0B       		.uleb128 0xb
 2179 002b 0B       		.uleb128 0xb
 2180 002c 3E       		.uleb128 0x3e
 2181 002d 0B       		.uleb128 0xb
 2182 002e 03       		.uleb128 0x3
 2183 002f 08       		.uleb128 0x8
 2184 0030 00       		.byte	0
 2185 0031 00       		.byte	0
 2186 0032 05       		.uleb128 0x5
 2187 0033 01       		.uleb128 0x1
 2188 0034 01       		.byte	0x1
 2189 0035 49       		.uleb128 0x49
 2190 0036 13       		.uleb128 0x13
 2191 0037 01       		.uleb128 0x1
 2192 0038 13       		.uleb128 0x13
 2193 0039 00       		.byte	0
 2194 003a 00       		.byte	0
 2195 003b 06       		.uleb128 0x6
 2196 003c 21       		.uleb128 0x21
 2197 003d 00       		.byte	0
 2198 003e 49       		.uleb128 0x49
 2199 003f 13       		.uleb128 0x13
 2200 0040 2F       		.uleb128 0x2f
 2201 0041 05       		.uleb128 0x5
 2202 0042 00       		.byte	0
 2203 0043 00       		.byte	0
 2204 0044 07       		.uleb128 0x7
 2205 0045 26       		.uleb128 0x26
 2206 0046 00       		.byte	0
 2207 0047 49       		.uleb128 0x49
 2208 0048 13       		.uleb128 0x13
 2209 0049 00       		.byte	0
 2210 004a 00       		.byte	0
 2211 004b 08       		.uleb128 0x8
 2212 004c 34       		.uleb128 0x34
 2213 004d 00       		.byte	0
 2214 004e 03       		.uleb128 0x3
 2215 004f 0E       		.uleb128 0xe
 2216 0050 3A       		.uleb128 0x3a
 2217 0051 0B       		.uleb128 0xb
 2218 0052 3B       		.uleb128 0x3b
 2219 0053 0B       		.uleb128 0xb
ARM GAS  C:\Users\tardi\AppData\Local\Temp\ccIWfzQb.s 			page 40


 2220 0054 49       		.uleb128 0x49
 2221 0055 13       		.uleb128 0x13
 2222 0056 3F       		.uleb128 0x3f
 2223 0057 19       		.uleb128 0x19
 2224 0058 02       		.uleb128 0x2
 2225 0059 18       		.uleb128 0x18
 2226 005a 00       		.byte	0
 2227 005b 00       		.byte	0
 2228 005c 09       		.uleb128 0x9
 2229 005d 21       		.uleb128 0x21
 2230 005e 00       		.byte	0
 2231 005f 49       		.uleb128 0x49
 2232 0060 13       		.uleb128 0x13
 2233 0061 2F       		.uleb128 0x2f
 2234 0062 0B       		.uleb128 0xb
 2235 0063 00       		.byte	0
 2236 0064 00       		.byte	0
 2237 0065 0A       		.uleb128 0xa
 2238 0066 34       		.uleb128 0x34
 2239 0067 00       		.byte	0
 2240 0068 03       		.uleb128 0x3
 2241 0069 0E       		.uleb128 0xe
 2242 006a 3A       		.uleb128 0x3a
 2243 006b 0B       		.uleb128 0xb
 2244 006c 3B       		.uleb128 0x3b
 2245 006d 05       		.uleb128 0x5
 2246 006e 49       		.uleb128 0x49
 2247 006f 13       		.uleb128 0x13
 2248 0070 3F       		.uleb128 0x3f
 2249 0071 19       		.uleb128 0x19
 2250 0072 02       		.uleb128 0x2
 2251 0073 18       		.uleb128 0x18
 2252 0074 00       		.byte	0
 2253 0075 00       		.byte	0
 2254 0076 00       		.byte	0
 2255              		.section	.debug_aranges,"",%progbits
 2256 0000 14000000 		.4byte	0x14
 2257 0004 0200     		.2byte	0x2
 2258 0006 00000000 		.4byte	.Ldebug_info0
 2259 000a 04       		.byte	0x4
 2260 000b 00       		.byte	0
 2261 000c 0000     		.2byte	0
 2262 000e 0000     		.2byte	0
 2263 0010 00000000 		.4byte	0
 2264 0014 00000000 		.4byte	0
 2265              		.section	.debug_line,"",%progbits
 2266              	.Ldebug_line0:
 2267 0000 3D010000 		.section	.debug_str,"MS",%progbits,1
 2267      02003701 
 2267      00000201 
 2267      FB0E0D00 
 2267      01010101 
 2268              	.LASF9:
 2269 0000 5F5F7569 		.ascii	"__uint8_t\000"
 2269      6E74385F 
 2269      7400
 2270              	.LASF16:
ARM GAS  C:\Users\tardi\AppData\Local\Temp\ccIWfzQb.s 			page 41


 2271 000a 63795F6D 		.ascii	"cy_metadata\000"
 2271      65746164 
 2271      61746100 
 2272              	.LASF1:
 2273 0016 756E7369 		.ascii	"unsigned char\000"
 2273      676E6564 
 2273      20636861 
 2273      7200
 2274              	.LASF17:
 2275 0024 474E5520 		.ascii	"GNU C11 5.4.1 20160609 (release) [ARM/embedded-5-br"
 2275      43313120 
 2275      352E342E 
 2275      31203230 
 2275      31363036 
 2276 0057 616E6368 		.ascii	"anch revision 237715] -mcpu=cortex-m3 -mthumb -g -O"
 2276      20726576 
 2276      6973696F 
 2276      6E203233 
 2276      37373135 
 2277 008a 67202D66 		.ascii	"g -ffunction-sections -ffat-lto-objects\000"
 2277      66756E63 
 2277      74696F6E 
 2277      2D736563 
 2277      74696F6E 
 2278              	.LASF5:
 2279 00b2 6C6F6E67 		.ascii	"long unsigned int\000"
 2279      20756E73 
 2279      69676E65 
 2279      6420696E 
 2279      7400
 2280              	.LASF3:
 2281 00c4 73686F72 		.ascii	"short unsigned int\000"
 2281      7420756E 
 2281      7369676E 
 2281      65642069 
 2281      6E7400
 2282              	.LASF19:
 2283 00d7 433A5C55 		.ascii	"C:\\Users\\tardi\\Desktop\\ES10-Drowning\\PSoCSampl"
 2283      73657273 
 2283      5C746172 
 2283      64695C44 
 2283      65736B74 
 2284 0105 65725C53 		.ascii	"er\\SamplingCircuit.cydsn\000"
 2284      616D706C 
 2284      696E6743 
 2284      69726375 
 2284      69742E63 
 2285              	.LASF13:
 2286 011e 63795F6D 		.ascii	"cy_meta_custnvl\000"
 2286      6574615F 
 2286      63757374 
 2286      6E766C00 
 2287              	.LASF12:
 2288 012e 63795F6D 		.ascii	"cy_meta_configecc\000"
 2288      6574615F 
 2288      636F6E66 
 2288      69676563 
ARM GAS  C:\Users\tardi\AppData\Local\Temp\ccIWfzQb.s 			page 42


 2288      6300
 2289              	.LASF8:
 2290 0140 756E7369 		.ascii	"unsigned int\000"
 2290      676E6564 
 2290      20696E74 
 2290      00
 2291              	.LASF7:
 2292 014d 6C6F6E67 		.ascii	"long long unsigned int\000"
 2292      206C6F6E 
 2292      6720756E 
 2292      7369676E 
 2292      65642069 
 2293              	.LASF10:
 2294 0164 75696E74 		.ascii	"uint8_t\000"
 2294      385F7400 
 2295              	.LASF15:
 2296 016c 63795F6D 		.ascii	"cy_meta_flashprotect\000"
 2296      6574615F 
 2296      666C6173 
 2296      6870726F 
 2296      74656374 
 2297              	.LASF14:
 2298 0181 63795F6D 		.ascii	"cy_meta_wonvl\000"
 2298      6574615F 
 2298      776F6E76 
 2298      6C00
 2299              	.LASF11:
 2300 018f 73697A65 		.ascii	"sizetype\000"
 2300      74797065 
 2300      00
 2301              	.LASF6:
 2302 0198 6C6F6E67 		.ascii	"long long int\000"
 2302      206C6F6E 
 2302      6720696E 
 2302      7400
 2303              	.LASF2:
 2304 01a6 73686F72 		.ascii	"short int\000"
 2304      7420696E 
 2304      7400
 2305              	.LASF4:
 2306 01b0 6C6F6E67 		.ascii	"long int\000"
 2306      20696E74 
 2306      00
 2307              	.LASF0:
 2308 01b9 7369676E 		.ascii	"signed char\000"
 2308      65642063 
 2308      68617200 
 2309              	.LASF18:
 2310 01c5 47656E65 		.ascii	"Generated_Source\\PSoC5\\cymetadata.c\000"
 2310      72617465 
 2310      645F536F 
 2310      75726365 
 2310      5C50536F 
 2311              		.ident	"GCC: (GNU Tools for ARM Embedded Processors) 5.4.1 20160609 (release) [ARM/embedded-5-bran
