ARM GAS  C:\Users\tardi\AppData\Local\Temp\cczmv2PE.s 			page 1


   1              		.syntax unified
   2              		.cpu cortex-m3
   3              		.fpu softvfp
   4              		.eabi_attribute 20, 1
   5              		.eabi_attribute 21, 1
   6              		.eabi_attribute 23, 3
   7              		.eabi_attribute 24, 1
   8              		.eabi_attribute 25, 1
   9              		.eabi_attribute 26, 1
  10              		.eabi_attribute 30, 1
  11              		.eabi_attribute 34, 1
  12              		.eabi_attribute 18, 4
  13              		.thumb
  14              		.syntax unified
  15              		.file	"I2Sfive_PM.c"
  16              		.text
  17              	.Ltext0:
  18              		.cfi_sections	.debug_frame
  19              		.section	.text.I2Sfive_SaveConfig,"ax",%progbits
  20              		.align	2
  21              		.global	I2Sfive_SaveConfig
  22              		.thumb
  23              		.thumb_func
  24              		.type	I2Sfive_SaveConfig, %function
  25              	I2Sfive_SaveConfig:
  26              	.LFB0:
  27              		.file 1 "Generated_Source\\PSoC5\\I2Sfive_PM.c"
   1:Generated_Source\PSoC5/I2Sfive_PM.c **** /*******************************************************************************
   2:Generated_Source\PSoC5/I2Sfive_PM.c **** * File Name: I2Sfive_PM.c
   3:Generated_Source\PSoC5/I2Sfive_PM.c **** * Version 2.70
   4:Generated_Source\PSoC5/I2Sfive_PM.c **** *
   5:Generated_Source\PSoC5/I2Sfive_PM.c **** * Description:
   6:Generated_Source\PSoC5/I2Sfive_PM.c **** *  This file contains the setup, control and status commands to support
   7:Generated_Source\PSoC5/I2Sfive_PM.c **** *  component operations in low power mode.
   8:Generated_Source\PSoC5/I2Sfive_PM.c **** *
   9:Generated_Source\PSoC5/I2Sfive_PM.c **** * Note:
  10:Generated_Source\PSoC5/I2Sfive_PM.c **** *
  11:Generated_Source\PSoC5/I2Sfive_PM.c **** ********************************************************************************
  12:Generated_Source\PSoC5/I2Sfive_PM.c **** * Copyright 2008-2015, Cypress Semiconductor Corporation.  All rights reserved.
  13:Generated_Source\PSoC5/I2Sfive_PM.c **** * You may use this file only in accordance with the license, terms, conditions,
  14:Generated_Source\PSoC5/I2Sfive_PM.c **** * disclaimers, and limitations in the end user license agreement accompanying
  15:Generated_Source\PSoC5/I2Sfive_PM.c **** * the software package with which this file was provided.
  16:Generated_Source\PSoC5/I2Sfive_PM.c **** *******************************************************************************/
  17:Generated_Source\PSoC5/I2Sfive_PM.c **** 
  18:Generated_Source\PSoC5/I2Sfive_PM.c **** #include "I2Sfive.h"
  19:Generated_Source\PSoC5/I2Sfive_PM.c **** 
  20:Generated_Source\PSoC5/I2Sfive_PM.c **** static I2Sfive_BACKUP_STRUCT  I2Sfive_backup = {0u};
  21:Generated_Source\PSoC5/I2Sfive_PM.c **** 
  22:Generated_Source\PSoC5/I2Sfive_PM.c **** 
  23:Generated_Source\PSoC5/I2Sfive_PM.c **** /*******************************************************************************
  24:Generated_Source\PSoC5/I2Sfive_PM.c **** * Function Name: I2Sfive_SaveConfig
  25:Generated_Source\PSoC5/I2Sfive_PM.c **** ********************************************************************************
  26:Generated_Source\PSoC5/I2Sfive_PM.c **** *
  27:Generated_Source\PSoC5/I2Sfive_PM.c **** * Summary:
  28:Generated_Source\PSoC5/I2Sfive_PM.c **** *  Empty function. Left to preserve backward compatibility.
  29:Generated_Source\PSoC5/I2Sfive_PM.c **** *
  30:Generated_Source\PSoC5/I2Sfive_PM.c **** * Parameters:
ARM GAS  C:\Users\tardi\AppData\Local\Temp\cczmv2PE.s 			page 2


  31:Generated_Source\PSoC5/I2Sfive_PM.c **** *  None.
  32:Generated_Source\PSoC5/I2Sfive_PM.c **** *
  33:Generated_Source\PSoC5/I2Sfive_PM.c **** * Return:
  34:Generated_Source\PSoC5/I2Sfive_PM.c **** *  None.
  35:Generated_Source\PSoC5/I2Sfive_PM.c **** *
  36:Generated_Source\PSoC5/I2Sfive_PM.c **** *******************************************************************************/
  37:Generated_Source\PSoC5/I2Sfive_PM.c **** void I2Sfive_SaveConfig(void) 
  38:Generated_Source\PSoC5/I2Sfive_PM.c **** {
  28              		.loc 1 38 0
  29              		.cfi_startproc
  30              		@ args = 0, pretend = 0, frame = 0
  31              		@ frame_needed = 0, uses_anonymous_args = 0
  32              		@ link register save eliminated.
  33 0000 7047     		bx	lr
  34              		.cfi_endproc
  35              	.LFE0:
  36              		.size	I2Sfive_SaveConfig, .-I2Sfive_SaveConfig
  37 0002 00BF     		.section	.text.I2Sfive_RestoreConfig,"ax",%progbits
  38              		.align	2
  39              		.global	I2Sfive_RestoreConfig
  40              		.thumb
  41              		.thumb_func
  42              		.type	I2Sfive_RestoreConfig, %function
  43              	I2Sfive_RestoreConfig:
  44              	.LFB1:
  39:Generated_Source\PSoC5/I2Sfive_PM.c ****     /* Nothing to save. All registers are retention. */
  40:Generated_Source\PSoC5/I2Sfive_PM.c **** }
  41:Generated_Source\PSoC5/I2Sfive_PM.c **** 
  42:Generated_Source\PSoC5/I2Sfive_PM.c **** 
  43:Generated_Source\PSoC5/I2Sfive_PM.c **** /*******************************************************************************
  44:Generated_Source\PSoC5/I2Sfive_PM.c **** * Function Name: I2Sfive_RestoreConfig
  45:Generated_Source\PSoC5/I2Sfive_PM.c **** ********************************************************************************
  46:Generated_Source\PSoC5/I2Sfive_PM.c **** *
  47:Generated_Source\PSoC5/I2Sfive_PM.c **** * Summary:
  48:Generated_Source\PSoC5/I2Sfive_PM.c **** *  Empty function. Left to preserve backward compatibility.
  49:Generated_Source\PSoC5/I2Sfive_PM.c **** *
  50:Generated_Source\PSoC5/I2Sfive_PM.c **** * Parameters:
  51:Generated_Source\PSoC5/I2Sfive_PM.c **** *  None.
  52:Generated_Source\PSoC5/I2Sfive_PM.c **** *
  53:Generated_Source\PSoC5/I2Sfive_PM.c **** * Return:
  54:Generated_Source\PSoC5/I2Sfive_PM.c **** *  None.
  55:Generated_Source\PSoC5/I2Sfive_PM.c **** *
  56:Generated_Source\PSoC5/I2Sfive_PM.c **** *******************************************************************************/
  57:Generated_Source\PSoC5/I2Sfive_PM.c **** void I2Sfive_RestoreConfig(void) 
  58:Generated_Source\PSoC5/I2Sfive_PM.c **** {
  45              		.loc 1 58 0
  46              		.cfi_startproc
  47              		@ args = 0, pretend = 0, frame = 0
  48              		@ frame_needed = 0, uses_anonymous_args = 0
  49              		@ link register save eliminated.
  50 0000 7047     		bx	lr
  51              		.cfi_endproc
  52              	.LFE1:
  53              		.size	I2Sfive_RestoreConfig, .-I2Sfive_RestoreConfig
  54 0002 00BF     		.section	.text.I2Sfive_Sleep,"ax",%progbits
  55              		.align	2
  56              		.global	I2Sfive_Sleep
ARM GAS  C:\Users\tardi\AppData\Local\Temp\cczmv2PE.s 			page 3


  57              		.thumb
  58              		.thumb_func
  59              		.type	I2Sfive_Sleep, %function
  60              	I2Sfive_Sleep:
  61              	.LFB2:
  59:Generated_Source\PSoC5/I2Sfive_PM.c ****     /* Nothing to restore. All registers are retention. */
  60:Generated_Source\PSoC5/I2Sfive_PM.c **** }
  61:Generated_Source\PSoC5/I2Sfive_PM.c **** 
  62:Generated_Source\PSoC5/I2Sfive_PM.c **** 
  63:Generated_Source\PSoC5/I2Sfive_PM.c **** /*******************************************************************************
  64:Generated_Source\PSoC5/I2Sfive_PM.c **** * Function Name: I2Sfive_Sleep
  65:Generated_Source\PSoC5/I2Sfive_PM.c **** ********************************************************************************
  66:Generated_Source\PSoC5/I2Sfive_PM.c **** *
  67:Generated_Source\PSoC5/I2Sfive_PM.c **** * Summary:
  68:Generated_Source\PSoC5/I2Sfive_PM.c **** *  Prepares I2S for entering sleep mode.
  69:Generated_Source\PSoC5/I2Sfive_PM.c **** *
  70:Generated_Source\PSoC5/I2Sfive_PM.c **** * Parameters:
  71:Generated_Source\PSoC5/I2Sfive_PM.c **** *  None.
  72:Generated_Source\PSoC5/I2Sfive_PM.c **** *
  73:Generated_Source\PSoC5/I2Sfive_PM.c **** * Return:
  74:Generated_Source\PSoC5/I2Sfive_PM.c **** *  None.
  75:Generated_Source\PSoC5/I2Sfive_PM.c **** *
  76:Generated_Source\PSoC5/I2Sfive_PM.c **** * Global Variables:
  77:Generated_Source\PSoC5/I2Sfive_PM.c **** *  I2Sfive_backup - used to store component state prior entering 
  78:Generated_Source\PSoC5/I2Sfive_PM.c **** *    sleep mode.
  79:Generated_Source\PSoC5/I2Sfive_PM.c **** *
  80:Generated_Source\PSoC5/I2Sfive_PM.c **** * Reentrant:
  81:Generated_Source\PSoC5/I2Sfive_PM.c **** *  No.
  82:Generated_Source\PSoC5/I2Sfive_PM.c **** *
  83:Generated_Source\PSoC5/I2Sfive_PM.c **** *******************************************************************************/
  84:Generated_Source\PSoC5/I2Sfive_PM.c **** void I2Sfive_Sleep(void) 
  85:Generated_Source\PSoC5/I2Sfive_PM.c **** {
  62              		.loc 1 85 0
  63              		.cfi_startproc
  64              		@ args = 0, pretend = 0, frame = 0
  65              		@ frame_needed = 0, uses_anonymous_args = 0
  66              		.loc 1 85 0
  67 0000 08B5     		push	{r3, lr}
  68              		.cfi_def_cfa_offset 8
  69              		.cfi_offset 3, -8
  70              		.cfi_offset 14, -4
  86:Generated_Source\PSoC5/I2Sfive_PM.c ****     /* Get component state */
  87:Generated_Source\PSoC5/I2Sfive_PM.c ****     I2Sfive_backup.enableState = I2Sfive_CONTROL_REG;
  71              		.loc 1 87 0
  72 0002 034B     		ldr	r3, .L5
  73 0004 1A78     		ldrb	r2, [r3]	@ zero_extendqisi2
  74 0006 034B     		ldr	r3, .L5+4
  75 0008 1A70     		strb	r2, [r3]
  88:Generated_Source\PSoC5/I2Sfive_PM.c **** 
  89:Generated_Source\PSoC5/I2Sfive_PM.c ****     /* Stop component */
  90:Generated_Source\PSoC5/I2Sfive_PM.c ****     I2Sfive_Stop();
  76              		.loc 1 90 0
  77 000a FFF7FEFF 		bl	I2Sfive_Stop
  78              	.LVL0:
  79 000e 08BD     		pop	{r3, pc}
  80              	.L6:
  81              		.align	2
ARM GAS  C:\Users\tardi\AppData\Local\Temp\cczmv2PE.s 			page 4


  82              	.L5:
  83 0010 76650040 		.word	1073767798
  84 0014 00000000 		.word	.LANCHOR0
  85              		.cfi_endproc
  86              	.LFE2:
  87              		.size	I2Sfive_Sleep, .-I2Sfive_Sleep
  88              		.section	.text.I2Sfive_Wakeup,"ax",%progbits
  89              		.align	2
  90              		.global	I2Sfive_Wakeup
  91              		.thumb
  92              		.thumb_func
  93              		.type	I2Sfive_Wakeup, %function
  94              	I2Sfive_Wakeup:
  95              	.LFB3:
  91:Generated_Source\PSoC5/I2Sfive_PM.c **** }
  92:Generated_Source\PSoC5/I2Sfive_PM.c **** 
  93:Generated_Source\PSoC5/I2Sfive_PM.c **** 
  94:Generated_Source\PSoC5/I2Sfive_PM.c **** /*******************************************************************************
  95:Generated_Source\PSoC5/I2Sfive_PM.c **** * Function Name: I2Sfive_Wakeup
  96:Generated_Source\PSoC5/I2Sfive_PM.c **** ********************************************************************************
  97:Generated_Source\PSoC5/I2Sfive_PM.c **** *
  98:Generated_Source\PSoC5/I2Sfive_PM.c **** * Summary:
  99:Generated_Source\PSoC5/I2Sfive_PM.c **** *  Prepares I2S for exit from sleep mode.
 100:Generated_Source\PSoC5/I2Sfive_PM.c **** *
 101:Generated_Source\PSoC5/I2Sfive_PM.c **** * Parameters:
 102:Generated_Source\PSoC5/I2Sfive_PM.c **** *  None.
 103:Generated_Source\PSoC5/I2Sfive_PM.c **** *
 104:Generated_Source\PSoC5/I2Sfive_PM.c **** * Return:
 105:Generated_Source\PSoC5/I2Sfive_PM.c **** *  None.
 106:Generated_Source\PSoC5/I2Sfive_PM.c **** *
 107:Generated_Source\PSoC5/I2Sfive_PM.c **** * Global Variables:
 108:Generated_Source\PSoC5/I2Sfive_PM.c **** *  I2Sfive_backup - used to restore component state after exit from
 109:Generated_Source\PSoC5/I2Sfive_PM.c **** *    sleep mode.
 110:Generated_Source\PSoC5/I2Sfive_PM.c **** *
 111:Generated_Source\PSoC5/I2Sfive_PM.c **** *******************************************************************************/
 112:Generated_Source\PSoC5/I2Sfive_PM.c **** void I2Sfive_Wakeup(void) 
 113:Generated_Source\PSoC5/I2Sfive_PM.c **** {
  96              		.loc 1 113 0
  97              		.cfi_startproc
  98              		@ args = 0, pretend = 0, frame = 0
  99              		@ frame_needed = 0, uses_anonymous_args = 0
 100 0000 08B5     		push	{r3, lr}
 101              		.cfi_def_cfa_offset 8
 102              		.cfi_offset 3, -8
 103              		.cfi_offset 14, -4
 114:Generated_Source\PSoC5/I2Sfive_PM.c ****     #if (I2Sfive_DYNAMIC_BIT_RESOLUTION)
 115:Generated_Source\PSoC5/I2Sfive_PM.c ****         I2Sfive_CONTROL_REG = I2Sfive_backup.enableState & I2Sfive_BIT_RESOLUTION_MODE_MASK;
 116:Generated_Source\PSoC5/I2Sfive_PM.c ****     #endif /* I2Sfive_DYNAMIC_BIT_RESOLUTION */
 117:Generated_Source\PSoC5/I2Sfive_PM.c **** 
 118:Generated_Source\PSoC5/I2Sfive_PM.c ****     if(0u != (I2Sfive_backup.enableState & I2Sfive_EN))
 104              		.loc 1 118 0
 105 0002 074B     		ldr	r3, .L10
 106 0004 1B78     		ldrb	r3, [r3]	@ zero_extendqisi2
 107 0006 13F0040F 		tst	r3, #4
 108 000a 08D0     		beq	.L7
 119:Generated_Source\PSoC5/I2Sfive_PM.c ****     {
 120:Generated_Source\PSoC5/I2Sfive_PM.c ****         /* Enable component's operation */
ARM GAS  C:\Users\tardi\AppData\Local\Temp\cczmv2PE.s 			page 5


 121:Generated_Source\PSoC5/I2Sfive_PM.c ****         I2Sfive_Enable();
 109              		.loc 1 121 0
 110 000c FFF7FEFF 		bl	I2Sfive_Enable
 111              	.LVL1:
 122:Generated_Source\PSoC5/I2Sfive_PM.c **** 
 123:Generated_Source\PSoC5/I2Sfive_PM.c ****         /* Enable Tx/Rx direction if they were enabled before sleep */
 124:Generated_Source\PSoC5/I2Sfive_PM.c ****         #if(I2Sfive_TX_DIRECTION_ENABLE)
 125:Generated_Source\PSoC5/I2Sfive_PM.c ****             if(0u != (I2Sfive_backup.enableState & I2Sfive_TX_EN))
 126:Generated_Source\PSoC5/I2Sfive_PM.c ****             {
 127:Generated_Source\PSoC5/I2Sfive_PM.c ****                 I2Sfive_EnableTx();
 128:Generated_Source\PSoC5/I2Sfive_PM.c ****             }
 129:Generated_Source\PSoC5/I2Sfive_PM.c ****         #endif /* (I2Sfive_TX_DIRECTION_ENABLE) */
 130:Generated_Source\PSoC5/I2Sfive_PM.c ****         
 131:Generated_Source\PSoC5/I2Sfive_PM.c ****         #if(I2Sfive_RX_DIRECTION_ENABLE)
 132:Generated_Source\PSoC5/I2Sfive_PM.c ****             if(0u != (I2Sfive_backup.enableState & I2Sfive_RX_EN))
 112              		.loc 1 132 0
 113 0010 034B     		ldr	r3, .L10
 114 0012 1B78     		ldrb	r3, [r3]	@ zero_extendqisi2
 115 0014 13F0020F 		tst	r3, #2
 116 0018 01D0     		beq	.L7
 133:Generated_Source\PSoC5/I2Sfive_PM.c ****             {
 134:Generated_Source\PSoC5/I2Sfive_PM.c ****                 I2Sfive_EnableRx();
 117              		.loc 1 134 0
 118 001a FFF7FEFF 		bl	I2Sfive_EnableRx
 119              	.LVL2:
 120              	.L7:
 121 001e 08BD     		pop	{r3, pc}
 122              	.L11:
 123              		.align	2
 124              	.L10:
 125 0020 00000000 		.word	.LANCHOR0
 126              		.cfi_endproc
 127              	.LFE3:
 128              		.size	I2Sfive_Wakeup, .-I2Sfive_Wakeup
 129              		.bss
 130              		.align	2
 131              		.set	.LANCHOR0,. + 0
 132              		.type	I2Sfive_backup, %object
 133              		.size	I2Sfive_backup, 1
 134              	I2Sfive_backup:
 135 0000 00       		.space	1
 136              		.text
 137              	.Letext0:
 138              		.file 2 "Generated_Source\\PSoC5\\cytypes.h"
 139              		.file 3 "Generated_Source\\PSoC5\\I2Sfive.h"
 140              		.section	.debug_info,"",%progbits
 141              	.Ldebug_info0:
 142 0000 55010000 		.4byte	0x155
 143 0004 0400     		.2byte	0x4
 144 0006 00000000 		.4byte	.Ldebug_abbrev0
 145 000a 04       		.byte	0x4
 146 000b 01       		.uleb128 0x1
 147 000c 47000000 		.4byte	.LASF22
 148 0010 0C       		.byte	0xc
 149 0011 F0000000 		.4byte	.LASF23
 150 0015 3D010000 		.4byte	.LASF24
 151 0019 00000000 		.4byte	.Ldebug_ranges0+0
ARM GAS  C:\Users\tardi\AppData\Local\Temp\cczmv2PE.s 			page 6


 152 001d 00000000 		.4byte	0
 153 0021 00000000 		.4byte	.Ldebug_line0
 154 0025 02       		.uleb128 0x2
 155 0026 01       		.byte	0x1
 156 0027 06       		.byte	0x6
 157 0028 14020000 		.4byte	.LASF0
 158 002c 02       		.uleb128 0x2
 159 002d 01       		.byte	0x1
 160 002e 08       		.byte	0x8
 161 002f 39000000 		.4byte	.LASF1
 162 0033 02       		.uleb128 0x2
 163 0034 02       		.byte	0x2
 164 0035 05       		.byte	0x5
 165 0036 EF010000 		.4byte	.LASF2
 166 003a 02       		.uleb128 0x2
 167 003b 02       		.byte	0x2
 168 003c 07       		.byte	0x7
 169 003d 14010000 		.4byte	.LASF3
 170 0041 02       		.uleb128 0x2
 171 0042 04       		.byte	0x4
 172 0043 05       		.byte	0x5
 173 0044 FF010000 		.4byte	.LASF4
 174 0048 02       		.uleb128 0x2
 175 0049 04       		.byte	0x4
 176 004a 07       		.byte	0x7
 177 004b 84010000 		.4byte	.LASF5
 178 004f 02       		.uleb128 0x2
 179 0050 08       		.byte	0x8
 180 0051 05       		.byte	0x5
 181 0052 DC010000 		.4byte	.LASF6
 182 0056 02       		.uleb128 0x2
 183 0057 08       		.byte	0x8
 184 0058 07       		.byte	0x7
 185 0059 B6010000 		.4byte	.LASF7
 186 005d 03       		.uleb128 0x3
 187 005e 04       		.byte	0x4
 188 005f 05       		.byte	0x5
 189 0060 696E7400 		.ascii	"int\000"
 190 0064 02       		.uleb128 0x2
 191 0065 04       		.byte	0x4
 192 0066 07       		.byte	0x7
 193 0067 A9010000 		.4byte	.LASF8
 194 006b 04       		.uleb128 0x4
 195 006c F9010000 		.4byte	.LASF12
 196 0070 02       		.byte	0x2
 197 0071 E801     		.2byte	0x1e8
 198 0073 2C000000 		.4byte	0x2c
 199 0077 02       		.uleb128 0x2
 200 0078 04       		.byte	0x4
 201 0079 04       		.byte	0x4
 202 007a 33000000 		.4byte	.LASF9
 203 007e 02       		.uleb128 0x2
 204 007f 08       		.byte	0x8
 205 0080 04       		.byte	0x4
 206 0081 2C000000 		.4byte	.LASF10
 207 0085 02       		.uleb128 0x2
 208 0086 01       		.byte	0x1
ARM GAS  C:\Users\tardi\AppData\Local\Temp\cczmv2PE.s 			page 7


 209 0087 08       		.byte	0x8
 210 0088 EA010000 		.4byte	.LASF11
 211 008c 04       		.uleb128 0x4
 212 008d D5000000 		.4byte	.LASF13
 213 0091 02       		.byte	0x2
 214 0092 9202     		.2byte	0x292
 215 0094 98000000 		.4byte	0x98
 216 0098 05       		.uleb128 0x5
 217 0099 6B000000 		.4byte	0x6b
 218 009d 06       		.uleb128 0x6
 219 009e 01       		.byte	0x1
 220 009f 03       		.byte	0x3
 221 00a0 1D       		.byte	0x1d
 222 00a1 B2000000 		.4byte	0xb2
 223 00a5 07       		.uleb128 0x7
 224 00a6 08020000 		.4byte	.LASF25
 225 00aa 03       		.byte	0x3
 226 00ab 1F       		.byte	0x1f
 227 00ac 6B000000 		.4byte	0x6b
 228 00b0 00       		.byte	0
 229 00b1 00       		.byte	0
 230 00b2 08       		.uleb128 0x8
 231 00b3 DA000000 		.4byte	.LASF14
 232 00b7 03       		.byte	0x3
 233 00b8 21       		.byte	0x21
 234 00b9 9D000000 		.4byte	0x9d
 235 00bd 09       		.uleb128 0x9
 236 00be 96010000 		.4byte	.LASF15
 237 00c2 01       		.byte	0x1
 238 00c3 25       		.byte	0x25
 239 00c4 00000000 		.4byte	.LFB0
 240 00c8 02000000 		.4byte	.LFE0-.LFB0
 241 00cc 01       		.uleb128 0x1
 242 00cd 9C       		.byte	0x9c
 243 00ce 09       		.uleb128 0x9
 244 00cf 27010000 		.4byte	.LASF16
 245 00d3 01       		.byte	0x1
 246 00d4 39       		.byte	0x39
 247 00d5 00000000 		.4byte	.LFB1
 248 00d9 02000000 		.4byte	.LFE1-.LFB1
 249 00dd 01       		.uleb128 0x1
 250 00de 9C       		.byte	0x9c
 251 00df 0A       		.uleb128 0xa
 252 00e0 0F000000 		.4byte	.LASF17
 253 00e4 01       		.byte	0x1
 254 00e5 54       		.byte	0x54
 255 00e6 00000000 		.4byte	.LFB2
 256 00ea 18000000 		.4byte	.LFE2-.LFB2
 257 00ee 01       		.uleb128 0x1
 258 00ef 9C       		.byte	0x9c
 259 00f0 FE000000 		.4byte	0xfe
 260 00f4 0B       		.uleb128 0xb
 261 00f5 0E000000 		.4byte	.LVL0
 262 00f9 37010000 		.4byte	0x137
 263 00fd 00       		.byte	0
 264 00fe 0A       		.uleb128 0xa
 265 00ff 1D000000 		.4byte	.LASF18
ARM GAS  C:\Users\tardi\AppData\Local\Temp\cczmv2PE.s 			page 8


 266 0103 01       		.byte	0x1
 267 0104 70       		.byte	0x70
 268 0105 00000000 		.4byte	.LFB3
 269 0109 24000000 		.4byte	.LFE3-.LFB3
 270 010d 01       		.uleb128 0x1
 271 010e 9C       		.byte	0x9c
 272 010f 26010000 		.4byte	0x126
 273 0113 0B       		.uleb128 0xb
 274 0114 10000000 		.4byte	.LVL1
 275 0118 42010000 		.4byte	0x142
 276 011c 0B       		.uleb128 0xb
 277 011d 1E000000 		.4byte	.LVL2
 278 0121 4D010000 		.4byte	0x14d
 279 0125 00       		.byte	0
 280 0126 0C       		.uleb128 0xc
 281 0127 00000000 		.4byte	.LASF26
 282 012b 01       		.byte	0x1
 283 012c 14       		.byte	0x14
 284 012d B2000000 		.4byte	0xb2
 285 0131 05       		.uleb128 0x5
 286 0132 03       		.byte	0x3
 287 0133 00000000 		.4byte	I2Sfive_backup
 288 0137 0D       		.uleb128 0xd
 289 0138 31020000 		.4byte	.LASF19
 290 013c 31020000 		.4byte	.LASF19
 291 0140 03       		.byte	0x3
 292 0141 29       		.byte	0x29
 293 0142 0D       		.uleb128 0xd
 294 0143 CD010000 		.4byte	.LASF20
 295 0147 CD010000 		.4byte	.LASF20
 296 014b 03       		.byte	0x3
 297 014c 2B       		.byte	0x2b
 298 014d 0D       		.uleb128 0xd
 299 014e 20020000 		.4byte	.LASF21
 300 0152 20020000 		.4byte	.LASF21
 301 0156 03       		.byte	0x3
 302 0157 3A       		.byte	0x3a
 303 0158 00       		.byte	0
 304              		.section	.debug_abbrev,"",%progbits
 305              	.Ldebug_abbrev0:
 306 0000 01       		.uleb128 0x1
 307 0001 11       		.uleb128 0x11
 308 0002 01       		.byte	0x1
 309 0003 25       		.uleb128 0x25
 310 0004 0E       		.uleb128 0xe
 311 0005 13       		.uleb128 0x13
 312 0006 0B       		.uleb128 0xb
 313 0007 03       		.uleb128 0x3
 314 0008 0E       		.uleb128 0xe
 315 0009 1B       		.uleb128 0x1b
 316 000a 0E       		.uleb128 0xe
 317 000b 55       		.uleb128 0x55
 318 000c 17       		.uleb128 0x17
 319 000d 11       		.uleb128 0x11
 320 000e 01       		.uleb128 0x1
 321 000f 10       		.uleb128 0x10
 322 0010 17       		.uleb128 0x17
ARM GAS  C:\Users\tardi\AppData\Local\Temp\cczmv2PE.s 			page 9


 323 0011 00       		.byte	0
 324 0012 00       		.byte	0
 325 0013 02       		.uleb128 0x2
 326 0014 24       		.uleb128 0x24
 327 0015 00       		.byte	0
 328 0016 0B       		.uleb128 0xb
 329 0017 0B       		.uleb128 0xb
 330 0018 3E       		.uleb128 0x3e
 331 0019 0B       		.uleb128 0xb
 332 001a 03       		.uleb128 0x3
 333 001b 0E       		.uleb128 0xe
 334 001c 00       		.byte	0
 335 001d 00       		.byte	0
 336 001e 03       		.uleb128 0x3
 337 001f 24       		.uleb128 0x24
 338 0020 00       		.byte	0
 339 0021 0B       		.uleb128 0xb
 340 0022 0B       		.uleb128 0xb
 341 0023 3E       		.uleb128 0x3e
 342 0024 0B       		.uleb128 0xb
 343 0025 03       		.uleb128 0x3
 344 0026 08       		.uleb128 0x8
 345 0027 00       		.byte	0
 346 0028 00       		.byte	0
 347 0029 04       		.uleb128 0x4
 348 002a 16       		.uleb128 0x16
 349 002b 00       		.byte	0
 350 002c 03       		.uleb128 0x3
 351 002d 0E       		.uleb128 0xe
 352 002e 3A       		.uleb128 0x3a
 353 002f 0B       		.uleb128 0xb
 354 0030 3B       		.uleb128 0x3b
 355 0031 05       		.uleb128 0x5
 356 0032 49       		.uleb128 0x49
 357 0033 13       		.uleb128 0x13
 358 0034 00       		.byte	0
 359 0035 00       		.byte	0
 360 0036 05       		.uleb128 0x5
 361 0037 35       		.uleb128 0x35
 362 0038 00       		.byte	0
 363 0039 49       		.uleb128 0x49
 364 003a 13       		.uleb128 0x13
 365 003b 00       		.byte	0
 366 003c 00       		.byte	0
 367 003d 06       		.uleb128 0x6
 368 003e 13       		.uleb128 0x13
 369 003f 01       		.byte	0x1
 370 0040 0B       		.uleb128 0xb
 371 0041 0B       		.uleb128 0xb
 372 0042 3A       		.uleb128 0x3a
 373 0043 0B       		.uleb128 0xb
 374 0044 3B       		.uleb128 0x3b
 375 0045 0B       		.uleb128 0xb
 376 0046 01       		.uleb128 0x1
 377 0047 13       		.uleb128 0x13
 378 0048 00       		.byte	0
 379 0049 00       		.byte	0
ARM GAS  C:\Users\tardi\AppData\Local\Temp\cczmv2PE.s 			page 10


 380 004a 07       		.uleb128 0x7
 381 004b 0D       		.uleb128 0xd
 382 004c 00       		.byte	0
 383 004d 03       		.uleb128 0x3
 384 004e 0E       		.uleb128 0xe
 385 004f 3A       		.uleb128 0x3a
 386 0050 0B       		.uleb128 0xb
 387 0051 3B       		.uleb128 0x3b
 388 0052 0B       		.uleb128 0xb
 389 0053 49       		.uleb128 0x49
 390 0054 13       		.uleb128 0x13
 391 0055 38       		.uleb128 0x38
 392 0056 0B       		.uleb128 0xb
 393 0057 00       		.byte	0
 394 0058 00       		.byte	0
 395 0059 08       		.uleb128 0x8
 396 005a 16       		.uleb128 0x16
 397 005b 00       		.byte	0
 398 005c 03       		.uleb128 0x3
 399 005d 0E       		.uleb128 0xe
 400 005e 3A       		.uleb128 0x3a
 401 005f 0B       		.uleb128 0xb
 402 0060 3B       		.uleb128 0x3b
 403 0061 0B       		.uleb128 0xb
 404 0062 49       		.uleb128 0x49
 405 0063 13       		.uleb128 0x13
 406 0064 00       		.byte	0
 407 0065 00       		.byte	0
 408 0066 09       		.uleb128 0x9
 409 0067 2E       		.uleb128 0x2e
 410 0068 00       		.byte	0
 411 0069 3F       		.uleb128 0x3f
 412 006a 19       		.uleb128 0x19
 413 006b 03       		.uleb128 0x3
 414 006c 0E       		.uleb128 0xe
 415 006d 3A       		.uleb128 0x3a
 416 006e 0B       		.uleb128 0xb
 417 006f 3B       		.uleb128 0x3b
 418 0070 0B       		.uleb128 0xb
 419 0071 27       		.uleb128 0x27
 420 0072 19       		.uleb128 0x19
 421 0073 11       		.uleb128 0x11
 422 0074 01       		.uleb128 0x1
 423 0075 12       		.uleb128 0x12
 424 0076 06       		.uleb128 0x6
 425 0077 40       		.uleb128 0x40
 426 0078 18       		.uleb128 0x18
 427 0079 9742     		.uleb128 0x2117
 428 007b 19       		.uleb128 0x19
 429 007c 00       		.byte	0
 430 007d 00       		.byte	0
 431 007e 0A       		.uleb128 0xa
 432 007f 2E       		.uleb128 0x2e
 433 0080 01       		.byte	0x1
 434 0081 3F       		.uleb128 0x3f
 435 0082 19       		.uleb128 0x19
 436 0083 03       		.uleb128 0x3
ARM GAS  C:\Users\tardi\AppData\Local\Temp\cczmv2PE.s 			page 11


 437 0084 0E       		.uleb128 0xe
 438 0085 3A       		.uleb128 0x3a
 439 0086 0B       		.uleb128 0xb
 440 0087 3B       		.uleb128 0x3b
 441 0088 0B       		.uleb128 0xb
 442 0089 27       		.uleb128 0x27
 443 008a 19       		.uleb128 0x19
 444 008b 11       		.uleb128 0x11
 445 008c 01       		.uleb128 0x1
 446 008d 12       		.uleb128 0x12
 447 008e 06       		.uleb128 0x6
 448 008f 40       		.uleb128 0x40
 449 0090 18       		.uleb128 0x18
 450 0091 9742     		.uleb128 0x2117
 451 0093 19       		.uleb128 0x19
 452 0094 01       		.uleb128 0x1
 453 0095 13       		.uleb128 0x13
 454 0096 00       		.byte	0
 455 0097 00       		.byte	0
 456 0098 0B       		.uleb128 0xb
 457 0099 898201   		.uleb128 0x4109
 458 009c 00       		.byte	0
 459 009d 11       		.uleb128 0x11
 460 009e 01       		.uleb128 0x1
 461 009f 31       		.uleb128 0x31
 462 00a0 13       		.uleb128 0x13
 463 00a1 00       		.byte	0
 464 00a2 00       		.byte	0
 465 00a3 0C       		.uleb128 0xc
 466 00a4 34       		.uleb128 0x34
 467 00a5 00       		.byte	0
 468 00a6 03       		.uleb128 0x3
 469 00a7 0E       		.uleb128 0xe
 470 00a8 3A       		.uleb128 0x3a
 471 00a9 0B       		.uleb128 0xb
 472 00aa 3B       		.uleb128 0x3b
 473 00ab 0B       		.uleb128 0xb
 474 00ac 49       		.uleb128 0x49
 475 00ad 13       		.uleb128 0x13
 476 00ae 02       		.uleb128 0x2
 477 00af 18       		.uleb128 0x18
 478 00b0 00       		.byte	0
 479 00b1 00       		.byte	0
 480 00b2 0D       		.uleb128 0xd
 481 00b3 2E       		.uleb128 0x2e
 482 00b4 00       		.byte	0
 483 00b5 3F       		.uleb128 0x3f
 484 00b6 19       		.uleb128 0x19
 485 00b7 3C       		.uleb128 0x3c
 486 00b8 19       		.uleb128 0x19
 487 00b9 6E       		.uleb128 0x6e
 488 00ba 0E       		.uleb128 0xe
 489 00bb 03       		.uleb128 0x3
 490 00bc 0E       		.uleb128 0xe
 491 00bd 3A       		.uleb128 0x3a
 492 00be 0B       		.uleb128 0xb
 493 00bf 3B       		.uleb128 0x3b
ARM GAS  C:\Users\tardi\AppData\Local\Temp\cczmv2PE.s 			page 12


 494 00c0 0B       		.uleb128 0xb
 495 00c1 00       		.byte	0
 496 00c2 00       		.byte	0
 497 00c3 00       		.byte	0
 498              		.section	.debug_aranges,"",%progbits
 499 0000 34000000 		.4byte	0x34
 500 0004 0200     		.2byte	0x2
 501 0006 00000000 		.4byte	.Ldebug_info0
 502 000a 04       		.byte	0x4
 503 000b 00       		.byte	0
 504 000c 0000     		.2byte	0
 505 000e 0000     		.2byte	0
 506 0010 00000000 		.4byte	.LFB0
 507 0014 02000000 		.4byte	.LFE0-.LFB0
 508 0018 00000000 		.4byte	.LFB1
 509 001c 02000000 		.4byte	.LFE1-.LFB1
 510 0020 00000000 		.4byte	.LFB2
 511 0024 18000000 		.4byte	.LFE2-.LFB2
 512 0028 00000000 		.4byte	.LFB3
 513 002c 24000000 		.4byte	.LFE3-.LFB3
 514 0030 00000000 		.4byte	0
 515 0034 00000000 		.4byte	0
 516              		.section	.debug_ranges,"",%progbits
 517              	.Ldebug_ranges0:
 518 0000 00000000 		.4byte	.LFB0
 519 0004 02000000 		.4byte	.LFE0
 520 0008 00000000 		.4byte	.LFB1
 521 000c 02000000 		.4byte	.LFE1
 522 0010 00000000 		.4byte	.LFB2
 523 0014 18000000 		.4byte	.LFE2
 524 0018 00000000 		.4byte	.LFB3
 525 001c 24000000 		.4byte	.LFE3
 526 0020 00000000 		.4byte	0
 527 0024 00000000 		.4byte	0
 528              		.section	.debug_line,"",%progbits
 529              	.Ldebug_line0:
 530 0000 A1000000 		.section	.debug_str,"MS",%progbits,1
 530      02005400 
 530      00000201 
 530      FB0E0D00 
 530      01010101 
 531              	.LASF26:
 532 0000 49325366 		.ascii	"I2Sfive_backup\000"
 532      6976655F 
 532      6261636B 
 532      757000
 533              	.LASF17:
 534 000f 49325366 		.ascii	"I2Sfive_Sleep\000"
 534      6976655F 
 534      536C6565 
 534      7000
 535              	.LASF18:
 536 001d 49325366 		.ascii	"I2Sfive_Wakeup\000"
 536      6976655F 
 536      57616B65 
 536      757000
 537              	.LASF10:
ARM GAS  C:\Users\tardi\AppData\Local\Temp\cczmv2PE.s 			page 13


 538 002c 646F7562 		.ascii	"double\000"
 538      6C6500
 539              	.LASF9:
 540 0033 666C6F61 		.ascii	"float\000"
 540      7400
 541              	.LASF1:
 542 0039 756E7369 		.ascii	"unsigned char\000"
 542      676E6564 
 542      20636861 
 542      7200
 543              	.LASF22:
 544 0047 474E5520 		.ascii	"GNU C11 5.4.1 20160609 (release) [ARM/embedded-5-br"
 544      43313120 
 544      352E342E 
 544      31203230 
 544      31363036 
 545 007a 616E6368 		.ascii	"anch revision 237715] -mcpu=cortex-m3 -mthumb -g -O"
 545      20726576 
 545      6973696F 
 545      6E203233 
 545      37373135 
 546 00ad 67202D66 		.ascii	"g -ffunction-sections -ffat-lto-objects\000"
 546      66756E63 
 546      74696F6E 
 546      2D736563 
 546      74696F6E 
 547              	.LASF13:
 548 00d5 72656738 		.ascii	"reg8\000"
 548      00
 549              	.LASF14:
 550 00da 49325366 		.ascii	"I2Sfive_BACKUP_STRUCT\000"
 550      6976655F 
 550      4241434B 
 550      55505F53 
 550      54525543 
 551              	.LASF23:
 552 00f0 47656E65 		.ascii	"Generated_Source\\PSoC5\\I2Sfive_PM.c\000"
 552      72617465 
 552      645F536F 
 552      75726365 
 552      5C50536F 
 553              	.LASF3:
 554 0114 73686F72 		.ascii	"short unsigned int\000"
 554      7420756E 
 554      7369676E 
 554      65642069 
 554      6E7400
 555              	.LASF16:
 556 0127 49325366 		.ascii	"I2Sfive_RestoreConfig\000"
 556      6976655F 
 556      52657374 
 556      6F726543 
 556      6F6E6669 
 557              	.LASF24:
 558 013d 433A5C55 		.ascii	"C:\\Users\\tardi\\Desktop\\ES10-Drowning\\PSoCSampl"
 558      73657273 
 558      5C746172 
ARM GAS  C:\Users\tardi\AppData\Local\Temp\cczmv2PE.s 			page 14


 558      64695C44 
 558      65736B74 
 559 016b 65725C53 		.ascii	"er\\SamplingCircuit.cydsn\000"
 559      616D706C 
 559      696E6743 
 559      69726375 
 559      69742E63 
 560              	.LASF5:
 561 0184 6C6F6E67 		.ascii	"long unsigned int\000"
 561      20756E73 
 561      69676E65 
 561      6420696E 
 561      7400
 562              	.LASF15:
 563 0196 49325366 		.ascii	"I2Sfive_SaveConfig\000"
 563      6976655F 
 563      53617665 
 563      436F6E66 
 563      696700
 564              	.LASF8:
 565 01a9 756E7369 		.ascii	"unsigned int\000"
 565      676E6564 
 565      20696E74 
 565      00
 566              	.LASF7:
 567 01b6 6C6F6E67 		.ascii	"long long unsigned int\000"
 567      206C6F6E 
 567      6720756E 
 567      7369676E 
 567      65642069 
 568              	.LASF20:
 569 01cd 49325366 		.ascii	"I2Sfive_Enable\000"
 569      6976655F 
 569      456E6162 
 569      6C6500
 570              	.LASF6:
 571 01dc 6C6F6E67 		.ascii	"long long int\000"
 571      206C6F6E 
 571      6720696E 
 571      7400
 572              	.LASF11:
 573 01ea 63686172 		.ascii	"char\000"
 573      00
 574              	.LASF2:
 575 01ef 73686F72 		.ascii	"short int\000"
 575      7420696E 
 575      7400
 576              	.LASF12:
 577 01f9 75696E74 		.ascii	"uint8\000"
 577      3800
 578              	.LASF4:
 579 01ff 6C6F6E67 		.ascii	"long int\000"
 579      20696E74 
 579      00
 580              	.LASF25:
 581 0208 656E6162 		.ascii	"enableState\000"
 581      6C655374 
ARM GAS  C:\Users\tardi\AppData\Local\Temp\cczmv2PE.s 			page 15


 581      61746500 
 582              	.LASF0:
 583 0214 7369676E 		.ascii	"signed char\000"
 583      65642063 
 583      68617200 
 584              	.LASF21:
 585 0220 49325366 		.ascii	"I2Sfive_EnableRx\000"
 585      6976655F 
 585      456E6162 
 585      6C655278 
 585      00
 586              	.LASF19:
 587 0231 49325366 		.ascii	"I2Sfive_Stop\000"
 587      6976655F 
 587      53746F70 
 587      00
 588              		.ident	"GCC: (GNU Tools for ARM Embedded Processors) 5.4.1 20160609 (release) [ARM/embedded-5-bran
